nohup: ignoring input
cuda:3
Namespace(batch_size=145, data_root='./datasets', eta=0, exp_dir='./save/CCFC++/Img', global_lr=1, image_size=224, k=10, latent_dim=256, lbd=0.1, lr=0.0005, mini_bs=145, n_clients=1, num_proj_layers=2, num_workers=6, p=0.0, pre_hidden_dim=64, proj_hidden_dim=512, resnet='ResNet18', seed=66, test_image_size=256, trial='v1')
Global  NMI = 0.1499 ARI = 0.0709 F = 0.1726 ACC = 0.2388
backbone.conv1.weight
backbone.bn1.weight
backbone.bn1.bias
backbone.bn1.running_mean
backbone.bn1.running_var
backbone.bn1.num_batches_tracked
backbone.layer1.0.conv1.weight
backbone.layer1.0.bn1.weight
backbone.layer1.0.bn1.bias
backbone.layer1.0.bn1.running_mean
backbone.layer1.0.bn1.running_var
backbone.layer1.0.bn1.num_batches_tracked
backbone.layer1.0.conv2.weight
backbone.layer1.0.bn2.weight
backbone.layer1.0.bn2.bias
backbone.layer1.0.bn2.running_mean
backbone.layer1.0.bn2.running_var
backbone.layer1.0.bn2.num_batches_tracked
backbone.layer1.1.conv1.weight
backbone.layer1.1.bn1.weight
backbone.layer1.1.bn1.bias
backbone.layer1.1.bn1.running_mean
backbone.layer1.1.bn1.running_var
backbone.layer1.1.bn1.num_batches_tracked
backbone.layer1.1.conv2.weight
backbone.layer1.1.bn2.weight
backbone.layer1.1.bn2.bias
backbone.layer1.1.bn2.running_mean
backbone.layer1.1.bn2.running_var
backbone.layer1.1.bn2.num_batches_tracked
backbone.layer2.0.conv1.weight
backbone.layer2.0.bn1.weight
backbone.layer2.0.bn1.bias
backbone.layer2.0.bn1.running_mean
backbone.layer2.0.bn1.running_var
backbone.layer2.0.bn1.num_batches_tracked
backbone.layer2.0.conv2.weight
backbone.layer2.0.bn2.weight
backbone.layer2.0.bn2.bias
backbone.layer2.0.bn2.running_mean
backbone.layer2.0.bn2.running_var
backbone.layer2.0.bn2.num_batches_tracked
backbone.layer2.0.downsample.0.weight
backbone.layer2.0.downsample.1.weight
backbone.layer2.0.downsample.1.bias
backbone.layer2.0.downsample.1.running_mean
backbone.layer2.0.downsample.1.running_var
backbone.layer2.0.downsample.1.num_batches_tracked
backbone.layer2.1.conv1.weight
backbone.layer2.1.bn1.weight
backbone.layer2.1.bn1.bias
backbone.layer2.1.bn1.running_mean
backbone.layer2.1.bn1.running_var
backbone.layer2.1.bn1.num_batches_tracked
backbone.layer2.1.conv2.weight
backbone.layer2.1.bn2.weight
backbone.layer2.1.bn2.bias
backbone.layer2.1.bn2.running_mean
backbone.layer2.1.bn2.running_var
backbone.layer2.1.bn2.num_batches_tracked
backbone.layer3.0.conv1.weight
backbone.layer3.0.bn1.weight
backbone.layer3.0.bn1.bias
backbone.layer3.0.bn1.running_mean
backbone.layer3.0.bn1.running_var
backbone.layer3.0.bn1.num_batches_tracked
backbone.layer3.0.conv2.weight
backbone.layer3.0.bn2.weight
backbone.layer3.0.bn2.bias
backbone.layer3.0.bn2.running_mean
backbone.layer3.0.bn2.running_var
backbone.layer3.0.bn2.num_batches_tracked
backbone.layer3.0.downsample.0.weight
backbone.layer3.0.downsample.1.weight
backbone.layer3.0.downsample.1.bias
backbone.layer3.0.downsample.1.running_mean
backbone.layer3.0.downsample.1.running_var
backbone.layer3.0.downsample.1.num_batches_tracked
backbone.layer3.1.conv1.weight
backbone.layer3.1.bn1.weight
backbone.layer3.1.bn1.bias
backbone.layer3.1.bn1.running_mean
backbone.layer3.1.bn1.running_var
backbone.layer3.1.bn1.num_batches_tracked
backbone.layer3.1.conv2.weight
backbone.layer3.1.bn2.weight
backbone.layer3.1.bn2.bias
backbone.layer3.1.bn2.running_mean
backbone.layer3.1.bn2.running_var
backbone.layer3.1.bn2.num_batches_tracked
backbone.layer4.0.conv1.weight
backbone.layer4.0.bn1.weight
backbone.layer4.0.bn1.bias
backbone.layer4.0.bn1.running_mean
backbone.layer4.0.bn1.running_var
backbone.layer4.0.bn1.num_batches_tracked
backbone.layer4.0.conv2.weight
backbone.layer4.0.bn2.weight
backbone.layer4.0.bn2.bias
backbone.layer4.0.bn2.running_mean
backbone.layer4.0.bn2.running_var
backbone.layer4.0.bn2.num_batches_tracked
backbone.layer4.0.downsample.0.weight
backbone.layer4.0.downsample.1.weight
backbone.layer4.0.downsample.1.bias
backbone.layer4.0.downsample.1.running_mean
backbone.layer4.0.downsample.1.running_var
backbone.layer4.0.downsample.1.num_batches_tracked
backbone.layer4.1.conv1.weight
backbone.layer4.1.bn1.weight
backbone.layer4.1.bn1.bias
backbone.layer4.1.bn1.running_mean
backbone.layer4.1.bn1.running_var
backbone.layer4.1.bn1.num_batches_tracked
backbone.layer4.1.conv2.weight
backbone.layer4.1.bn2.weight
backbone.layer4.1.bn2.bias
backbone.layer4.1.bn2.running_mean
backbone.layer4.1.bn2.running_var
backbone.layer4.1.bn2.num_batches_tracked
projector.layer1.0.weight
projector.layer1.0.bias
projector.layer1.1.weight
projector.layer1.1.bias
projector.layer1.1.running_mean
projector.layer1.1.running_var
projector.layer1.1.num_batches_tracked
projector.layer2.0.weight
projector.layer2.0.bias
projector.layer2.1.weight
projector.layer2.1.bias
projector.layer2.1.running_mean
projector.layer2.1.running_var
projector.layer2.1.num_batches_tracked
projector.layer3.0.weight
projector.layer3.0.bias
predictor.layer1.0.weight
predictor.layer1.0.bias
predictor.layer1.1.weight
predictor.layer1.1.bias
predictor.layer1.1.running_mean
predictor.layer1.1.running_var
predictor.layer1.1.num_batches_tracked
predictor.layer2.weight
predictor.layer2.bias
Round:  0 Train Loss: -1.197
Global  NMI = 0.1728 ARI = 0.0474 F = 0.3109 ACC = 0.2050
Round:  1 Train Loss: -1.787
Global  NMI = 0.1687 ARI = 0.0337 F = 0.3034 ACC = 0.1762
Round:  2 Train Loss: -1.829
Global  NMI = 0.1588 ARI = 0.0300 F = 0.2893 ACC = 0.1688
Round:  3 Train Loss: -1.831
Global  NMI = 0.1527 ARI = 0.0420 F = 0.2616 ACC = 0.1876
Round:  4 Train Loss: -1.867
Global  NMI = 0.1515 ARI = 0.0438 F = 0.2749 ACC = 0.1986
Round:  5 Train Loss: -1.860
Global  NMI = 0.1446 ARI = 0.0226 F = 0.2895 ACC = 0.1364
Round:  6 Train Loss: -1.831
Global  NMI = 0.1565 ARI = 0.0279 F = 0.2931 ACC = 0.1613
Round:  7 Train Loss: -1.852
Global  NMI = 0.1520 ARI = 0.0305 F = 0.2842 ACC = 0.1642
Round:  8 Train Loss: -1.863
Global  NMI = 0.1518 ARI = 0.0225 F = 0.2948 ACC = 0.1399
Round:  9 Train Loss: -1.919
Global  NMI = 0.1426 ARI = 0.0234 F = 0.2852 ACC = 0.1388
Round:  10 Train Loss: -1.895
Global  NMI = 0.1406 ARI = 0.0207 F = 0.2932 ACC = 0.1437
Round:  11 Train Loss: -1.860
Global  NMI = 0.1432 ARI = 0.0192 F = 0.2976 ACC = 0.1266
Round:  12 Train Loss: -1.907
Global  NMI = 0.1523 ARI = 0.0303 F = 0.2753 ACC = 0.1593
Round:  13 Train Loss: -1.878
Global  NMI = 0.1624 ARI = 0.0358 F = 0.2653 ACC = 0.1792
Round:  14 Train Loss: -1.918
Global  NMI = 0.1412 ARI = 0.0253 F = 0.2778 ACC = 0.1414
Round:  15 Train Loss: -1.904
Global  NMI = 0.1434 ARI = 0.0190 F = 0.3003 ACC = 0.1368
Round:  16 Train Loss: -1.895
Global  NMI = 0.1440 ARI = 0.0229 F = 0.2880 ACC = 0.1446
Round:  17 Train Loss: -1.924
Global  NMI = 0.1586 ARI = 0.0344 F = 0.2690 ACC = 0.1616
Round:  18 Train Loss: -1.901
Global  NMI = 0.1605 ARI = 0.0394 F = 0.2572 ACC = 0.1668
Round:  19 Train Loss: -1.876
Global  NMI = 0.1594 ARI = 0.0302 F = 0.2771 ACC = 0.1469
Round:  20 Train Loss: -1.925
Global  NMI = 0.1531 ARI = 0.0387 F = 0.2628 ACC = 0.1739
Round:  21 Train Loss: -1.887
Global  NMI = 0.1553 ARI = 0.0349 F = 0.2608 ACC = 0.1563
Round:  22 Train Loss: -1.932
Global  NMI = 0.1574 ARI = 0.0369 F = 0.2578 ACC = 0.1548
Round:  23 Train Loss: -1.948
Global  NMI = 0.1517 ARI = 0.0283 F = 0.2817 ACC = 0.1483
Round:  24 Train Loss: -1.929
Global  NMI = 0.1500 ARI = 0.0399 F = 0.2489 ACC = 0.1579
Round:  25 Train Loss: -1.929
Global  NMI = 0.1529 ARI = 0.0458 F = 0.2285 ACC = 0.1697
Round:  26 Train Loss: -1.923
Global  NMI = 0.1506 ARI = 0.0523 F = 0.1952 ACC = 0.1839
Round:  27 Train Loss: -1.925
Global  NMI = 0.1582 ARI = 0.0499 F = 0.2275 ACC = 0.1710
Round:  28 Train Loss: -1.911
Global  NMI = 0.1420 ARI = 0.0404 F = 0.2009 ACC = 0.1738
Round:  29 Train Loss: -1.960
Global  NMI = 0.1623 ARI = 0.0453 F = 0.2649 ACC = 0.1842
Round:  30 Train Loss: -1.959
Global  NMI = 0.1567 ARI = 0.0459 F = 0.2456 ACC = 0.1755
Round:  31 Train Loss: -1.966
Global  NMI = 0.1301 ARI = 0.0135 F = 0.3058 ACC = 0.1198
Round:  32 Train Loss: -1.957
Global  NMI = 0.1561 ARI = 0.0470 F = 0.2416 ACC = 0.1787
Round:  33 Train Loss: -1.964
Global  NMI = 0.1555 ARI = 0.0348 F = 0.2704 ACC = 0.1689
Round:  34 Train Loss: -1.980
Global  NMI = 0.1128 ARI = 0.0107 F = 0.3051 ACC = 0.1202
Round:  35 Train Loss: -1.978
Global  NMI = 0.1352 ARI = 0.0307 F = 0.2511 ACC = 0.1668
Round:  36 Train Loss: -1.975
Global  NMI = 0.1315 ARI = 0.0315 F = 0.2523 ACC = 0.1741
Round:  37 Train Loss: -1.962
Global  NMI = 0.1539 ARI = 0.0457 F = 0.2289 ACC = 0.1863
Round:  38 Train Loss: -1.961
Global  NMI = 0.1377 ARI = 0.0411 F = 0.2146 ACC = 0.1890
Round:  39 Train Loss: -1.966
Global  NMI = 0.1293 ARI = 0.0352 F = 0.2186 ACC = 0.1896
Round:  40 Train Loss: -1.948
Global  NMI = 0.1500 ARI = 0.0312 F = 0.2697 ACC = 0.1684
Round:  41 Train Loss: -1.963
Global  NMI = 0.1618 ARI = 0.0352 F = 0.2693 ACC = 0.1602
Round:  42 Train Loss: -1.954
Global  NMI = 0.1617 ARI = 0.0397 F = 0.2628 ACC = 0.1659
Round:  43 Train Loss: -1.948
Global  NMI = 0.1528 ARI = 0.0449 F = 0.2411 ACC = 0.1719
Round:  44 Train Loss: -1.970
Global  NMI = 0.1392 ARI = 0.0288 F = 0.2718 ACC = 0.1621
Round:  45 Train Loss: -1.988
Global  NMI = 0.1270 ARI = 0.0241 F = 0.2711 ACC = 0.1626
Round:  46 Train Loss: -1.985
Global  NMI = 0.1284 ARI = 0.0138 F = 0.3058 ACC = 0.1248
Round:  47 Train Loss: -1.980
Global  NMI = 0.1191 ARI = 0.0116 F = 0.3063 ACC = 0.1240
Round:  48 Train Loss: -1.975
Global  NMI = 0.1113 ARI = 0.0207 F = 0.2515 ACC = 0.1645
Round:  49 Train Loss: -1.972
Global  NMI = 0.1271 ARI = 0.0281 F = 0.2553 ACC = 0.1672
Round:  50 Train Loss: -1.981
Global  NMI = 0.1047 ARI = 0.0087 F = 0.3059 ACC = 0.1149
Round:  51 Train Loss: -1.966
Global  NMI = 0.1423 ARI = 0.0393 F = 0.2384 ACC = 0.1851
Round:  52 Train Loss: -1.982
Global  NMI = 0.0945 ARI = 0.0068 F = 0.3082 ACC = 0.1212
Round:  53 Train Loss: -1.994
Global  NMI = 0.1065 ARI = 0.0091 F = 0.3092 ACC = 0.1285
Round:  54 Train Loss: -1.993
Global  NMI = 0.0952 ARI = 0.0068 F = 0.3084 ACC = 0.1212
Round:  55 Train Loss: -1.993
Global  NMI = 0.1062 ARI = 0.0092 F = 0.3085 ACC = 0.1275
Round:  56 Train Loss: -1.990
Global  NMI = 0.0990 ARI = 0.0071 F = 0.3076 ACC = 0.1146
Round:  57 Train Loss: -1.987
Global  NMI = 0.1045 ARI = 0.0085 F = 0.3068 ACC = 0.1198
Round:  58 Train Loss: -1.987
Global  NMI = 0.1283 ARI = 0.0149 F = 0.3072 ACC = 0.1358
Round:  59 Train Loss: -1.989
Global  NMI = 0.1069 ARI = 0.0087 F = 0.3075 ACC = 0.1204
Round:  60 Train Loss: -1.988
Global  NMI = 0.1148 ARI = 0.0100 F = 0.3071 ACC = 0.1183
Round:  61 Train Loss: -1.987
Global  NMI = 0.1112 ARI = 0.0098 F = 0.3073 ACC = 0.1223
Round:  62 Train Loss: -1.984
Global  NMI = 0.1423 ARI = 0.0309 F = 0.2720 ACC = 0.1689
Round:  63 Train Loss: -1.984
Global  NMI = 0.1374 ARI = 0.0310 F = 0.2741 ACC = 0.1700
Round:  64 Train Loss: -1.983
Global  NMI = 0.1087 ARI = 0.0095 F = 0.3072 ACC = 0.1225
Round:  65 Train Loss: -1.984
Global  NMI = 0.1018 ARI = 0.0079 F = 0.3078 ACC = 0.1202
Round:  66 Train Loss: -1.985
Global  NMI = 0.1041 ARI = 0.0201 F = 0.2461 ACC = 0.1573
Round:  67 Train Loss: -1.985
Global  NMI = 0.1034 ARI = 0.0135 F = 0.2785 ACC = 0.1388
Round:  68 Train Loss: -1.984
Global  NMI = 0.1373 ARI = 0.0362 F = 0.2512 ACC = 0.1687
Round:  69 Train Loss: -1.979
Global  NMI = 0.1557 ARI = 0.0433 F = 0.2506 ACC = 0.1691
Round:  70 Train Loss: -1.974
Global  NMI = 0.1541 ARI = 0.0255 F = 0.2954 ACC = 0.1483
Round:  71 Train Loss: -1.984
Global  NMI = 0.1096 ARI = 0.0097 F = 0.3068 ACC = 0.1226
Round:  72 Train Loss: -1.987
Global  NMI = 0.1073 ARI = 0.0093 F = 0.3068 ACC = 0.1215
Round:  73 Train Loss: -1.978
Global  NMI = 0.0997 ARI = 0.0081 F = 0.3074 ACC = 0.1232
Round:  74 Train Loss: -1.976
Global  NMI = 0.1311 ARI = 0.0162 F = 0.3006 ACC = 0.1279
Round:  75 Train Loss: -1.963
Global  NMI = 0.0969 ARI = 0.0073 F = 0.3070 ACC = 0.1171
Round:  76 Train Loss: -1.938
Global  NMI = 0.1046 ARI = 0.0085 F = 0.3080 ACC = 0.1234
Round:  77 Train Loss: -1.901
Global  NMI = 0.1347 ARI = 0.0147 F = 0.3058 ACC = 0.1191
Round:  78 Train Loss: -1.954
Global  NMI = 0.1282 ARI = 0.0131 F = 0.3056 ACC = 0.1153
Round:  79 Train Loss: -1.974
Global  NMI = 0.1098 ARI = 0.0094 F = 0.3075 ACC = 0.1196
Round:  80 Train Loss: -1.972
Global  NMI = 0.1373 ARI = 0.0161 F = 0.3063 ACC = 0.1267
Round:  81 Train Loss: -1.970
Global  NMI = 0.1409 ARI = 0.0188 F = 0.3041 ACC = 0.1338
Round:  82 Train Loss: -1.973
Global  NMI = 0.1437 ARI = 0.0183 F = 0.3064 ACC = 0.1332
Round:  83 Train Loss: -1.970
Global  NMI = 0.1318 ARI = 0.0149 F = 0.3072 ACC = 0.1278
Round:  84 Train Loss: -1.966
Global  NMI = 0.1203 ARI = 0.0117 F = 0.3061 ACC = 0.1222
Round:  85 Train Loss: -1.965
Global  NMI = 0.1110 ARI = 0.0100 F = 0.3071 ACC = 0.1225
Round:  86 Train Loss: -1.938
Global  NMI = 0.1524 ARI = 0.0223 F = 0.2995 ACC = 0.1396
Round:  87 Train Loss: -1.963
Global  NMI = 0.1122 ARI = 0.0101 F = 0.3072 ACC = 0.1215
Round:  88 Train Loss: -1.978
Global  NMI = 0.1171 ARI = 0.0114 F = 0.3086 ACC = 0.1278
Round:  89 Train Loss: -1.955
Global  NMI = 0.1311 ARI = 0.0150 F = 0.3049 ACC = 0.1263
Round:  90 Train Loss: -1.974
Global  NMI = 0.1073 ARI = 0.0091 F = 0.3063 ACC = 0.1158
Round:  91 Train Loss: -1.987
Global  NMI = 0.0980 ARI = 0.0073 F = 0.3077 ACC = 0.1183
Round:  92 Train Loss: -1.988
Global  NMI = 0.1050 ARI = 0.0083 F = 0.3069 ACC = 0.1147
Round:  93 Train Loss: -1.984
Global  NMI = 0.0908 ARI = 0.0058 F = 0.3078 ACC = 0.1124
Round:  94 Train Loss: -1.982
Global  NMI = 0.0939 ARI = 0.0066 F = 0.3080 ACC = 0.1179
Round:  95 Train Loss: -1.978
Global  NMI = 0.1121 ARI = 0.0096 F = 0.3077 ACC = 0.1178
Round:  96 Train Loss: -1.975
Global  NMI = 0.1147 ARI = 0.0115 F = 0.3086 ACC = 0.1305
Round:  97 Train Loss: -1.972
Global  NMI = 0.1047 ARI = 0.0084 F = 0.3081 ACC = 0.1200
Round:  98 Train Loss: -1.986
Global  NMI = 0.0927 ARI = 0.0066 F = 0.3067 ACC = 0.1152
Round:  99 Train Loss: -1.987
Global  NMI = 0.0832 ARI = 0.0051 F = 0.3074 ACC = 0.1143
Round:  100 Train Loss: -1.977
Global  NMI = 0.0953 ARI = 0.0069 F = 0.3073 ACC = 0.1181
Round:  101 Train Loss: -1.977
Global  NMI = 0.0947 ARI = 0.0068 F = 0.3075 ACC = 0.1173
Round:  102 Train Loss: -1.981
Global  NMI = 0.0937 ARI = 0.0069 F = 0.3079 ACC = 0.1210
Round:  103 Train Loss: -1.988
Global  NMI = 0.1058 ARI = 0.0090 F = 0.3077 ACC = 0.1235
Round:  104 Train Loss: -1.986
Global  NMI = 0.1083 ARI = 0.0093 F = 0.3069 ACC = 0.1222
Round:  105 Train Loss: -1.978
Global  NMI = 0.1332 ARI = 0.0219 F = 0.2783 ACC = 0.1472
Round:  106 Train Loss: -1.975
Global  NMI = 0.1157 ARI = 0.0107 F = 0.3052 ACC = 0.1194
Round:  107 Train Loss: -1.969
Global  NMI = 0.1044 ARI = 0.0084 F = 0.3073 ACC = 0.1197
Round:  108 Train Loss: -1.983
Global  NMI = 0.1009 ARI = 0.0078 F = 0.3078 ACC = 0.1196
Round:  109 Train Loss: -1.977
Global  NMI = 0.1663 ARI = 0.0263 F = 0.2987 ACC = 0.1537
Round:  110 Train Loss: -1.936
Global  NMI = 0.1627 ARI = 0.0229 F = 0.3009 ACC = 0.1398
Round:  111 Train Loss: -1.960
Global  NMI = 0.1574 ARI = 0.0240 F = 0.2960 ACC = 0.1471
Round:  112 Train Loss: -1.978
Global  NMI = 0.1472 ARI = 0.0191 F = 0.3012 ACC = 0.1319
Round:  113 Train Loss: -1.965
Global  NMI = 0.1562 ARI = 0.0268 F = 0.2867 ACC = 0.1508
Round:  114 Train Loss: -1.974
Global  NMI = 0.1514 ARI = 0.0227 F = 0.2933 ACC = 0.1379
Round:  115 Train Loss: -1.982
Global  NMI = 0.1479 ARI = 0.0212 F = 0.2965 ACC = 0.1349
Round:  116 Train Loss: -1.976
Global  NMI = 0.1592 ARI = 0.0254 F = 0.2919 ACC = 0.1446
Round:  117 Train Loss: -1.979
Global  NMI = 0.1485 ARI = 0.0209 F = 0.2959 ACC = 0.1333
Round:  118 Train Loss: -1.979
Global  NMI = 0.1547 ARI = 0.0244 F = 0.2899 ACC = 0.1384
Round:  119 Train Loss: -1.979
Global  NMI = 0.1565 ARI = 0.0269 F = 0.2843 ACC = 0.1445
Round:  120 Train Loss: -1.982
Global  NMI = 0.1572 ARI = 0.0275 F = 0.2821 ACC = 0.1455
Round:  121 Train Loss: -1.983
Global  NMI = 0.1456 ARI = 0.0285 F = 0.2491 ACC = 0.1632
Round:  122 Train Loss: -1.982
Global  NMI = 0.1537 ARI = 0.0263 F = 0.2846 ACC = 0.1444
Round:  123 Train Loss: -1.978
Global  NMI = 0.1556 ARI = 0.0282 F = 0.2821 ACC = 0.1478
Round:  124 Train Loss: -1.978
Global  NMI = 0.1544 ARI = 0.0250 F = 0.2897 ACC = 0.1430
Round:  125 Train Loss: -1.973
Global  NMI = 0.1588 ARI = 0.0317 F = 0.2754 ACC = 0.1508
Round:  126 Train Loss: -1.986
Global  NMI = 0.1495 ARI = 0.0298 F = 0.2719 ACC = 0.1518
Round:  127 Train Loss: -1.985
Global  NMI = 0.1559 ARI = 0.0287 F = 0.2803 ACC = 0.1489
Round:  128 Train Loss: -1.982
Global  NMI = 0.1597 ARI = 0.0309 F = 0.2762 ACC = 0.1499
Round:  129 Train Loss: -1.984
Global  NMI = 0.1561 ARI = 0.0305 F = 0.2757 ACC = 0.1492
Round:  130 Train Loss: -1.986
Global  NMI = 0.1466 ARI = 0.0191 F = 0.3020 ACC = 0.1268
Round:  131 Train Loss: -1.982
Global  NMI = 0.1564 ARI = 0.0301 F = 0.2785 ACC = 0.1512
Round:  132 Train Loss: -1.986
Global  NMI = 0.1495 ARI = 0.0210 F = 0.2967 ACC = 0.1305
Round:  133 Train Loss: -1.987
Global  NMI = 0.1495 ARI = 0.0213 F = 0.2951 ACC = 0.1309
Round:  134 Train Loss: -1.985
Global  NMI = 0.1580 ARI = 0.0331 F = 0.2715 ACC = 0.1514
Round:  135 Train Loss: -1.984
Global  NMI = 0.1550 ARI = 0.0270 F = 0.2827 ACC = 0.1432
Round:  136 Train Loss: -1.980
Global  NMI = 0.1574 ARI = 0.0282 F = 0.2825 ACC = 0.1447
Round:  137 Train Loss: -1.987
Global  NMI = 0.1520 ARI = 0.0302 F = 0.2728 ACC = 0.1480
Round:  138 Train Loss: -1.988
Global  NMI = 0.1396 ARI = 0.0170 F = 0.3030 ACC = 0.1213
Round:  139 Train Loss: -1.982
Global  NMI = 0.1605 ARI = 0.0305 F = 0.2779 ACC = 0.1467
Round:  140 Train Loss: -1.978
Global  NMI = 0.1634 ARI = 0.0371 F = 0.2698 ACC = 0.1605
Round:  141 Train Loss: -1.974
Global  NMI = 0.1538 ARI = 0.0252 F = 0.2860 ACC = 0.1393
Round:  142 Train Loss: -1.979
Global  NMI = 0.1576 ARI = 0.0272 F = 0.2843 ACC = 0.1455
Round:  143 Train Loss: -1.981
Global  NMI = 0.1535 ARI = 0.0231 F = 0.2937 ACC = 0.1328
Round:  144 Train Loss: -1.980
Global  NMI = 0.1525 ARI = 0.0226 F = 0.2923 ACC = 0.1315
Round:  145 Train Loss: -1.973
Global  NMI = 0.1465 ARI = 0.0209 F = 0.2967 ACC = 0.1282
Round:  146 Train Loss: -1.980
Global  NMI = 0.1382 ARI = 0.0156 F = 0.3053 ACC = 0.1205
Round:  147 Train Loss: -1.975
Global  NMI = 0.1545 ARI = 0.0316 F = 0.2717 ACC = 0.1495
Round:  148 Train Loss: -1.973
Global  NMI = 0.1389 ARI = 0.0170 F = 0.3032 ACC = 0.1238
Round:  149 Train Loss: -1.963
Global  NMI = 0.1539 ARI = 0.0292 F = 0.2803 ACC = 0.1457
Round:  150 Train Loss: -1.985
Global  NMI = 0.1332 ARI = 0.0147 F = 0.3045 ACC = 0.1180
Round:  151 Train Loss: -1.984
Global  NMI = 0.1354 ARI = 0.0154 F = 0.3045 ACC = 0.1205
Round:  152 Train Loss: -1.977
Global  NMI = 0.1364 ARI = 0.0155 F = 0.3057 ACC = 0.1227
Round:  153 Train Loss: -1.976
Global  NMI = 0.1384 ARI = 0.0166 F = 0.3030 ACC = 0.1259
Round:  154 Train Loss: -1.976
Global  NMI = 0.1308 ARI = 0.0140 F = 0.3069 ACC = 0.1236
Round:  155 Train Loss: -1.981
Global  NMI = 0.1379 ARI = 0.0160 F = 0.3039 ACC = 0.1212
Round:  156 Train Loss: -1.985
Global  NMI = 0.1452 ARI = 0.0190 F = 0.2991 ACC = 0.1302
Round:  157 Train Loss: -1.983
Global  NMI = 0.1491 ARI = 0.0203 F = 0.2989 ACC = 0.1298
Round:  158 Train Loss: -1.975
Global  NMI = 0.1612 ARI = 0.0345 F = 0.2765 ACC = 0.1541
Round:  159 Train Loss: -1.977
Global  NMI = 0.1645 ARI = 0.0340 F = 0.2776 ACC = 0.1522
Round:  160 Train Loss: -1.975
Global  NMI = 0.1522 ARI = 0.0290 F = 0.2772 ACC = 0.1479
Round:  161 Train Loss: -1.975
Global  NMI = 0.1522 ARI = 0.0230 F = 0.2932 ACC = 0.1380
Round:  162 Train Loss: -1.975
Global  NMI = 0.1383 ARI = 0.0161 F = 0.3036 ACC = 0.1217
Round:  163 Train Loss: -1.981
Global  NMI = 0.1298 ARI = 0.0135 F = 0.3046 ACC = 0.1182
Round:  164 Train Loss: -1.980
Global  NMI = 0.1418 ARI = 0.0177 F = 0.3011 ACC = 0.1234
Round:  165 Train Loss: -1.983
Global  NMI = 0.1549 ARI = 0.0248 F = 0.2909 ACC = 0.1383
Round:  166 Train Loss: -1.983
Global  NMI = 0.1589 ARI = 0.0283 F = 0.2832 ACC = 0.1428
Round:  167 Train Loss: -1.985
Global  NMI = 0.1600 ARI = 0.0305 F = 0.2803 ACC = 0.1459
Round:  168 Train Loss: -1.984
Global  NMI = 0.1375 ARI = 0.0160 F = 0.3037 ACC = 0.1215
Round:  169 Train Loss: -1.986
Global  NMI = 0.1295 ARI = 0.0133 F = 0.3071 ACC = 0.1215
Round:  170 Train Loss: -1.982
Global  NMI = 0.1397 ARI = 0.0164 F = 0.3047 ACC = 0.1255
Round:  171 Train Loss: -1.983
Global  NMI = 0.1374 ARI = 0.0161 F = 0.3039 ACC = 0.1244
Round:  172 Train Loss: -1.973
Global  NMI = 0.1539 ARI = 0.0247 F = 0.2916 ACC = 0.1428
Round:  173 Train Loss: -1.984
Global  NMI = 0.1468 ARI = 0.0217 F = 0.2967 ACC = 0.1316
Round:  174 Train Loss: -1.989
Global  NMI = 0.1427 ARI = 0.0191 F = 0.3031 ACC = 0.1298
Round:  175 Train Loss: -1.988
Global  NMI = 0.1600 ARI = 0.0318 F = 0.2812 ACC = 0.1516
Round:  176 Train Loss: -1.986
Global  NMI = 0.1667 ARI = 0.0369 F = 0.2760 ACC = 0.1596
Round:  177 Train Loss: -1.987
Global  NMI = 0.1697 ARI = 0.0422 F = 0.2790 ACC = 0.1680
Round:  178 Train Loss: -1.987
Global  NMI = 0.1486 ARI = 0.0208 F = 0.2975 ACC = 0.1297
Round:  179 Train Loss: -1.984
Global  NMI = 0.1701 ARI = 0.0439 F = 0.2685 ACC = 0.1686
Round:  180 Train Loss: -1.984
Global  NMI = 0.1511 ARI = 0.0282 F = 0.2782 ACC = 0.1509
Round:  181 Train Loss: -1.984
Global  NMI = 0.1655 ARI = 0.0370 F = 0.2712 ACC = 0.1586
Round:  182 Train Loss: -1.985
Global  NMI = 0.1572 ARI = 0.0274 F = 0.2851 ACC = 0.1455
Round:  183 Train Loss: -1.986
Global  NMI = 0.1643 ARI = 0.0330 F = 0.2795 ACC = 0.1560
Round:  184 Train Loss: -1.988
Global  NMI = 0.1535 ARI = 0.0229 F = 0.2948 ACC = 0.1338
Round:  185 Train Loss: -1.987
Global  NMI = 0.1672 ARI = 0.0400 F = 0.2704 ACC = 0.1626
Round:  186 Train Loss: -1.988
Global  NMI = 0.1436 ARI = 0.0181 F = 0.3024 ACC = 0.1249
Round:  187 Train Loss: -1.986
Global  NMI = 0.1542 ARI = 0.0231 F = 0.2942 ACC = 0.1354
Round:  188 Train Loss: -1.985
Global  NMI = 0.1708 ARI = 0.0394 F = 0.2718 ACC = 0.1628
Round:  189 Train Loss: -1.983
Global  NMI = 0.1348 ARI = 0.0147 F = 0.3057 ACC = 0.1202
Round:  190 Train Loss: -1.973
Global  NMI = 0.1491 ARI = 0.0235 F = 0.3023 ACC = 0.1395
Round:  191 Train Loss: -1.997
Global  NMI = 0.1039 ARI = 0.0084 F = 0.3076 ACC = 0.1190
Round:  192 Train Loss: -1.997
Global  NMI = 0.0952 ARI = 0.0069 F = 0.3077 ACC = 0.1179
Round:  193 Train Loss: -1.997
Global  NMI = 0.0975 ARI = 0.0072 F = 0.3075 ACC = 0.1158
Round:  194 Train Loss: -1.997
Global  NMI = 0.1050 ARI = 0.0083 F = 0.3077 ACC = 0.1178
Round:  195 Train Loss: -1.997
Global  NMI = 0.1375 ARI = 0.0168 F = 0.3060 ACC = 0.1297
Round:  196 Train Loss: -1.997
Global  NMI = 0.1343 ARI = 0.0164 F = 0.3073 ACC = 0.1331
Round:  197 Train Loss: -1.997
Global  NMI = 0.1090 ARI = 0.0092 F = 0.3077 ACC = 0.1197
Round:  198 Train Loss: -1.997
Global  NMI = 0.1109 ARI = 0.0094 F = 0.3075 ACC = 0.1181
Round:  199 Train Loss: -1.997
Global  NMI = 0.1101 ARI = 0.0092 F = 0.3077 ACC = 0.1187
Global  NMI = 0.1102 ARI = 0.0093 F = 0.3078 ACC = 0.1187
pseudo_labels 13000
training on: cuda:3
Round:  0 Train Loss: -0.996
Global  NMI = 0.1026 ARI = 0.0076 F = 0.3077 ACC = 0.1138
Round:  1 Train Loss: -0.997
Global  NMI = 0.1497 ARI = 0.0278 F = 0.3080 ACC = 0.1603
Round:  2 Train Loss: -0.995
Global  NMI = 0.1458 ARI = 0.0188 F = 0.3085 ACC = 0.1388
Round:  3 Train Loss: -0.995
Global  NMI = 0.1406 ARI = 0.0163 F = 0.3079 ACC = 0.1315
Round:  4 Train Loss: -0.997
Global  NMI = 0.1280 ARI = 0.0137 F = 0.3085 ACC = 0.1315
Round:  5 Train Loss: -0.997
Global  NMI = 0.1311 ARI = 0.0153 F = 0.3084 ACC = 0.1342
Round:  6 Train Loss: -0.993
Global  NMI = 0.0884 ARI = 0.0059 F = 0.3087 ACC = 0.1205
Round:  7 Train Loss: -0.996
Global  NMI = 0.0905 ARI = 0.0055 F = 0.3084 ACC = 0.1125
Round:  8 Train Loss: -0.995
Global  NMI = 0.1072 ARI = 0.0081 F = 0.3087 ACC = 0.1190
Round:  9 Train Loss: -0.996
Global  NMI = 0.1085 ARI = 0.0090 F = 0.3093 ACC = 0.1265
Round:  10 Train Loss: -0.993
Global  NMI = 0.1535 ARI = 0.0211 F = 0.3095 ACC = 0.1382
Round:  11 Train Loss: -0.998
Global  NMI = 0.1579 ARI = 0.0231 F = 0.3092 ACC = 0.1425
Round:  12 Train Loss: -0.997
Global  NMI = 0.1076 ARI = 0.0091 F = 0.3080 ACC = 0.1212
Round:  13 Train Loss: -0.997
Global  NMI = 0.0893 ARI = 0.0058 F = 0.3081 ACC = 0.1173
Round:  14 Train Loss: -0.999
Global  NMI = 0.0971 ARI = 0.0072 F = 0.3081 ACC = 0.1206
Round:  15 Train Loss: -0.997
Global  NMI = 0.0993 ARI = 0.0083 F = 0.3073 ACC = 0.1242
Round:  16 Train Loss: -0.999
Global  NMI = 0.0907 ARI = 0.0079 F = 0.3079 ACC = 0.1298
Round:  17 Train Loss: -0.998
Global  NMI = 0.0994 ARI = 0.0103 F = 0.3040 ACC = 0.1278
Round:  18 Train Loss: -0.999
Global  NMI = 0.1054 ARI = 0.0169 F = 0.2874 ACC = 0.1383
Round:  19 Train Loss: -0.998
Global  NMI = 0.1098 ARI = 0.0226 F = 0.2797 ACC = 0.1515
Round:  20 Train Loss: -0.999
Global  NMI = 0.1136 ARI = 0.0205 F = 0.2865 ACC = 0.1459
Round:  21 Train Loss: -0.999
Global  NMI = 0.1154 ARI = 0.0213 F = 0.2868 ACC = 0.1454
Round:  22 Train Loss: -0.998
Global  NMI = 0.1084 ARI = 0.0183 F = 0.2916 ACC = 0.1415
Round:  23 Train Loss: -0.998
Global  NMI = 0.0768 ARI = 0.0053 F = 0.3068 ACC = 0.1198
Round:  24 Train Loss: -0.998
Global  NMI = 0.0776 ARI = 0.0050 F = 0.3079 ACC = 0.1215
Round:  25 Train Loss: -0.997
Global  NMI = 0.0789 ARI = 0.0057 F = 0.3082 ACC = 0.1257
Round:  26 Train Loss: -0.998
Global  NMI = 0.1110 ARI = 0.0140 F = 0.3052 ACC = 0.1402
Round:  27 Train Loss: -0.997
Global  NMI = 0.1295 ARI = 0.0230 F = 0.3035 ACC = 0.1535
Round:  28 Train Loss: -0.998
Global  NMI = 0.0576 ARI = 0.0022 F = 0.3091 ACC = 0.1077
Round:  29 Train Loss: -0.999
Global  NMI = 0.0595 ARI = 0.0023 F = 0.3090 ACC = 0.1063
Round:  30 Train Loss: -0.999
Global  NMI = 0.0698 ARI = 0.0037 F = 0.3089 ACC = 0.1181
Round:  31 Train Loss: -0.998
Global  NMI = 0.0683 ARI = 0.0034 F = 0.3091 ACC = 0.1172
Round:  32 Train Loss: -0.997
Global  NMI = 0.1173 ARI = 0.0182 F = 0.2978 ACC = 0.1407
Round:  33 Train Loss: -0.996
Global  NMI = 0.0666 ARI = 0.0034 F = 0.3080 ACC = 0.1152
Round:  34 Train Loss: -0.995
Global  NMI = 0.0588 ARI = 0.0031 F = 0.3071 ACC = 0.1155
Round:  35 Train Loss: -0.997
Global  NMI = 0.0679 ARI = 0.0049 F = 0.3043 ACC = 0.1172
Round:  36 Train Loss: -0.999
Global  NMI = 0.0723 ARI = 0.0056 F = 0.3040 ACC = 0.1190
Round:  37 Train Loss: -0.999
Global  NMI = 0.0668 ARI = 0.0041 F = 0.3083 ACC = 0.1215
Round:  38 Train Loss: -0.997
Global  NMI = 0.0595 ARI = 0.0032 F = 0.3086 ACC = 0.1190
Round:  39 Train Loss: -0.998
Global  NMI = 0.1134 ARI = 0.0137 F = 0.2995 ACC = 0.1234
Round:  40 Train Loss: -0.998
Global  NMI = 0.1283 ARI = 0.0193 F = 0.2902 ACC = 0.1340
Round:  41 Train Loss: -0.999
Global  NMI = 0.1198 ARI = 0.0164 F = 0.2959 ACC = 0.1308
Round:  42 Train Loss: -0.999
Global  NMI = 0.1157 ARI = 0.0146 F = 0.2981 ACC = 0.1287
Round:  43 Train Loss: -1.000
Global  NMI = 0.1171 ARI = 0.0147 F = 0.2986 ACC = 0.1274
Round:  44 Train Loss: -1.000
Global  NMI = 0.1182 ARI = 0.0148 F = 0.2990 ACC = 0.1268
Round:  45 Train Loss: -1.000
Global  NMI = 0.1191 ARI = 0.0150 F = 0.2991 ACC = 0.1282
Round:  46 Train Loss: -1.000
Global  NMI = 0.1187 ARI = 0.0149 F = 0.2993 ACC = 0.1302
Round:  47 Train Loss: -1.000
Global  NMI = 0.1079 ARI = 0.0110 F = 0.3051 ACC = 0.1237
Round:  48 Train Loss: -1.000
Global  NMI = 0.1209 ARI = 0.0147 F = 0.3012 ACC = 0.1266
Round:  49 Train Loss: -1.000
Global  NMI = 0.1206 ARI = 0.0149 F = 0.3009 ACC = 0.1280
Round:  50 Train Loss: -1.000
Global  NMI = 0.1120 ARI = 0.0113 F = 0.3065 ACC = 0.1235
Round:  51 Train Loss: -1.000
Global  NMI = 0.1277 ARI = 0.0163 F = 0.3016 ACC = 0.1297
Round:  52 Train Loss: -1.000
Global  NMI = 0.1309 ARI = 0.0182 F = 0.2994 ACC = 0.1354
Round:  53 Train Loss: -0.999
Global  NMI = 0.1327 ARI = 0.0179 F = 0.3012 ACC = 0.1332
Round:  54 Train Loss: -0.999
Global  NMI = 0.1333 ARI = 0.0183 F = 0.3002 ACC = 0.1341
Round:  55 Train Loss: -1.000
Global  NMI = 0.1153 ARI = 0.0120 F = 0.3071 ACC = 0.1268
Round:  56 Train Loss: -1.000
Global  NMI = 0.1059 ARI = 0.0099 F = 0.3078 ACC = 0.1248
Round:  57 Train Loss: -1.000
Global  NMI = 0.1318 ARI = 0.0153 F = 0.3083 ACC = 0.1296
Round:  58 Train Loss: -1.000
Global  NMI = 0.1125 ARI = 0.0104 F = 0.3084 ACC = 0.1252
Round:  59 Train Loss: -0.999
Global  NMI = 0.1204 ARI = 0.0132 F = 0.3081 ACC = 0.1307
Round:  60 Train Loss: -0.999
Global  NMI = 0.1124 ARI = 0.0114 F = 0.3076 ACC = 0.1285
Round:  61 Train Loss: -0.999
Global  NMI = 0.1249 ARI = 0.0142 F = 0.3078 ACC = 0.1303
Round:  62 Train Loss: -1.000
Global  NMI = 0.1078 ARI = 0.0096 F = 0.3098 ACC = 0.1300
Round:  63 Train Loss: -0.999
Global  NMI = 0.0935 ARI = 0.0075 F = 0.3093 ACC = 0.1293
Round:  64 Train Loss: -0.998
Global  NMI = 0.0584 ARI = 0.0026 F = 0.3096 ACC = 0.1156
Round:  65 Train Loss: -0.999
Global  NMI = 0.0849 ARI = 0.0059 F = 0.3090 ACC = 0.1245
Round:  66 Train Loss: -0.999
Global  NMI = 0.1172 ARI = 0.0120 F = 0.3086 ACC = 0.1319
Round:  67 Train Loss: -0.998
Global  NMI = 0.0859 ARI = 0.0064 F = 0.3091 ACC = 0.1280
Round:  68 Train Loss: -0.998
Global  NMI = 0.0917 ARI = 0.0074 F = 0.3088 ACC = 0.1302
Round:  69 Train Loss: -0.998
Global  NMI = 0.1040 ARI = 0.0104 F = 0.3086 ACC = 0.1372
Round:  70 Train Loss: -0.998
Global  NMI = 0.1155 ARI = 0.0140 F = 0.3091 ACC = 0.1439
Round:  71 Train Loss: -0.998
Global  NMI = 0.1018 ARI = 0.0111 F = 0.3053 ACC = 0.1370
Round:  72 Train Loss: -0.998
Global  NMI = 0.0817 ARI = 0.0063 F = 0.3072 ACC = 0.1293
Round:  73 Train Loss: -0.998
Global  NMI = 0.1167 ARI = 0.0131 F = 0.3066 ACC = 0.1368
Round:  74 Train Loss: -0.998
Global  NMI = 0.1052 ARI = 0.0106 F = 0.3079 ACC = 0.1365
Round:  75 Train Loss: -0.998
Global  NMI = 0.0652 ARI = 0.0043 F = 0.3070 ACC = 0.1246
Round:  76 Train Loss: -0.996
Global  NMI = 0.0203 ARI = 0.0032 F = 0.2750 ACC = 0.1286
Round:  77 Train Loss: -0.996
Global  NMI = 0.0080 ARI = 0.0000 F = 0.3131 ACC = 0.1025
Round:  78 Train Loss: -0.999
Global  NMI = 0.0100 ARI = 0.0001 F = 0.3099 ACC = 0.1047
Round:  79 Train Loss: -0.994
Global  NMI = 0.0080 ARI = 0.0001 F = 0.3123 ACC = 0.1035
Round:  80 Train Loss: -0.992
Global  NMI = 0.0332 ARI = 0.0020 F = 0.2900 ACC = 0.1155
Round:  81 Train Loss: -0.990
Global  NMI = 0.0157 ARI = 0.0002 F = 0.3085 ACC = 0.1050
Round:  82 Train Loss: -0.996
Global  NMI = 0.0083 ARI = 0.0000 F = 0.3129 ACC = 0.1027
Round:  83 Train Loss: -0.996
Global  NMI = 0.0157 ARI = 0.0003 F = 0.3079 ACC = 0.1075
Round:  84 Train Loss: -0.995
Global  NMI = 0.0199 ARI = 0.0008 F = 0.3023 ACC = 0.1119
Round:  85 Train Loss: -0.996
Global  NMI = 0.0134 ARI = 0.0002 F = 0.3084 ACC = 0.1064
Round:  86 Train Loss: -0.997
Global  NMI = 0.0138 ARI = 0.0002 F = 0.3087 ACC = 0.1066
Round:  87 Train Loss: -0.997
Global  NMI = 0.0112 ARI = 0.0001 F = 0.3109 ACC = 0.1038
Round:  88 Train Loss: -0.998
Global  NMI = 0.0189 ARI = 0.0004 F = 0.3050 ACC = 0.1071
Round:  89 Train Loss: -0.996
Global  NMI = 0.0123 ARI = 0.0002 F = 0.3096 ACC = 0.1051
Round:  90 Train Loss: -0.997
Global  NMI = 0.0115 ARI = 0.0001 F = 0.3105 ACC = 0.1044
Round:  91 Train Loss: -0.997
Global  NMI = 0.0109 ARI = 0.0001 F = 0.3108 ACC = 0.1043
Round:  92 Train Loss: -0.997
Global  NMI = 0.0107 ARI = 0.0001 F = 0.3110 ACC = 0.1039
Round:  93 Train Loss: -0.998
Global  NMI = 0.0142 ARI = 0.0002 F = 0.3087 ACC = 0.1057
Round:  94 Train Loss: -0.996
Global  NMI = 0.0103 ARI = 0.0001 F = 0.3110 ACC = 0.1038
Round:  95 Train Loss: -0.997
Global  NMI = 0.0122 ARI = 0.0001 F = 0.3096 ACC = 0.1042
Round:  96 Train Loss: -0.996
Global  NMI = 0.0098 ARI = 0.0001 F = 0.3124 ACC = 0.1028
Round:  97 Train Loss: -0.997
Global  NMI = 0.0116 ARI = 0.0001 F = 0.3111 ACC = 0.1038
Round:  98 Train Loss: -0.998
Global  NMI = 0.0103 ARI = 0.0001 F = 0.3116 ACC = 0.1038
Round:  99 Train Loss: -0.994
Global  NMI = 0.0103 ARI = 0.0001 F = 0.3117 ACC = 0.1035
Round:  100 Train Loss: -0.997
Global  NMI = 0.0127 ARI = 0.0001 F = 0.3100 ACC = 0.1035
Round:  101 Train Loss: -0.993
Global  NMI = 0.0189 ARI = 0.0004 F = 0.3051 ACC = 0.1072
Round:  102 Train Loss: -0.993
Global  NMI = 0.0104 ARI = 0.0001 F = 0.3112 ACC = 0.1034
Round:  103 Train Loss: -0.993
Global  NMI = 0.0128 ARI = 0.0002 F = 0.3100 ACC = 0.1056
Round:  104 Train Loss: -0.987
Global  NMI = 0.0189 ARI = 0.0004 F = 0.3063 ACC = 0.1077
Round:  105 Train Loss: -0.994
Global  NMI = 0.0134 ARI = 0.0001 F = 0.3107 ACC = 0.1041
Round:  106 Train Loss: -0.991
Global  NMI = 0.0117 ARI = 0.0001 F = 0.3114 ACC = 0.1038
Round:  107 Train Loss: -0.992
Global  NMI = 0.0105 ARI = 0.0001 F = 0.3121 ACC = 0.1038
Round:  108 Train Loss: -0.992
Global  NMI = 0.0108 ARI = 0.0001 F = 0.3115 ACC = 0.1043
Round:  109 Train Loss: -0.989
Global  NMI = 0.0119 ARI = 0.0001 F = 0.3106 ACC = 0.1042
Round:  110 Train Loss: -0.994
Global  NMI = 0.0142 ARI = 0.0002 F = 0.3099 ACC = 0.1049
Round:  111 Train Loss: -0.989
Global  NMI = 0.0151 ARI = 0.0003 F = 0.3095 ACC = 0.1069
Round:  112 Train Loss: -0.982
Global  NMI = 0.0196 ARI = 0.0003 F = 0.3073 ACC = 0.1061
Round:  113 Train Loss: -0.992
Global  NMI = 0.0293 ARI = 0.0014 F = 0.3007 ACC = 0.1162
Round:  114 Train Loss: -0.993
Global  NMI = 0.0526 ARI = 0.0065 F = 0.2725 ACC = 0.1370
Round:  115 Train Loss: -0.775
Global  NMI = 0.0615 ARI = 0.0143 F = 0.2584 ACC = 0.1482
Round:  116 Train Loss: -0.888
Global  NMI = 0.0761 ARI = 0.0515 F = 0.1981 ACC = 0.1818
Round:  117 Train Loss: -0.854
Global  NMI = 0.0735 ARI = 0.0402 F = 0.2110 ACC = 0.1735
Round:  118 Train Loss: -0.901
Global  NMI = 0.0818 ARI = 0.0614 F = 0.2171 ACC = 0.1785
Round:  119 Train Loss: -0.854
Global  NMI = 0.0759 ARI = 0.0417 F = 0.2253 ACC = 0.1718
Round:  120 Train Loss: -0.926
Global  NMI = 0.0624 ARI = 0.0149 F = 0.2548 ACC = 0.1557
Round:  121 Train Loss: -0.820
Global  NMI = 0.0626 ARI = 0.0173 F = 0.2525 ACC = 0.1555
Round:  122 Train Loss: -0.877
Global  NMI = 0.0553 ARI = 0.0106 F = 0.2573 ACC = 0.1470
Round:  123 Train Loss: -0.917
Global  NMI = 0.0578 ARI = 0.0119 F = 0.2538 ACC = 0.1460
Round:  124 Train Loss: -0.949
Global  NMI = 0.0557 ARI = 0.0104 F = 0.2585 ACC = 0.1452
Round:  125 Train Loss: -0.960
Global  NMI = 0.0561 ARI = 0.0106 F = 0.2591 ACC = 0.1456
Round:  126 Train Loss: -0.975
Global  NMI = 0.0572 ARI = 0.0123 F = 0.2516 ACC = 0.1481
Round:  127 Train Loss: -0.972
Global  NMI = 0.0567 ARI = 0.0121 F = 0.2514 ACC = 0.1468
Round:  128 Train Loss: -0.976
Global  NMI = 0.0565 ARI = 0.0121 F = 0.2507 ACC = 0.1455
Round:  129 Train Loss: -0.976
Global  NMI = 0.0561 ARI = 0.0111 F = 0.2542 ACC = 0.1460
Round:  130 Train Loss: -0.973
Global  NMI = 0.0552 ARI = 0.0107 F = 0.2547 ACC = 0.1442
Round:  131 Train Loss: -0.974
Global  NMI = 0.0561 ARI = 0.0120 F = 0.2505 ACC = 0.1447
Round:  132 Train Loss: -0.980
Global  NMI = 0.0586 ARI = 0.0130 F = 0.2484 ACC = 0.1479
Round:  133 Train Loss: -0.975
Global  NMI = 0.0578 ARI = 0.0118 F = 0.2526 ACC = 0.1469
Round:  134 Train Loss: -0.977
Global  NMI = 0.0602 ARI = 0.0138 F = 0.2467 ACC = 0.1515
Round:  135 Train Loss: -0.975
Global  NMI = 0.0605 ARI = 0.0136 F = 0.2475 ACC = 0.1522
Round:  136 Train Loss: -0.971
Global  NMI = 0.0603 ARI = 0.0133 F = 0.2480 ACC = 0.1492
Round:  137 Train Loss: -0.978
Global  NMI = 0.0602 ARI = 0.0136 F = 0.2477 ACC = 0.1498
Round:  138 Train Loss: -0.978
Global  NMI = 0.0598 ARI = 0.0134 F = 0.2475 ACC = 0.1504
Round:  139 Train Loss: -0.978
Global  NMI = 0.0598 ARI = 0.0131 F = 0.2485 ACC = 0.1482
Round:  140 Train Loss: -0.981
Global  NMI = 0.0618 ARI = 0.0146 F = 0.2458 ACC = 0.1513
Round:  141 Train Loss: -0.980
Global  NMI = 0.0611 ARI = 0.0140 F = 0.2475 ACC = 0.1492
Round:  142 Train Loss: -0.980
Global  NMI = 0.0625 ARI = 0.0151 F = 0.2455 ACC = 0.1517
Round:  143 Train Loss: -0.979
Global  NMI = 0.0637 ARI = 0.0153 F = 0.2453 ACC = 0.1538
Round:  144 Train Loss: -0.983
Global  NMI = 0.0640 ARI = 0.0160 F = 0.2433 ACC = 0.1535
Round:  145 Train Loss: -0.983
Global  NMI = 0.0654 ARI = 0.0176 F = 0.2412 ACC = 0.1567
Round:  146 Train Loss: -0.979
Global  NMI = 0.0636 ARI = 0.0157 F = 0.2441 ACC = 0.1522
Round:  147 Train Loss: -0.983
Global  NMI = 0.0648 ARI = 0.0166 F = 0.2426 ACC = 0.1533
Round:  148 Train Loss: -0.986
Global  NMI = 0.0682 ARI = 0.0204 F = 0.2364 ACC = 0.1564
Round:  149 Train Loss: -0.987
Global  NMI = 0.0686 ARI = 0.0202 F = 0.2373 ACC = 0.1576
Round:  150 Train Loss: -0.976
Global  NMI = 0.0675 ARI = 0.0195 F = 0.2387 ACC = 0.1588
Round:  151 Train Loss: -0.979
Global  NMI = 0.0663 ARI = 0.0194 F = 0.2370 ACC = 0.1560
Round:  152 Train Loss: -0.978
Global  NMI = 0.0676 ARI = 0.0203 F = 0.2368 ACC = 0.1573
Round:  153 Train Loss: -0.981
Global  NMI = 0.0674 ARI = 0.0204 F = 0.2344 ACC = 0.1555
Round:  154 Train Loss: -0.985
Global  NMI = 0.0674 ARI = 0.0197 F = 0.2378 ACC = 0.1567
Round:  155 Train Loss: -0.987
Global  NMI = 0.0660 ARI = 0.0199 F = 0.2343 ACC = 0.1549
Round:  156 Train Loss: -0.988
Global  NMI = 0.0660 ARI = 0.0178 F = 0.2413 ACC = 0.1540
Round:  157 Train Loss: -0.989
Global  NMI = 0.0662 ARI = 0.0178 F = 0.2410 ACC = 0.1534
Round:  158 Train Loss: -0.987
Global  NMI = 0.0684 ARI = 0.0216 F = 0.2320 ACC = 0.1551
Round:  159 Train Loss: -0.986
Global  NMI = 0.0710 ARI = 0.0235 F = 0.2321 ACC = 0.1584
Round:  160 Train Loss: -0.986
Global  NMI = 0.0680 ARI = 0.0204 F = 0.2348 ACC = 0.1535
Round:  161 Train Loss: -0.988
Global  NMI = 0.0720 ARI = 0.0266 F = 0.2251 ACC = 0.1618
Round:  162 Train Loss: -0.988
Global  NMI = 0.0672 ARI = 0.0205 F = 0.2341 ACC = 0.1537
Round:  163 Train Loss: -0.989
Global  NMI = 0.0666 ARI = 0.0183 F = 0.2394 ACC = 0.1529
Round:  164 Train Loss: -0.988
Global  NMI = 0.0685 ARI = 0.0220 F = 0.2327 ACC = 0.1574
Round:  165 Train Loss: -0.987
Global  NMI = 0.0695 ARI = 0.0226 F = 0.2310 ACC = 0.1556
Round:  166 Train Loss: -0.991
Global  NMI = 0.0700 ARI = 0.0236 F = 0.2297 ACC = 0.1568
Round:  167 Train Loss: -0.989
Global  NMI = 0.0681 ARI = 0.0208 F = 0.2347 ACC = 0.1540
Round:  168 Train Loss: -0.990
Global  NMI = 0.0704 ARI = 0.0243 F = 0.2280 ACC = 0.1572
Round:  169 Train Loss: -0.991
Global  NMI = 0.0663 ARI = 0.0186 F = 0.2382 ACC = 0.1515
Round:  170 Train Loss: -0.989
Global  NMI = 0.0690 ARI = 0.0230 F = 0.2302 ACC = 0.1562
Round:  171 Train Loss: -0.990
Global  NMI = 0.0665 ARI = 0.0192 F = 0.2369 ACC = 0.1518
Round:  172 Train Loss: -0.990
Global  NMI = 0.0671 ARI = 0.0199 F = 0.2369 ACC = 0.1545
Round:  173 Train Loss: -0.990
Global  NMI = 0.0664 ARI = 0.0188 F = 0.2386 ACC = 0.1527
Round:  174 Train Loss: -0.990
Global  NMI = 0.0668 ARI = 0.0190 F = 0.2382 ACC = 0.1532
Round:  175 Train Loss: -0.991
Global  NMI = 0.0706 ARI = 0.0237 F = 0.2305 ACC = 0.1560
Round:  176 Train Loss: -0.991
Global  NMI = 0.0722 ARI = 0.0255 F = 0.2282 ACC = 0.1577
Round:  177 Train Loss: -0.992
Global  NMI = 0.0721 ARI = 0.0255 F = 0.2282 ACC = 0.1575
Round:  178 Train Loss: -0.991
Global  NMI = 0.0711 ARI = 0.0246 F = 0.2291 ACC = 0.1570
Round:  179 Train Loss: -0.990
Global  NMI = 0.0716 ARI = 0.0250 F = 0.2288 ACC = 0.1564
Round:  180 Train Loss: -0.992
Global  NMI = 0.0725 ARI = 0.0265 F = 0.2263 ACC = 0.1576
Round:  181 Train Loss: -0.990
Global  NMI = 0.0741 ARI = 0.0278 F = 0.2249 ACC = 0.1588
Round:  182 Train Loss: -0.992
Global  NMI = 0.0729 ARI = 0.0255 F = 0.2303 ACC = 0.1559
Round:  183 Train Loss: -0.993
Global  NMI = 0.0725 ARI = 0.0255 F = 0.2299 ACC = 0.1564
Round:  184 Train Loss: -0.993
Global  NMI = 0.0726 ARI = 0.0260 F = 0.2289 ACC = 0.1568
Round:  185 Train Loss: -0.993
Global  NMI = 0.0723 ARI = 0.0257 F = 0.2289 ACC = 0.1552
Round:  186 Train Loss: -0.993
Global  NMI = 0.0712 ARI = 0.0242 F = 0.2313 ACC = 0.1530
Round:  187 Train Loss: -0.994
Global  NMI = 0.0724 ARI = 0.0260 F = 0.2296 ACC = 0.1531
Round:  188 Train Loss: -0.994
Global  NMI = 0.0722 ARI = 0.0245 F = 0.2331 ACC = 0.1515
Round:  189 Train Loss: -0.994
Global  NMI = 0.0698 ARI = 0.0197 F = 0.2412 ACC = 0.1472
Round:  190 Train Loss: -0.996
Global  NMI = 0.0684 ARI = 0.0186 F = 0.2425 ACC = 0.1462
Round:  191 Train Loss: -0.996
Global  NMI = 0.0663 ARI = 0.0167 F = 0.2457 ACC = 0.1439
Round:  192 Train Loss: -0.997
Global  NMI = 0.0649 ARI = 0.0154 F = 0.2489 ACC = 0.1422
Round:  193 Train Loss: -0.997
Global  NMI = 0.0631 ARI = 0.0142 F = 0.2501 ACC = 0.1388
Round:  194 Train Loss: -0.997
Global  NMI = 0.0619 ARI = 0.0132 F = 0.2523 ACC = 0.1386
Round:  195 Train Loss: -0.997
Global  NMI = 0.0617 ARI = 0.0130 F = 0.2524 ACC = 0.1388
Round:  196 Train Loss: -0.997
Global  NMI = 0.0609 ARI = 0.0123 F = 0.2542 ACC = 0.1371
Round:  197 Train Loss: -0.997
Global  NMI = 0.0615 ARI = 0.0126 F = 0.2540 ACC = 0.1385
Round:  198 Train Loss: -0.997
Global  NMI = 0.0611 ARI = 0.0127 F = 0.2528 ACC = 0.1395
Round:  199 Train Loss: -0.997
Global  NMI = 0.0605 ARI = 0.0124 F = 0.2537 ACC = 0.1381
Round:  200 Train Loss: -0.997
Global  NMI = 0.0601 ARI = 0.0121 F = 0.2542 ACC = 0.1378
Round:  201 Train Loss: -0.997
Global  NMI = 0.0587 ARI = 0.0114 F = 0.2551 ACC = 0.1369
Round:  202 Train Loss: -0.997
Global  NMI = 0.0593 ARI = 0.0118 F = 0.2546 ACC = 0.1384
Round:  203 Train Loss: -0.997
Global  NMI = 0.0570 ARI = 0.0105 F = 0.2569 ACC = 0.1362
Round:  204 Train Loss: -0.997
Global  NMI = 0.0564 ARI = 0.0102 F = 0.2577 ACC = 0.1356
Round:  205 Train Loss: -0.997
Global  NMI = 0.0584 ARI = 0.0113 F = 0.2552 ACC = 0.1370
Round:  206 Train Loss: -0.997
Global  NMI = 0.0601 ARI = 0.0118 F = 0.2554 ACC = 0.1379
Round:  207 Train Loss: -0.997
Global  NMI = 0.0571 ARI = 0.0102 F = 0.2585 ACC = 0.1370
Round:  208 Train Loss: -0.997
Global  NMI = 0.0566 ARI = 0.0099 F = 0.2593 ACC = 0.1360
Round:  209 Train Loss: -0.997
Global  NMI = 0.0540 ARI = 0.0088 F = 0.2615 ACC = 0.1345
Round:  210 Train Loss: -0.997
Global  NMI = 0.0529 ARI = 0.0082 F = 0.2633 ACC = 0.1324
Round:  211 Train Loss: -0.997
Global  NMI = 0.0515 ARI = 0.0071 F = 0.2672 ACC = 0.1311
Round:  212 Train Loss: -0.996
Global  NMI = 0.0544 ARI = 0.0092 F = 0.2594 ACC = 0.1360
Round:  213 Train Loss: -0.997
Global  NMI = 0.0531 ARI = 0.0085 F = 0.2614 ACC = 0.1338
Round:  214 Train Loss: -0.997
Global  NMI = 0.0519 ARI = 0.0077 F = 0.2643 ACC = 0.1333
Round:  215 Train Loss: -0.997
Global  NMI = 0.0533 ARI = 0.0086 F = 0.2604 ACC = 0.1348
Round:  216 Train Loss: -0.997
Global  NMI = 0.0530 ARI = 0.0084 F = 0.2614 ACC = 0.1341
Round:  217 Train Loss: -0.997
Global  NMI = 0.0520 ARI = 0.0082 F = 0.2618 ACC = 0.1340
Round:  218 Train Loss: -0.997
Global  NMI = 0.0492 ARI = 0.0069 F = 0.2661 ACC = 0.1322
Round:  219 Train Loss: -0.996
Global  NMI = 0.0490 ARI = 0.0069 F = 0.2657 ACC = 0.1327
Round:  220 Train Loss: -0.996
Global  NMI = 0.0444 ARI = 0.0054 F = 0.2702 ACC = 0.1292
Round:  221 Train Loss: -0.996
Global  NMI = 0.0433 ARI = 0.0049 F = 0.2730 ACC = 0.1293
Round:  222 Train Loss: -0.996
Global  NMI = 0.0434 ARI = 0.0050 F = 0.2726 ACC = 0.1279
Round:  223 Train Loss: -0.996
Global  NMI = 0.0448 ARI = 0.0052 F = 0.2717 ACC = 0.1284
Round:  224 Train Loss: -0.996
Global  NMI = 0.0440 ARI = 0.0051 F = 0.2726 ACC = 0.1292
Round:  225 Train Loss: -0.995
Global  NMI = 0.0447 ARI = 0.0052 F = 0.2721 ACC = 0.1291
Round:  226 Train Loss: -0.995
Global  NMI = 0.0437 ARI = 0.0050 F = 0.2729 ACC = 0.1278
Round:  227 Train Loss: -0.994
Global  NMI = 0.0483 ARI = 0.0066 F = 0.2682 ACC = 0.1332
Round:  228 Train Loss: -0.995
Global  NMI = 0.0465 ARI = 0.0059 F = 0.2699 ACC = 0.1305
Round:  229 Train Loss: -0.996
Global  NMI = 0.0412 ARI = 0.0041 F = 0.2774 ACC = 0.1239
Round:  230 Train Loss: -0.994
Global  NMI = 0.0356 ARI = 0.0028 F = 0.2843 ACC = 0.1200
Round:  231 Train Loss: -0.994
Global  NMI = 0.0331 ARI = 0.0021 F = 0.2876 ACC = 0.1168
Round:  232 Train Loss: -0.994
Global  NMI = 0.0298 ARI = 0.0017 F = 0.2916 ACC = 0.1158
Round:  233 Train Loss: -0.994
Global  NMI = 0.0282 ARI = 0.0015 F = 0.2922 ACC = 0.1149
Round:  234 Train Loss: -0.992
Global  NMI = 0.0273 ARI = 0.0012 F = 0.2950 ACC = 0.1130
Round:  235 Train Loss: -0.995
Global  NMI = 0.0250 ARI = 0.0010 F = 0.2961 ACC = 0.1128
Round:  236 Train Loss: -0.994
Global  NMI = 0.0271 ARI = 0.0013 F = 0.2940 ACC = 0.1145
Round:  237 Train Loss: -0.992
Global  NMI = 0.0322 ARI = 0.0022 F = 0.2881 ACC = 0.1191
Round:  238 Train Loss: -0.994
Global  NMI = 0.0275 ARI = 0.0014 F = 0.2941 ACC = 0.1148
Round:  239 Train Loss: -0.994
Global  NMI = 0.0277 ARI = 0.0014 F = 0.2937 ACC = 0.1143
Round:  240 Train Loss: -0.994
Global  NMI = 0.0201 ARI = 0.0007 F = 0.3008 ACC = 0.1100
Round:  241 Train Loss: -0.990
Global  NMI = 0.0153 ARI = 0.0004 F = 0.3042 ACC = 0.1083
Round:  242 Train Loss: -0.989
Global  NMI = 0.0203 ARI = 0.0007 F = 0.2996 ACC = 0.1115
Round:  243 Train Loss: -0.992
Global  NMI = 0.0282 ARI = 0.0018 F = 0.2933 ACC = 0.1176
Round:  244 Train Loss: -0.986
Global  NMI = 0.0160 ARI = 0.0005 F = 0.3015 ACC = 0.1095
Round:  245 Train Loss: -0.973
Global  NMI = 0.0173 ARI = 0.0004 F = 0.3023 ACC = 0.1092
Round:  246 Train Loss: -0.983
Global  NMI = 0.0167 ARI = 0.0004 F = 0.3027 ACC = 0.1095
Round:  247 Train Loss: -0.987
Global  NMI = 0.0155 ARI = 0.0003 F = 0.3041 ACC = 0.1082
Round:  248 Train Loss: -0.987
Global  NMI = 0.0353 ARI = 0.0034 F = 0.2879 ACC = 0.1232
Round:  249 Train Loss: -0.986
Global  NMI = 0.0239 ARI = 0.0014 F = 0.2971 ACC = 0.1148
Round:  250 Train Loss: -0.979
Global  NMI = 0.0240 ARI = 0.0011 F = 0.2972 ACC = 0.1141
Round:  251 Train Loss: -0.988
Global  NMI = 0.0104 ARI = 0.0001 F = 0.3097 ACC = 0.1046
Round:  252 Train Loss: -0.992
Global  NMI = 0.0098 ARI = 0.0001 F = 0.3100 ACC = 0.1042
Round:  253 Train Loss: -0.989
Global  NMI = 0.0096 ARI = 0.0001 F = 0.3097 ACC = 0.1048
Round:  254 Train Loss: -0.987
Global  NMI = 0.0150 ARI = 0.0003 F = 0.3042 ACC = 0.1081
Round:  255 Train Loss: -0.982
Global  NMI = 0.0115 ARI = 0.0001 F = 0.3079 ACC = 0.1056
Round:  256 Train Loss: -0.990
Global  NMI = 0.0124 ARI = 0.0002 F = 0.3077 ACC = 0.1065
Round:  257 Train Loss: -0.990
Global  NMI = 0.0387 ARI = 0.0048 F = 0.2817 ACC = 0.1293
Round:  258 Train Loss: -0.986
Global  NMI = 0.0398 ARI = 0.0059 F = 0.2783 ACC = 0.1318
Round:  259 Train Loss: -0.983
Global  NMI = 0.0470 ARI = 0.0080 F = 0.2704 ACC = 0.1379
Round:  260 Train Loss: -0.987
Global  NMI = 0.0299 ARI = 0.0024 F = 0.2900 ACC = 0.1226
Round:  261 Train Loss: -0.984
Global  NMI = 0.0379 ARI = 0.0065 F = 0.2661 ACC = 0.1346
Round:  262 Train Loss: -0.987
Global  NMI = 0.0395 ARI = 0.0070 F = 0.2653 ACC = 0.1356
Round:  263 Train Loss: -0.991
Global  NMI = 0.0302 ARI = 0.0030 F = 0.2879 ACC = 0.1248
Round:  264 Train Loss: -0.986
Global  NMI = 0.0505 ARI = 0.0123 F = 0.2584 ACC = 0.1482
Round:  265 Train Loss: -0.987
Global  NMI = 0.0520 ARI = 0.0142 F = 0.2547 ACC = 0.1525
Round:  266 Train Loss: -0.988
Global  NMI = 0.0378 ARI = 0.0058 F = 0.2791 ACC = 0.1321
Round:  267 Train Loss: -0.991
Global  NMI = 0.0249 ARI = 0.0015 F = 0.2951 ACC = 0.1178
Round:  268 Train Loss: -0.984
Global  NMI = 0.0496 ARI = 0.0096 F = 0.2683 ACC = 0.1388
Round:  269 Train Loss: -0.988
Global  NMI = 0.0134 ARI = 0.0002 F = 0.3052 ACC = 0.1072
Round:  270 Train Loss: -0.991
Global  NMI = 0.0118 ARI = 0.0002 F = 0.3069 ACC = 0.1066
Round:  271 Train Loss: -0.986
Global  NMI = 0.0126 ARI = 0.0002 F = 0.3059 ACC = 0.1063
Round:  272 Train Loss: -0.991
Global  NMI = 0.0108 ARI = 0.0001 F = 0.3072 ACC = 0.1060
Round:  273 Train Loss: -0.989
Global  NMI = 0.0301 ARI = 0.0048 F = 0.2755 ACC = 0.1318
Round:  274 Train Loss: -0.987
Global  NMI = 0.0554 ARI = 0.0200 F = 0.2385 ACC = 0.1657
Round:  275 Train Loss: -0.965
Global  NMI = 0.0399 ARI = 0.0224 F = 0.2085 ACC = 0.1626
Round:  276 Train Loss: -0.990
Global  NMI = 0.0103 ARI = 0.0001 F = 0.3095 ACC = 0.1052
Round:  277 Train Loss: -0.989
Global  NMI = 0.0409 ARI = 0.0094 F = 0.2701 ACC = 0.1381
Round:  278 Train Loss: -0.991
Global  NMI = 0.0427 ARI = 0.0100 F = 0.2695 ACC = 0.1378
Round:  279 Train Loss: -0.993
Global  NMI = 0.0431 ARI = 0.0113 F = 0.2658 ACC = 0.1402
Round:  280 Train Loss: -0.993
Global  NMI = 0.0450 ARI = 0.0134 F = 0.2604 ACC = 0.1439
Round:  281 Train Loss: -0.992
Global  NMI = 0.0419 ARI = 0.0096 F = 0.2693 ACC = 0.1373
Round:  282 Train Loss: -0.993
Global  NMI = 0.0433 ARI = 0.0103 F = 0.2693 ACC = 0.1380
Round:  283 Train Loss: -0.987
Global  NMI = 0.0417 ARI = 0.0100 F = 0.2679 ACC = 0.1389
Round:  284 Train Loss: -0.989
Global  NMI = 0.0392 ARI = 0.0085 F = 0.2730 ACC = 0.1372
Round:  285 Train Loss: -0.988
Global  NMI = 0.0334 ARI = 0.0108 F = 0.2543 ACC = 0.1428
Round:  286 Train Loss: -0.985
Global  NMI = 0.0421 ARI = 0.0125 F = 0.2624 ACC = 0.1430
Round:  287 Train Loss: -0.988
Global  NMI = 0.0450 ARI = 0.0167 F = 0.2546 ACC = 0.1493
Round:  288 Train Loss: -0.992
Global  NMI = 0.0479 ARI = 0.0161 F = 0.2590 ACC = 0.1469
Round:  289 Train Loss: -0.993
Global  NMI = 0.0475 ARI = 0.0154 F = 0.2570 ACC = 0.1477
Round:  290 Train Loss: -0.988
Global  NMI = 0.0465 ARI = 0.0155 F = 0.2597 ACC = 0.1458
Round:  291 Train Loss: -0.990
Global  NMI = 0.0471 ARI = 0.0160 F = 0.2589 ACC = 0.1462
Round:  292 Train Loss: -0.985
Global  NMI = 0.0494 ARI = 0.0166 F = 0.2577 ACC = 0.1488
Round:  293 Train Loss: -0.987
Global  NMI = 0.0510 ARI = 0.0161 F = 0.2634 ACC = 0.1464
Round:  294 Train Loss: -0.994
Global  NMI = 0.0493 ARI = 0.0156 F = 0.2615 ACC = 0.1462
Round:  295 Train Loss: -0.993
Global  NMI = 0.0434 ARI = 0.0140 F = 0.2605 ACC = 0.1451
Round:  296 Train Loss: -0.990
Global  NMI = 0.0434 ARI = 0.0166 F = 0.2522 ACC = 0.1499
Round:  297 Train Loss: -0.990
Global  NMI = 0.0435 ARI = 0.0135 F = 0.2600 ACC = 0.1452
Round:  298 Train Loss: -0.991
Global  NMI = 0.0432 ARI = 0.0123 F = 0.2612 ACC = 0.1432
Round:  299 Train Loss: -0.987
Global  NMI = 0.0415 ARI = 0.0079 F = 0.2757 ACC = 0.1358
Round:  300 Train Loss: -0.985
Global  NMI = 0.0464 ARI = 0.0135 F = 0.2621 ACC = 0.1448
Round:  301 Train Loss: -0.986
Global  NMI = 0.0423 ARI = 0.0103 F = 0.2683 ACC = 0.1398
Round:  302 Train Loss: -0.990
Global  NMI = 0.0432 ARI = 0.0105 F = 0.2686 ACC = 0.1392
Round:  303 Train Loss: -0.990
Global  NMI = 0.0455 ARI = 0.0089 F = 0.2751 ACC = 0.1352
Round:  304 Train Loss: -0.982
Global  NMI = 0.0486 ARI = 0.0106 F = 0.2741 ACC = 0.1382
Round:  305 Train Loss: -0.988
Global  NMI = 0.0359 ARI = 0.0064 F = 0.2733 ACC = 0.1322
Round:  306 Train Loss: -0.990
Global  NMI = 0.0427 ARI = 0.0113 F = 0.2610 ACC = 0.1425
Round:  307 Train Loss: -0.989
Global  NMI = 0.0392 ARI = 0.0088 F = 0.2667 ACC = 0.1373
Round:  308 Train Loss: -0.992
Global  NMI = 0.0416 ARI = 0.0102 F = 0.2649 ACC = 0.1406
Round:  309 Train Loss: -0.987
Global  NMI = 0.0428 ARI = 0.0117 F = 0.2607 ACC = 0.1417
Round:  310 Train Loss: -0.987
Global  NMI = 0.0498 ARI = 0.0122 F = 0.2695 ACC = 0.1406
Round:  311 Train Loss: -0.987
Global  NMI = 0.0451 ARI = 0.0137 F = 0.2630 ACC = 0.1453
Round:  312 Train Loss: -0.987
Global  NMI = 0.0425 ARI = 0.0137 F = 0.2556 ACC = 0.1468
Round:  313 Train Loss: -0.978
Global  NMI = 0.0537 ARI = 0.0148 F = 0.2639 ACC = 0.1448
Round:  314 Train Loss: -0.984
Global  NMI = 0.0517 ARI = 0.0123 F = 0.2721 ACC = 0.1406
Round:  315 Train Loss: -0.988
Global  NMI = 0.0580 ARI = 0.0185 F = 0.2468 ACC = 0.1609
Round:  316 Train Loss: -0.987
Global  NMI = 0.0521 ARI = 0.0131 F = 0.2690 ACC = 0.1415
Round:  317 Train Loss: -0.987
Global  NMI = 0.0523 ARI = 0.0125 F = 0.2713 ACC = 0.1411
Round:  318 Train Loss: -0.988
Global  NMI = 0.0531 ARI = 0.0145 F = 0.2676 ACC = 0.1444
Round:  319 Train Loss: -0.990
Global  NMI = 0.0587 ARI = 0.0225 F = 0.2377 ACC = 0.1668
Round:  320 Train Loss: -0.989
Global  NMI = 0.0562 ARI = 0.0179 F = 0.2467 ACC = 0.1617
Round:  321 Train Loss: -0.989
Global  NMI = 0.0576 ARI = 0.0219 F = 0.2387 ACC = 0.1673
Round:  322 Train Loss: -0.992
Global  NMI = 0.0518 ARI = 0.0162 F = 0.2486 ACC = 0.1589
Round:  323 Train Loss: -0.992
Global  NMI = 0.0492 ARI = 0.0156 F = 0.2489 ACC = 0.1589
Round:  324 Train Loss: -0.986
Global  NMI = 0.0435 ARI = 0.0123 F = 0.2522 ACC = 0.1514
Round:  325 Train Loss: -0.975
Global  NMI = 0.0446 ARI = 0.0110 F = 0.2579 ACC = 0.1478
Round:  326 Train Loss: -0.977
Global  NMI = 0.0346 ARI = 0.0116 F = 0.2309 ACC = 0.1526
Round:  327 Train Loss: -0.982
Global  NMI = 0.0372 ARI = 0.0135 F = 0.1939 ACC = 0.1555
Round:  328 Train Loss: -0.983
Global  NMI = 0.0410 ARI = 0.0076 F = 0.2743 ACC = 0.1355
Round:  329 Train Loss: -0.989
Global  NMI = 0.0290 ARI = 0.0029 F = 0.2877 ACC = 0.1236
Round:  330 Train Loss: -0.978
Global  NMI = 0.0350 ARI = 0.0064 F = 0.2741 ACC = 0.1346
Round:  331 Train Loss: -0.986
Global  NMI = 0.0352 ARI = 0.0060 F = 0.2772 ACC = 0.1327
Round:  332 Train Loss: -0.981
Global  NMI = 0.0368 ARI = 0.0061 F = 0.2776 ACC = 0.1314
Round:  333 Train Loss: -0.986
Global  NMI = 0.0370 ARI = 0.0069 F = 0.2748 ACC = 0.1345
Round:  334 Train Loss: -0.983
Global  NMI = 0.0346 ARI = 0.0058 F = 0.2760 ACC = 0.1325
Round:  335 Train Loss: -0.977
Global  NMI = 0.0361 ARI = 0.0075 F = 0.2699 ACC = 0.1359
Round:  336 Train Loss: -0.985
Global  NMI = 0.0343 ARI = 0.0064 F = 0.2739 ACC = 0.1346
Round:  337 Train Loss: -0.984
Global  NMI = 0.0262 ARI = 0.0026 F = 0.2862 ACC = 0.1243
Round:  338 Train Loss: -0.979
Global  NMI = 0.0274 ARI = 0.0034 F = 0.2823 ACC = 0.1271
Round:  339 Train Loss: -0.979
Global  NMI = 0.0324 ARI = 0.0091 F = 0.2430 ACC = 0.1475
Round:  340 Train Loss: -0.979
Global  NMI = 0.0329 ARI = 0.0107 F = 0.2123 ACC = 0.1495
Round:  341 Train Loss: -0.963
Global  NMI = 0.0271 ARI = 0.0032 F = 0.2828 ACC = 0.1258
Round:  342 Train Loss: -0.985
Global  NMI = 0.0270 ARI = 0.0033 F = 0.2841 ACC = 0.1252
Round:  343 Train Loss: -0.977
Global  NMI = 0.0303 ARI = 0.0043 F = 0.2798 ACC = 0.1270
Round:  344 Train Loss: -0.986
Global  NMI = 0.0404 ARI = 0.0130 F = 0.2426 ACC = 0.1534
Round:  345 Train Loss: -0.977
Global  NMI = 0.0386 ARI = 0.0103 F = 0.2504 ACC = 0.1486
Round:  346 Train Loss: -0.986
Global  NMI = 0.0322 ARI = 0.0056 F = 0.2753 ACC = 0.1312
Round:  347 Train Loss: -0.976
Global  NMI = 0.0390 ARI = 0.0088 F = 0.2589 ACC = 0.1452
Round:  348 Train Loss: -0.975
Global  NMI = 0.0486 ARI = 0.0107 F = 0.2592 ACC = 0.1470
Round:  349 Train Loss: -0.982
Global  NMI = 0.0427 ARI = 0.0065 F = 0.2708 ACC = 0.1385
Round:  350 Train Loss: -0.977
Global  NMI = 0.0420 ARI = 0.0066 F = 0.2685 ACC = 0.1372
Round:  351 Train Loss: -0.975
Global  NMI = 0.0423 ARI = 0.0068 F = 0.2685 ACC = 0.1382
Round:  352 Train Loss: -0.981
Global  NMI = 0.0424 ARI = 0.0067 F = 0.2712 ACC = 0.1360
Round:  353 Train Loss: -0.978
Global  NMI = 0.0376 ARI = 0.0048 F = 0.2756 ACC = 0.1307
Round:  354 Train Loss: -0.977
Global  NMI = 0.0441 ARI = 0.0083 F = 0.2661 ACC = 0.1399
Round:  355 Train Loss: -0.983
Global  NMI = 0.0360 ARI = 0.0047 F = 0.2752 ACC = 0.1294
Round:  356 Train Loss: -0.982
Global  NMI = 0.0367 ARI = 0.0046 F = 0.2770 ACC = 0.1285
Round:  357 Train Loss: -0.977
Global  NMI = 0.0353 ARI = 0.0042 F = 0.2776 ACC = 0.1282
Round:  358 Train Loss: -0.984
Global  NMI = 0.0326 ARI = 0.0035 F = 0.2800 ACC = 0.1257
Round:  359 Train Loss: -0.986
Global  NMI = 0.0305 ARI = 0.0025 F = 0.2855 ACC = 0.1217
Round:  360 Train Loss: -0.968
Global  NMI = 0.0385 ARI = 0.0066 F = 0.2674 ACC = 0.1361
Round:  361 Train Loss: -0.978
Global  NMI = 0.0310 ARI = 0.0038 F = 0.2782 ACC = 0.1265
Round:  362 Train Loss: -0.980
Global  NMI = 0.0368 ARI = 0.0100 F = 0.2441 ACC = 0.1481
Round:  363 Train Loss: -0.968
Global  NMI = 0.0417 ARI = 0.0090 F = 0.2585 ACC = 0.1432
Round:  364 Train Loss: -0.981
Global  NMI = 0.0394 ARI = 0.0085 F = 0.2568 ACC = 0.1439
Round:  365 Train Loss: -0.979
Global  NMI = 0.0349 ARI = 0.0072 F = 0.2555 ACC = 0.1406
Round:  366 Train Loss: -0.989
Global  NMI = 0.0347 ARI = 0.0063 F = 0.2589 ACC = 0.1398
Round:  367 Train Loss: -0.985
Global  NMI = 0.0284 ARI = 0.0043 F = 0.2669 ACC = 0.1306
Round:  368 Train Loss: -0.984
Global  NMI = 0.0293 ARI = 0.0063 F = 0.2491 ACC = 0.1388
Round:  369 Train Loss: -0.984
Global  NMI = 0.0375 ARI = 0.0074 F = 0.2628 ACC = 0.1465
Round:  370 Train Loss: -0.984
Global  NMI = 0.0262 ARI = 0.0036 F = 0.2725 ACC = 0.1278
Round:  371 Train Loss: -0.977
Global  NMI = 0.0415 ARI = 0.0105 F = 0.2587 ACC = 0.1550
Round:  372 Train Loss: -0.982
Global  NMI = 0.0248 ARI = 0.0025 F = 0.2825 ACC = 0.1236
Round:  373 Train Loss: -0.984
Global  NMI = 0.0228 ARI = 0.0022 F = 0.2823 ACC = 0.1221
Round:  374 Train Loss: -0.982
Global  NMI = 0.0196 ARI = 0.0016 F = 0.2886 ACC = 0.1208
Round:  375 Train Loss: -0.974
Global  NMI = 0.0236 ARI = 0.0024 F = 0.2831 ACC = 0.1251
Round:  376 Train Loss: -0.978
Global  NMI = 0.0257 ARI = 0.0027 F = 0.2836 ACC = 0.1256
Round:  377 Train Loss: -0.975
Global  NMI = 0.0276 ARI = 0.0035 F = 0.2814 ACC = 0.1297
Round:  378 Train Loss: -0.977
Global  NMI = 0.0357 ARI = 0.0065 F = 0.2705 ACC = 0.1366
Round:  379 Train Loss: -0.976
Global  NMI = 0.0332 ARI = 0.0061 F = 0.2714 ACC = 0.1352
Round:  380 Train Loss: -0.981
Global  NMI = 0.0336 ARI = 0.0068 F = 0.2706 ACC = 0.1367
Round:  381 Train Loss: -0.982
Global  NMI = 0.0377 ARI = 0.0095 F = 0.2604 ACC = 0.1402
Round:  382 Train Loss: -0.976
Global  NMI = 0.0334 ARI = 0.0068 F = 0.2649 ACC = 0.1358
Round:  383 Train Loss: -0.982
Global  NMI = 0.0353 ARI = 0.0092 F = 0.2476 ACC = 0.1453
Round:  384 Train Loss: -0.982
Global  NMI = 0.0326 ARI = 0.0098 F = 0.2358 ACC = 0.1439
Round:  385 Train Loss: -0.984
Global  NMI = 0.0312 ARI = 0.0087 F = 0.2390 ACC = 0.1416
Round:  386 Train Loss: -0.981
Global  NMI = 0.0300 ARI = 0.0072 F = 0.2473 ACC = 0.1401
Round:  387 Train Loss: -0.970
Global  NMI = 0.0293 ARI = 0.0063 F = 0.2516 ACC = 0.1384
Round:  388 Train Loss: -0.984
Global  NMI = 0.0262 ARI = 0.0046 F = 0.2608 ACC = 0.1350
Round:  389 Train Loss: -0.979
Global  NMI = 0.0254 ARI = 0.0041 F = 0.2673 ACC = 0.1327
Round:  390 Train Loss: -0.938
Global  NMI = 0.0310 ARI = 0.0142 F = 0.1798 ACC = 0.1500
Round:  391 Train Loss: -0.977
Global  NMI = 0.0282 ARI = 0.0095 F = 0.2145 ACC = 0.1365
Round:  392 Train Loss: -0.979
Global  NMI = 0.0282 ARI = 0.0086 F = 0.2293 ACC = 0.1385
Round:  393 Train Loss: -0.985
Global  NMI = 0.0246 ARI = 0.0043 F = 0.2593 ACC = 0.1298
Round:  394 Train Loss: -0.987
Global  NMI = 0.0224 ARI = 0.0031 F = 0.2683 ACC = 0.1261
Round:  395 Train Loss: -0.987
Global  NMI = 0.0219 ARI = 0.0032 F = 0.2683 ACC = 0.1253
Round:  396 Train Loss: -0.984
Global  NMI = 0.0192 ARI = 0.0020 F = 0.2753 ACC = 0.1200
Round:  397 Train Loss: -0.973
Global  NMI = 0.0180 ARI = 0.0017 F = 0.2832 ACC = 0.1197
Round:  398 Train Loss: -0.983
Global  NMI = 0.0197 ARI = 0.0025 F = 0.2736 ACC = 0.1240
Round:  399 Train Loss: -0.978
Global  NMI = 0.0217 ARI = 0.0035 F = 0.2623 ACC = 0.1274
Round:  400 Train Loss: -0.990
Global  NMI = 0.0189 ARI = 0.0024 F = 0.2692 ACC = 0.1228
Round:  401 Train Loss: -0.978
Global  NMI = 0.0224 ARI = 0.0043 F = 0.2540 ACC = 0.1289
Round:  402 Train Loss: -0.983
Global  NMI = 0.0224 ARI = 0.0036 F = 0.2597 ACC = 0.1274
Round:  403 Train Loss: -0.988
Global  NMI = 0.0202 ARI = 0.0032 F = 0.2625 ACC = 0.1261
Round:  404 Train Loss: -0.980
Global  NMI = 0.0220 ARI = 0.0037 F = 0.2611 ACC = 0.1273
Round:  405 Train Loss: -0.986
Global  NMI = 0.0221 ARI = 0.0035 F = 0.2643 ACC = 0.1275
Round:  406 Train Loss: -0.982
Global  NMI = 0.0211 ARI = 0.0033 F = 0.2642 ACC = 0.1262
Round:  407 Train Loss: -0.971
Global  NMI = 0.0190 ARI = 0.0024 F = 0.2692 ACC = 0.1232
Round:  408 Train Loss: -0.971
Global  NMI = 0.0198 ARI = 0.0032 F = 0.2618 ACC = 0.1263
Round:  409 Train Loss: -0.980
Global  NMI = 0.0181 ARI = 0.0023 F = 0.2707 ACC = 0.1223
Round:  410 Train Loss: -0.983
Global  NMI = 0.0158 ARI = 0.0015 F = 0.2787 ACC = 0.1181
Round:  411 Train Loss: -0.966
Global  NMI = 0.0197 ARI = 0.0028 F = 0.2639 ACC = 0.1254
Round:  412 Train Loss: -0.979
Global  NMI = 0.0225 ARI = 0.0054 F = 0.2404 ACC = 0.1331
Round:  413 Train Loss: -0.983
Global  NMI = 0.0207 ARI = 0.0042 F = 0.2510 ACC = 0.1313
Round:  414 Train Loss: -0.980
Global  NMI = 0.0238 ARI = 0.0057 F = 0.2445 ACC = 0.1346
Round:  415 Train Loss: -0.984
Global  NMI = 0.0251 ARI = 0.0064 F = 0.2414 ACC = 0.1368
Round:  416 Train Loss: -0.987
Global  NMI = 0.0221 ARI = 0.0055 F = 0.2349 ACC = 0.1325
Round:  417 Train Loss: -0.988
Global  NMI = 0.0205 ARI = 0.0044 F = 0.2460 ACC = 0.1294
Round:  418 Train Loss: -0.981
Global  NMI = 0.0190 ARI = 0.0025 F = 0.2713 ACC = 0.1231
Round:  419 Train Loss: -0.983
Global  NMI = 0.0216 ARI = 0.0040 F = 0.2570 ACC = 0.1302
Round:  420 Train Loss: -0.978
Global  NMI = 0.0220 ARI = 0.0043 F = 0.2554 ACC = 0.1305
Round:  421 Train Loss: -0.982
Global  NMI = 0.0184 ARI = 0.0023 F = 0.2782 ACC = 0.1222
Round:  422 Train Loss: -0.979
Global  NMI = 0.0232 ARI = 0.0044 F = 0.2602 ACC = 0.1301
Round:  423 Train Loss: -0.974
Global  NMI = 0.0183 ARI = 0.0023 F = 0.2782 ACC = 0.1218
Round:  424 Train Loss: -0.977
Global  NMI = 0.0255 ARI = 0.0053 F = 0.2533 ACC = 0.1340
Round:  425 Train Loss: -0.983
Global  NMI = 0.0254 ARI = 0.0051 F = 0.2571 ACC = 0.1355
Round:  426 Train Loss: -0.980
Global  NMI = 0.0247 ARI = 0.0049 F = 0.2540 ACC = 0.1334
Round:  427 Train Loss: -0.976
Global  NMI = 0.0238 ARI = 0.0052 F = 0.2519 ACC = 0.1338
Round:  428 Train Loss: -0.980
Global  NMI = 0.0258 ARI = 0.0058 F = 0.2500 ACC = 0.1357
Round:  429 Train Loss: -0.973
Global  NMI = 0.0240 ARI = 0.0066 F = 0.2278 ACC = 0.1346
Round:  430 Train Loss: -0.987
Global  NMI = 0.0209 ARI = 0.0031 F = 0.2596 ACC = 0.1250
Round:  431 Train Loss: -0.989
Global  NMI = 0.0199 ARI = 0.0032 F = 0.2564 ACC = 0.1250
Round:  432 Train Loss: -0.989
Global  NMI = 0.0203 ARI = 0.0029 F = 0.2626 ACC = 0.1238
Round:  433 Train Loss: -0.989
Global  NMI = 0.0203 ARI = 0.0027 F = 0.2650 ACC = 0.1241
Round:  434 Train Loss: -0.981
Global  NMI = 0.0189 ARI = 0.0022 F = 0.2683 ACC = 0.1222
Round:  435 Train Loss: -0.990
Global  NMI = 0.0194 ARI = 0.0029 F = 0.2598 ACC = 0.1242
Round:  436 Train Loss: -0.992
Global  NMI = 0.0176 ARI = 0.0019 F = 0.2707 ACC = 0.1201
Round:  437 Train Loss: -0.984
Global  NMI = 0.0165 ARI = 0.0015 F = 0.2760 ACC = 0.1185
Round:  438 Train Loss: -0.974
Global  NMI = 0.0201 ARI = 0.0036 F = 0.2537 ACC = 0.1266
Round:  439 Train Loss: -0.975
Global  NMI = 0.0192 ARI = 0.0028 F = 0.2628 ACC = 0.1244
Round:  440 Train Loss: -0.962
Global  NMI = 0.0195 ARI = 0.0028 F = 0.2645 ACC = 0.1228
Round:  441 Train Loss: -0.977
Global  NMI = 0.0208 ARI = 0.0036 F = 0.2555 ACC = 0.1284
Round:  442 Train Loss: -0.985
Global  NMI = 0.0204 ARI = 0.0034 F = 0.2561 ACC = 0.1262
Round:  443 Train Loss: -0.983
Global  NMI = 0.0199 ARI = 0.0030 F = 0.2596 ACC = 0.1246
Round:  444 Train Loss: -0.988
Global  NMI = 0.0198 ARI = 0.0029 F = 0.2600 ACC = 0.1244
Round:  445 Train Loss: -0.987
Global  NMI = 0.0185 ARI = 0.0026 F = 0.2621 ACC = 0.1234
Round:  446 Train Loss: -0.983
Global  NMI = 0.0196 ARI = 0.0036 F = 0.2459 ACC = 0.1262
Round:  447 Train Loss: -0.986
Global  NMI = 0.0189 ARI = 0.0031 F = 0.2543 ACC = 0.1237
Round:  448 Train Loss: -0.987
Global  NMI = 0.0187 ARI = 0.0030 F = 0.2553 ACC = 0.1238
Round:  449 Train Loss: -0.991
Global  NMI = 0.0193 ARI = 0.0032 F = 0.2537 ACC = 0.1252
Round:  450 Train Loss: -0.990
Global  NMI = 0.0189 ARI = 0.0029 F = 0.2569 ACC = 0.1235
Round:  451 Train Loss: -0.986
Global  NMI = 0.0202 ARI = 0.0036 F = 0.2510 ACC = 0.1265
Round:  452 Train Loss: -0.989
Global  NMI = 0.0206 ARI = 0.0039 F = 0.2482 ACC = 0.1285
Round:  453 Train Loss: -0.984
Global  NMI = 0.0201 ARI = 0.0038 F = 0.2461 ACC = 0.1287
Round:  454 Train Loss: -0.973
Global  NMI = 0.0204 ARI = 0.0040 F = 0.2440 ACC = 0.1286
Round:  455 Train Loss: -0.968
Global  NMI = 0.0191 ARI = 0.0029 F = 0.2581 ACC = 0.1238
Round:  456 Train Loss: -0.976
Global  NMI = 0.0199 ARI = 0.0035 F = 0.2494 ACC = 0.1266
Round:  457 Train Loss: -0.986
Global  NMI = 0.0188 ARI = 0.0030 F = 0.2541 ACC = 0.1255
Round:  458 Train Loss: -0.992
Global  NMI = 0.0187 ARI = 0.0027 F = 0.2609 ACC = 0.1233
Round:  459 Train Loss: -0.975
Global  NMI = 0.0188 ARI = 0.0029 F = 0.2594 ACC = 0.1251
Round:  460 Train Loss: -0.987
Global  NMI = 0.0194 ARI = 0.0036 F = 0.2484 ACC = 0.1258
Round:  461 Train Loss: -0.987
Global  NMI = 0.0195 ARI = 0.0035 F = 0.2500 ACC = 0.1263
Round:  462 Train Loss: -0.984
Global  NMI = 0.0186 ARI = 0.0029 F = 0.2585 ACC = 0.1236
Round:  463 Train Loss: -0.972
Global  NMI = 0.0202 ARI = 0.0029 F = 0.2631 ACC = 0.1261
Round:  464 Train Loss: -0.980
Global  NMI = 0.0187 ARI = 0.0026 F = 0.2597 ACC = 0.1241
Round:  465 Train Loss: -0.990
Global  NMI = 0.0193 ARI = 0.0034 F = 0.2489 ACC = 0.1254
Round:  466 Train Loss: -0.992
Global  NMI = 0.0186 ARI = 0.0030 F = 0.2521 ACC = 0.1238
Round:  467 Train Loss: -0.990
Global  NMI = 0.0187 ARI = 0.0026 F = 0.2598 ACC = 0.1240
Round:  468 Train Loss: -0.986
Global  NMI = 0.0181 ARI = 0.0024 F = 0.2639 ACC = 0.1225
Round:  469 Train Loss: -0.978
Global  NMI = 0.0185 ARI = 0.0025 F = 0.2629 ACC = 0.1229
Round:  470 Train Loss: -0.983
Global  NMI = 0.0178 ARI = 0.0029 F = 0.2518 ACC = 0.1236
Round:  471 Train Loss: -0.975
Global  NMI = 0.0183 ARI = 0.0027 F = 0.2610 ACC = 0.1250
Round:  472 Train Loss: -0.978
Global  NMI = 0.0184 ARI = 0.0029 F = 0.2548 ACC = 0.1250
Round:  473 Train Loss: -0.974
Global  NMI = 0.0181 ARI = 0.0024 F = 0.2633 ACC = 0.1221
Round:  474 Train Loss: -0.977
Global  NMI = 0.0185 ARI = 0.0024 F = 0.2635 ACC = 0.1233
Round:  475 Train Loss: -0.981
Global  NMI = 0.0187 ARI = 0.0029 F = 0.2560 ACC = 0.1272
Round:  476 Train Loss: -0.981
Global  NMI = 0.0194 ARI = 0.0035 F = 0.2489 ACC = 0.1265
Round:  477 Train Loss: -0.980
Global  NMI = 0.0200 ARI = 0.0037 F = 0.2481 ACC = 0.1283
Round:  478 Train Loss: -0.980
Global  NMI = 0.0194 ARI = 0.0034 F = 0.2513 ACC = 0.1265
Round:  479 Train Loss: -0.981
Global  NMI = 0.0175 ARI = 0.0024 F = 0.2624 ACC = 0.1238
Round:  480 Train Loss: -0.976
Global  NMI = 0.0176 ARI = 0.0034 F = 0.2453 ACC = 0.1253
Round:  481 Train Loss: -0.985
Global  NMI = 0.0177 ARI = 0.0031 F = 0.2488 ACC = 0.1249
Round:  482 Train Loss: -0.980
Global  NMI = 0.0181 ARI = 0.0030 F = 0.2515 ACC = 0.1248
Round:  483 Train Loss: -0.985
Global  NMI = 0.0184 ARI = 0.0031 F = 0.2497 ACC = 0.1248
Round:  484 Train Loss: -0.988
Global  NMI = 0.0186 ARI = 0.0033 F = 0.2481 ACC = 0.1261
Round:  485 Train Loss: -0.982
Global  NMI = 0.0182 ARI = 0.0029 F = 0.2539 ACC = 0.1249
Round:  486 Train Loss: -0.984
Global  NMI = 0.0175 ARI = 0.0027 F = 0.2567 ACC = 0.1233
Round:  487 Train Loss: -0.982
Global  NMI = 0.0180 ARI = 0.0030 F = 0.2526 ACC = 0.1240
Round:  488 Train Loss: -0.990
Global  NMI = 0.0174 ARI = 0.0026 F = 0.2564 ACC = 0.1243
Round:  489 Train Loss: -0.974
Global  NMI = 0.0194 ARI = 0.0039 F = 0.2419 ACC = 0.1285
Round:  490 Train Loss: -0.966
Global  NMI = 0.0181 ARI = 0.0028 F = 0.2566 ACC = 0.1243
Round:  491 Train Loss: -0.982
Global  NMI = 0.0175 ARI = 0.0023 F = 0.2664 ACC = 0.1236
Round:  492 Train Loss: -0.985
Global  NMI = 0.0152 ARI = 0.0019 F = 0.2652 ACC = 0.1215
Round:  493 Train Loss: -0.982
Global  NMI = 0.0196 ARI = 0.0030 F = 0.2508 ACC = 0.1368
Round:  494 Train Loss: -0.985
Global  NMI = 0.0521 ARI = 0.0269 F = 0.2237 ACC = 0.1808
Round:  495 Train Loss: -0.991
Global  NMI = 0.0176 ARI = 0.0025 F = 0.2495 ACC = 0.1344
Round:  496 Train Loss: -0.987
Global  NMI = 0.0225 ARI = 0.0039 F = 0.2474 ACC = 0.1425
Round:  497 Train Loss: -0.990
Global  NMI = 0.0271 ARI = 0.0056 F = 0.2475 ACC = 0.1490
Round:  498 Train Loss: -0.993
Global  NMI = 0.0315 ARI = 0.0069 F = 0.2507 ACC = 0.1535
Round:  499 Train Loss: -0.989
Global  NMI = 0.0473 ARI = 0.0138 F = 0.2541 ACC = 0.1683
