nohup: ignoring input
cuda:2
Namespace(batch_size=1500, classes_per_user=4, data_root='./datasets', exp_dir='./save/CCFC/cifar10-noiid', global_lr=1, image_size=224, k=10, latent_dim=256, lbd=0.1, lr=0.0005, mini_bs=125, n_clients=40, num_proj_layers=2, num_workers=6, p=0.0, pre_hidden_dim=64, proj_hidden_dim=512, resnet='ResNet18', sample_ratio=1, seed=66, test_image_size=256, trial='v0')
save/CCFC/v4/model_pretrain_0_19.pt
Global  NMI = 0.4257 ARI = 0.3172 F = 0.3976 ACC = 0.5486
backbone.conv1.weight
backbone.bn1.weight
backbone.bn1.bias
backbone.bn1.running_mean
backbone.bn1.running_var
backbone.bn1.num_batches_tracked
backbone.layer1.0.conv1.weight
backbone.layer1.0.bn1.weight
backbone.layer1.0.bn1.bias
backbone.layer1.0.bn1.running_mean
backbone.layer1.0.bn1.running_var
backbone.layer1.0.bn1.num_batches_tracked
backbone.layer1.0.conv2.weight
backbone.layer1.0.bn2.weight
backbone.layer1.0.bn2.bias
backbone.layer1.0.bn2.running_mean
backbone.layer1.0.bn2.running_var
backbone.layer1.0.bn2.num_batches_tracked
backbone.layer1.1.conv1.weight
backbone.layer1.1.bn1.weight
backbone.layer1.1.bn1.bias
backbone.layer1.1.bn1.running_mean
backbone.layer1.1.bn1.running_var
backbone.layer1.1.bn1.num_batches_tracked
backbone.layer1.1.conv2.weight
backbone.layer1.1.bn2.weight
backbone.layer1.1.bn2.bias
backbone.layer1.1.bn2.running_mean
backbone.layer1.1.bn2.running_var
backbone.layer1.1.bn2.num_batches_tracked
backbone.layer2.0.conv1.weight
backbone.layer2.0.bn1.weight
backbone.layer2.0.bn1.bias
backbone.layer2.0.bn1.running_mean
backbone.layer2.0.bn1.running_var
backbone.layer2.0.bn1.num_batches_tracked
backbone.layer2.0.conv2.weight
backbone.layer2.0.bn2.weight
backbone.layer2.0.bn2.bias
backbone.layer2.0.bn2.running_mean
backbone.layer2.0.bn2.running_var
backbone.layer2.0.bn2.num_batches_tracked
backbone.layer2.0.downsample.0.weight
backbone.layer2.0.downsample.1.weight
backbone.layer2.0.downsample.1.bias
backbone.layer2.0.downsample.1.running_mean
backbone.layer2.0.downsample.1.running_var
backbone.layer2.0.downsample.1.num_batches_tracked
backbone.layer2.1.conv1.weight
backbone.layer2.1.bn1.weight
backbone.layer2.1.bn1.bias
backbone.layer2.1.bn1.running_mean
backbone.layer2.1.bn1.running_var
backbone.layer2.1.bn1.num_batches_tracked
backbone.layer2.1.conv2.weight
backbone.layer2.1.bn2.weight
backbone.layer2.1.bn2.bias
backbone.layer2.1.bn2.running_mean
backbone.layer2.1.bn2.running_var
backbone.layer2.1.bn2.num_batches_tracked
backbone.layer3.0.conv1.weight
backbone.layer3.0.bn1.weight
backbone.layer3.0.bn1.bias
backbone.layer3.0.bn1.running_mean
backbone.layer3.0.bn1.running_var
backbone.layer3.0.bn1.num_batches_tracked
backbone.layer3.0.conv2.weight
backbone.layer3.0.bn2.weight
backbone.layer3.0.bn2.bias
backbone.layer3.0.bn2.running_mean
backbone.layer3.0.bn2.running_var
backbone.layer3.0.bn2.num_batches_tracked
backbone.layer3.0.downsample.0.weight
backbone.layer3.0.downsample.1.weight
backbone.layer3.0.downsample.1.bias
backbone.layer3.0.downsample.1.running_mean
backbone.layer3.0.downsample.1.running_var
backbone.layer3.0.downsample.1.num_batches_tracked
backbone.layer3.1.conv1.weight
backbone.layer3.1.bn1.weight
backbone.layer3.1.bn1.bias
backbone.layer3.1.bn1.running_mean
backbone.layer3.1.bn1.running_var
backbone.layer3.1.bn1.num_batches_tracked
backbone.layer3.1.conv2.weight
backbone.layer3.1.bn2.weight
backbone.layer3.1.bn2.bias
backbone.layer3.1.bn2.running_mean
backbone.layer3.1.bn2.running_var
backbone.layer3.1.bn2.num_batches_tracked
backbone.layer4.0.conv1.weight
backbone.layer4.0.bn1.weight
backbone.layer4.0.bn1.bias
backbone.layer4.0.bn1.running_mean
backbone.layer4.0.bn1.running_var
backbone.layer4.0.bn1.num_batches_tracked
backbone.layer4.0.conv2.weight
backbone.layer4.0.bn2.weight
backbone.layer4.0.bn2.bias
backbone.layer4.0.bn2.running_mean
backbone.layer4.0.bn2.running_var
backbone.layer4.0.bn2.num_batches_tracked
backbone.layer4.0.downsample.0.weight
backbone.layer4.0.downsample.1.weight
backbone.layer4.0.downsample.1.bias
backbone.layer4.0.downsample.1.running_mean
backbone.layer4.0.downsample.1.running_var
backbone.layer4.0.downsample.1.num_batches_tracked
backbone.layer4.1.conv1.weight
backbone.layer4.1.bn1.weight
backbone.layer4.1.bn1.bias
backbone.layer4.1.bn1.running_mean
backbone.layer4.1.bn1.running_var
backbone.layer4.1.bn1.num_batches_tracked
backbone.layer4.1.conv2.weight
backbone.layer4.1.bn2.weight
backbone.layer4.1.bn2.bias
backbone.layer4.1.bn2.running_mean
backbone.layer4.1.bn2.running_var
backbone.layer4.1.bn2.num_batches_tracked
projector.layer1.0.weight
projector.layer1.0.bias
projector.layer1.1.weight
projector.layer1.1.bias
projector.layer1.1.running_mean
projector.layer1.1.running_var
projector.layer1.1.num_batches_tracked
projector.layer2.0.weight
projector.layer2.0.bias
projector.layer2.1.weight
projector.layer2.1.bias
projector.layer2.1.running_mean
projector.layer2.1.running_var
projector.layer2.1.num_batches_tracked
projector.layer3.0.weight
projector.layer3.0.bias
projector.layer3.1.running_mean
projector.layer3.1.running_var
projector.layer3.1.num_batches_tracked
predictor.layer1.0.weight
predictor.layer1.0.bias
predictor.layer1.1.weight
predictor.layer1.1.bias
predictor.layer1.1.running_mean
predictor.layer1.1.running_var
predictor.layer1.1.num_batches_tracked
predictor.layer2.weight
predictor.layer2.bias
count 40
Round:  0 Train Loss: -1.709
count 40
Round:  1 Train Loss: -1.744
centeral clustering
Global  NMI = 0.3450 ARI = 0.2379 F = 0.3173 ACC = 0.4491
count 40
Round:  2 Train Loss: -1.768
count 40
Round:  3 Train Loss: -1.787
centeral clustering
Global  NMI = 0.3365 ARI = 0.2278 F = 0.3086 ACC = 0.4401
count 40
Round:  4 Train Loss: -1.802
count 40
Round:  5 Train Loss: -1.823
centeral clustering
Global  NMI = 0.3174 ARI = 0.2090 F = 0.2920 ACC = 0.4164
count 40
Round:  6 Train Loss: -1.824
count 40
Round:  7 Train Loss: -1.834
centeral clustering
Global  NMI = 0.3124 ARI = 0.1981 F = 0.2828 ACC = 0.3856
count 40
Round:  8 Train Loss: -1.842
count 40
Round:  9 Train Loss: -1.851
centeral clustering
Global  NMI = 0.3115 ARI = 0.1978 F = 0.2827 ACC = 0.3847
Global  NMI = 0.3708 ARI = 0.2747 F = 0.3538 ACC = 0.5032
count 40
Round:  10 Train Loss: -1.850
count 40
Round:  11 Train Loss: -1.856
centeral clustering
Global  NMI = 0.3050 ARI = 0.1922 F = 0.2778 ACC = 0.3772
count 40
Round:  12 Train Loss: -1.856
count 40
Round:  13 Train Loss: -1.861
centeral clustering
Global  NMI = 0.2994 ARI = 0.1834 F = 0.2704 ACC = 0.3885
count 40
Round:  14 Train Loss: -1.857
count 40
Round:  15 Train Loss: -1.862
centeral clustering
Global  NMI = 0.2958 ARI = 0.1803 F = 0.2670 ACC = 0.3852
count 40
Round:  16 Train Loss: -1.865
count 40
Round:  17 Train Loss: -1.860
centeral clustering
Global  NMI = 0.2951 ARI = 0.1790 F = 0.2663 ACC = 0.3840
count 40
Round:  18 Train Loss: -1.861
count 40
Round:  19 Train Loss: -1.859
centeral clustering
Global  NMI = 0.2957 ARI = 0.1777 F = 0.2653 ACC = 0.3846
Global  NMI = 0.3463 ARI = 0.2478 F = 0.3338 ACC = 0.4595
count 40
Round:  20 Train Loss: -1.863
count 40
Round:  21 Train Loss: -1.857
centeral clustering
Global  NMI = 0.2949 ARI = 0.1791 F = 0.2660 ACC = 0.3896
count 40
Round:  22 Train Loss: -1.857
count 40
Round:  23 Train Loss: -1.861
centeral clustering
Global  NMI = 0.2963 ARI = 0.1827 F = 0.2687 ACC = 0.3958
count 40
Round:  24 Train Loss: -1.856
count 40
Round:  25 Train Loss: -1.855
centeral clustering
Global  NMI = 0.2971 ARI = 0.1820 F = 0.2676 ACC = 0.3927
count 40
Round:  26 Train Loss: -1.856
count 40
Round:  27 Train Loss: -1.857
centeral clustering
Global  NMI = 0.2943 ARI = 0.1805 F = 0.2663 ACC = 0.3920
count 40
Round:  28 Train Loss: -1.852
count 40
Round:  29 Train Loss: -1.860
centeral clustering
Global  NMI = 0.2926 ARI = 0.1787 F = 0.2651 ACC = 0.3886
Global  NMI = 0.3350 ARI = 0.2343 F = 0.3193 ACC = 0.4507
count 40
Round:  30 Train Loss: -1.854
count 40
Round:  31 Train Loss: -1.854
centeral clustering
Global  NMI = 0.2915 ARI = 0.1747 F = 0.2619 ACC = 0.3832
count 40
Round:  32 Train Loss: -1.856
count 40
Round:  33 Train Loss: -1.858
centeral clustering
Global  NMI = 0.2914 ARI = 0.1754 F = 0.2631 ACC = 0.3817
count 40
Round:  34 Train Loss: -1.854
count 40
Round:  35 Train Loss: -1.850
centeral clustering
Global  NMI = 0.2886 ARI = 0.1719 F = 0.2610 ACC = 0.3764
count 40
Round:  36 Train Loss: -1.854
count 40
Round:  37 Train Loss: -1.851
centeral clustering
Global  NMI = 0.2860 ARI = 0.1702 F = 0.2604 ACC = 0.3706
count 40
Round:  38 Train Loss: -1.852
count 40
Round:  39 Train Loss: -1.857
centeral clustering
Global  NMI = 0.2796 ARI = 0.1627 F = 0.2541 ACC = 0.3556
Global  NMI = 0.3148 ARI = 0.2209 F = 0.3148 ACC = 0.4294
count 40
Round:  40 Train Loss: -1.854
count 40
Round:  41 Train Loss: -1.854
centeral clustering
Global  NMI = 0.2822 ARI = 0.1749 F = 0.2631 ACC = 0.3771
count 40
Round:  42 Train Loss: -1.854
count 40
Round:  43 Train Loss: -1.857
centeral clustering
Global  NMI = 0.2799 ARI = 0.1730 F = 0.2625 ACC = 0.3735
count 40
Round:  44 Train Loss: -1.856
count 40
Round:  45 Train Loss: -1.853
centeral clustering
Global  NMI = 0.2810 ARI = 0.1650 F = 0.2551 ACC = 0.3654
count 40
Round:  46 Train Loss: -1.856
count 40
Round:  47 Train Loss: -1.860
centeral clustering
Global  NMI = 0.2679 ARI = 0.1527 F = 0.2447 ACC = 0.3360
count 40
Round:  48 Train Loss: -1.857
count 40
Round:  49 Train Loss: -1.862
centeral clustering
Global  NMI = 0.2707 ARI = 0.1569 F = 0.2491 ACC = 0.3412
Global  NMI = 0.3120 ARI = 0.2148 F = 0.3088 ACC = 0.4229
count 40
Round:  50 Train Loss: -1.864
count 40
Round:  51 Train Loss: -1.856
centeral clustering
Global  NMI = 0.2741 ARI = 0.1621 F = 0.2536 ACC = 0.3509
count 40
Round:  52 Train Loss: -1.863
count 40
Round:  53 Train Loss: -1.863
centeral clustering
Global  NMI = 0.2771 ARI = 0.1667 F = 0.2576 ACC = 0.3550
count 40
Round:  54 Train Loss: -1.861
count 40
Round:  55 Train Loss: -1.857
centeral clustering
Global  NMI = 0.2762 ARI = 0.1689 F = 0.2591 ACC = 0.3606
count 40
Round:  56 Train Loss: -1.856
count 40
Round:  57 Train Loss: -1.856
centeral clustering
Global  NMI = 0.2783 ARI = 0.1719 F = 0.2598 ACC = 0.3792
count 40
Round:  58 Train Loss: -1.859
count 40
Round:  59 Train Loss: -1.857
centeral clustering
Global  NMI = 0.2874 ARI = 0.1734 F = 0.2636 ACC = 0.3601
Global  NMI = 0.3320 ARI = 0.2368 F = 0.3308 ACC = 0.4425
count 40
Round:  60 Train Loss: -1.863
count 40
Round:  61 Train Loss: -1.857
centeral clustering
Global  NMI = 0.2885 ARI = 0.1759 F = 0.2659 ACC = 0.3608
count 40
Round:  62 Train Loss: -1.858
count 40
Round:  63 Train Loss: -1.857
centeral clustering
Global  NMI = 0.2912 ARI = 0.1774 F = 0.2654 ACC = 0.3649
count 40
Round:  64 Train Loss: -1.856
count 40
Round:  65 Train Loss: -1.859
centeral clustering
Global  NMI = 0.2925 ARI = 0.1781 F = 0.2656 ACC = 0.3614
count 40
Round:  66 Train Loss: -1.852
count 40
Round:  67 Train Loss: -1.857
centeral clustering
Global  NMI = 0.2968 ARI = 0.1803 F = 0.2664 ACC = 0.3582
count 40
Round:  68 Train Loss: -1.857
count 40
Round:  69 Train Loss: -1.858
centeral clustering
Global  NMI = 0.2967 ARI = 0.1797 F = 0.2639 ACC = 0.3567
Global  NMI = 0.3664 ARI = 0.2529 F = 0.3461 ACC = 0.4456
count 40
Round:  70 Train Loss: -1.860
count 40
Round:  71 Train Loss: -1.853
centeral clustering
Global  NMI = 0.2949 ARI = 0.1783 F = 0.2620 ACC = 0.3570
count 40
Round:  72 Train Loss: -1.854
count 40
Round:  73 Train Loss: -1.851
centeral clustering
Global  NMI = 0.2902 ARI = 0.1701 F = 0.2551 ACC = 0.3577
count 40
Round:  74 Train Loss: -1.852
count 40
Round:  75 Train Loss: -1.859
centeral clustering
Global  NMI = 0.2904 ARI = 0.1682 F = 0.2532 ACC = 0.3567
count 40
Round:  76 Train Loss: -1.849
count 40
Round:  77 Train Loss: -1.856
centeral clustering
Global  NMI = 0.2871 ARI = 0.1650 F = 0.2517 ACC = 0.3432
count 40
Round:  78 Train Loss: -1.850
count 40
Round:  79 Train Loss: -1.852
centeral clustering
Global  NMI = 0.2823 ARI = 0.1645 F = 0.2536 ACC = 0.3348
Global  NMI = 0.3131 ARI = 0.1980 F = 0.2844 ACC = 0.3777
count 40
Round:  80 Train Loss: -1.854
count 40
Round:  81 Train Loss: -1.851
centeral clustering
Global  NMI = 0.2813 ARI = 0.1663 F = 0.2570 ACC = 0.3454
count 40
Round:  82 Train Loss: -1.855
count 40
Round:  83 Train Loss: -1.851
centeral clustering
Global  NMI = 0.2809 ARI = 0.1653 F = 0.2556 ACC = 0.3460
count 40
Round:  84 Train Loss: -1.850
count 40
Round:  85 Train Loss: -1.852
centeral clustering
Global  NMI = 0.2787 ARI = 0.1638 F = 0.2537 ACC = 0.3436
count 40
Round:  86 Train Loss: -1.846
count 40
Round:  87 Train Loss: -1.848
centeral clustering
Global  NMI = 0.2777 ARI = 0.1648 F = 0.2545 ACC = 0.3511
count 40
Round:  88 Train Loss: -1.845
count 40
Round:  89 Train Loss: -1.850
centeral clustering
Global  NMI = 0.2793 ARI = 0.1660 F = 0.2555 ACC = 0.3510
Global  NMI = 0.3193 ARI = 0.2075 F = 0.3041 ACC = 0.3813
count 40
Round:  90 Train Loss: -1.846
count 40
Round:  91 Train Loss: -1.844
centeral clustering
Global  NMI = 0.2764 ARI = 0.1648 F = 0.2538 ACC = 0.3544
count 40
Round:  92 Train Loss: -1.847
count 40
Round:  93 Train Loss: -1.846
centeral clustering
Global  NMI = 0.2692 ARI = 0.1548 F = 0.2438 ACC = 0.3253
count 40
Round:  94 Train Loss: -1.847
count 40
Round:  95 Train Loss: -1.846
centeral clustering
Global  NMI = 0.2814 ARI = 0.1700 F = 0.2564 ACC = 0.3646
count 40
Round:  96 Train Loss: -1.846
count 40
Round:  97 Train Loss: -1.849
centeral clustering
Global  NMI = 0.2798 ARI = 0.1685 F = 0.2552 ACC = 0.3574
count 40
Round:  98 Train Loss: -1.850
count 40
Round:  99 Train Loss: -1.844
centeral clustering
Global  NMI = 0.2774 ARI = 0.1688 F = 0.2558 ACC = 0.3554
Global  NMI = 0.3405 ARI = 0.2289 F = 0.3234 ACC = 0.4231
count 40
Round:  100 Train Loss: -1.848
count 40
Round:  101 Train Loss: -1.851
centeral clustering
Global  NMI = 0.2796 ARI = 0.1805 F = 0.2668 ACC = 0.3713
count 40
Round:  102 Train Loss: -1.846
count 40
Round:  103 Train Loss: -1.851
centeral clustering
Global  NMI = 0.2818 ARI = 0.1837 F = 0.2694 ACC = 0.3683
count 40
Round:  104 Train Loss: -1.843
count 40
Round:  105 Train Loss: -1.847
centeral clustering
Global  NMI = 0.2847 ARI = 0.1866 F = 0.2722 ACC = 0.3684
count 40
Round:  106 Train Loss: -1.851
count 40
Round:  107 Train Loss: -1.851
centeral clustering
Global  NMI = 0.2921 ARI = 0.1832 F = 0.2680 ACC = 0.3766
count 40
Round:  108 Train Loss: -1.851
count 40
Round:  109 Train Loss: -1.851
centeral clustering
Global  NMI = 0.2863 ARI = 0.1803 F = 0.2656 ACC = 0.3494
Global  NMI = 0.3809 ARI = 0.2803 F = 0.3590 ACC = 0.5200
count 40
Round:  110 Train Loss: -1.852
count 40
Round:  111 Train Loss: -1.853
centeral clustering
Global  NMI = 0.2864 ARI = 0.1797 F = 0.2663 ACC = 0.3516
count 40
Round:  112 Train Loss: -1.850
count 40
Round:  113 Train Loss: -1.850
centeral clustering
Global  NMI = 0.2742 ARI = 0.1631 F = 0.2505 ACC = 0.3481
count 40
Round:  114 Train Loss: -1.853
count 40
Round:  115 Train Loss: -1.847
centeral clustering
Global  NMI = 0.2602 ARI = 0.1513 F = 0.2415 ACC = 0.3232
count 40
Round:  116 Train Loss: -1.851
count 40
Round:  117 Train Loss: -1.853
centeral clustering
Global  NMI = 0.2450 ARI = 0.1425 F = 0.2349 ACC = 0.3070
count 40
Round:  118 Train Loss: -1.852
count 40
Round:  119 Train Loss: -1.849
centeral clustering
Global  NMI = 0.2390 ARI = 0.1350 F = 0.2269 ACC = 0.3055
Global  NMI = 0.2652 ARI = 0.1589 F = 0.2773 ACC = 0.3531
count 40
Round:  120 Train Loss: -1.850
count 40
Round:  121 Train Loss: -1.847
centeral clustering
Global  NMI = 0.2370 ARI = 0.1352 F = 0.2270 ACC = 0.3020
count 40
Round:  122 Train Loss: -1.840
count 40
Round:  123 Train Loss: -1.841
centeral clustering
Global  NMI = 0.2292 ARI = 0.1362 F = 0.2283 ACC = 0.3064
count 40
Round:  124 Train Loss: -1.843
count 40
Round:  125 Train Loss: -1.849
centeral clustering
Global  NMI = 0.2301 ARI = 0.1407 F = 0.2320 ACC = 0.3245
count 40
Round:  126 Train Loss: -1.849
count 40
Round:  127 Train Loss: -1.851
centeral clustering
Global  NMI = 0.2356 ARI = 0.1465 F = 0.2373 ACC = 0.3292
count 40
Round:  128 Train Loss: -1.854
count 40
Round:  129 Train Loss: -1.862
centeral clustering
Global  NMI = 0.2429 ARI = 0.1508 F = 0.2417 ACC = 0.3337
Global  NMI = 0.2707 ARI = 0.1770 F = 0.2859 ACC = 0.3608
count 40
Round:  130 Train Loss: -1.871
count 40
Round:  131 Train Loss: -1.870
centeral clustering
Global  NMI = 0.2507 ARI = 0.1611 F = 0.2522 ACC = 0.3471
count 40
Round:  132 Train Loss: -1.872
count 40
Round:  133 Train Loss: -1.870
centeral clustering
Global  NMI = 0.2543 ARI = 0.1601 F = 0.2514 ACC = 0.3366
count 40
Round:  134 Train Loss: -1.874
count 40
Round:  135 Train Loss: -1.873
centeral clustering
Global  NMI = 0.2648 ARI = 0.1719 F = 0.2611 ACC = 0.3573
count 40
Round:  136 Train Loss: -1.882
count 40
Round:  137 Train Loss: -1.881
centeral clustering
Global  NMI = 0.2668 ARI = 0.1715 F = 0.2608 ACC = 0.3580
count 40
Round:  138 Train Loss: -1.882
count 40
Round:  139 Train Loss: -1.884
centeral clustering
Global  NMI = 0.2686 ARI = 0.1696 F = 0.2591 ACC = 0.3696
Global  NMI = 0.3044 ARI = 0.2042 F = 0.3048 ACC = 0.3943
count 40
Round:  140 Train Loss: -1.890
count 40
Round:  141 Train Loss: -1.882
centeral clustering
Global  NMI = 0.2712 ARI = 0.1707 F = 0.2596 ACC = 0.3683
count 40
Round:  142 Train Loss: -1.889
count 40
Round:  143 Train Loss: -1.888
centeral clustering
Global  NMI = 0.2742 ARI = 0.1783 F = 0.2665 ACC = 0.3577
count 40
Round:  144 Train Loss: -1.886
count 40
Round:  145 Train Loss: -1.885
centeral clustering
Global  NMI = 0.2761 ARI = 0.1759 F = 0.2635 ACC = 0.3730
count 40
Round:  146 Train Loss: -1.889
count 40
Round:  147 Train Loss: -1.887
centeral clustering
Global  NMI = 0.2791 ARI = 0.1844 F = 0.2713 ACC = 0.3625
count 40
Round:  148 Train Loss: -1.888
count 40
Round:  149 Train Loss: -1.887
centeral clustering
Global  NMI = 0.2778 ARI = 0.1821 F = 0.2691 ACC = 0.3587
Global  NMI = 0.3192 ARI = 0.2217 F = 0.3225 ACC = 0.4083
count 40
Round:  150 Train Loss: -1.886
count 40
Round:  151 Train Loss: -1.887
centeral clustering
Global  NMI = 0.2780 ARI = 0.1828 F = 0.2698 ACC = 0.3599
count 40
Round:  152 Train Loss: -1.886
count 40
Round:  153 Train Loss: -1.885
centeral clustering
Global  NMI = 0.2841 ARI = 0.1888 F = 0.2754 ACC = 0.3657
count 40
Round:  154 Train Loss: -1.887
count 40
Round:  155 Train Loss: -1.886
centeral clustering
Global  NMI = 0.2846 ARI = 0.1882 F = 0.2746 ACC = 0.3660
count 40
Round:  156 Train Loss: -1.883
count 40
Round:  157 Train Loss: -1.887
centeral clustering
Global  NMI = 0.2830 ARI = 0.1868 F = 0.2734 ACC = 0.3618
count 40
Round:  158 Train Loss: -1.885
count 40
Round:  159 Train Loss: -1.887
centeral clustering
Global  NMI = 0.2878 ARI = 0.1897 F = 0.2759 ACC = 0.3650
Global  NMI = 0.3596 ARI = 0.2759 F = 0.3588 ACC = 0.4461
count 40
Round:  160 Train Loss: -1.889
count 40
Round:  161 Train Loss: -1.889
centeral clustering
Global  NMI = 0.2913 ARI = 0.1946 F = 0.2806 ACC = 0.3714
count 40
Round:  162 Train Loss: -1.883
count 40
Round:  163 Train Loss: -1.891
centeral clustering
Global  NMI = 0.2952 ARI = 0.1931 F = 0.2785 ACC = 0.3936
count 40
Round:  164 Train Loss: -1.890
count 40
Round:  165 Train Loss: -1.888
centeral clustering
Global  NMI = 0.2939 ARI = 0.1876 F = 0.2731 ACC = 0.3948
count 40
Round:  166 Train Loss: -1.889
count 40
Round:  167 Train Loss: -1.892
centeral clustering
Global  NMI = 0.2923 ARI = 0.1816 F = 0.2677 ACC = 0.3968
count 40
Round:  168 Train Loss: -1.883
count 40
Round:  169 Train Loss: -1.892
centeral clustering
Global  NMI = 0.2829 ARI = 0.1722 F = 0.2603 ACC = 0.3659
Global  NMI = 0.3592 ARI = 0.2716 F = 0.3560 ACC = 0.4460
count 40
Round:  170 Train Loss: -1.889
count 40
Round:  171 Train Loss: -1.889
centeral clustering
Global  NMI = 0.2818 ARI = 0.1729 F = 0.2609 ACC = 0.3693
count 40
Round:  172 Train Loss: -1.888
count 40
Round:  173 Train Loss: -1.893
centeral clustering
Global  NMI = 0.2773 ARI = 0.1693 F = 0.2577 ACC = 0.3565
count 40
Round:  174 Train Loss: -1.888
count 40
Round:  175 Train Loss: -1.891
centeral clustering
Global  NMI = 0.2765 ARI = 0.1688 F = 0.2570 ACC = 0.3595
count 40
Round:  176 Train Loss: -1.890
count 40
Round:  177 Train Loss: -1.889
centeral clustering
Global  NMI = 0.2748 ARI = 0.1672 F = 0.2559 ACC = 0.3497
count 40
Round:  178 Train Loss: -1.890
count 40
Round:  179 Train Loss: -1.890
centeral clustering
Global  NMI = 0.2732 ARI = 0.1642 F = 0.2530 ACC = 0.3533
Global  NMI = 0.3321 ARI = 0.2449 F = 0.3344 ACC = 0.4307
count 40
Round:  180 Train Loss: -1.886
count 40
Round:  181 Train Loss: -1.890
centeral clustering
Global  NMI = 0.2732 ARI = 0.1647 F = 0.2532 ACC = 0.3551
count 40
Round:  182 Train Loss: -1.890
count 40
Round:  183 Train Loss: -1.889
centeral clustering
Global  NMI = 0.2736 ARI = 0.1660 F = 0.2543 ACC = 0.3539
count 40
Round:  184 Train Loss: -1.890
count 40
Round:  185 Train Loss: -1.889
centeral clustering
Global  NMI = 0.2711 ARI = 0.1649 F = 0.2538 ACC = 0.3488
count 40
Round:  186 Train Loss: -1.889
count 40
Round:  187 Train Loss: -1.894
centeral clustering
Global  NMI = 0.2715 ARI = 0.1647 F = 0.2538 ACC = 0.3470
count 40
Round:  188 Train Loss: -1.889
count 40
Round:  189 Train Loss: -1.893
centeral clustering
Global  NMI = 0.2720 ARI = 0.1643 F = 0.2535 ACC = 0.3460
Global  NMI = 0.3168 ARI = 0.2318 F = 0.3205 ACC = 0.4014
count 40
Round:  190 Train Loss: -1.891
count 40
Round:  191 Train Loss: -1.895
centeral clustering
Global  NMI = 0.2727 ARI = 0.1635 F = 0.2528 ACC = 0.3453
count 40
Round:  192 Train Loss: -1.891
count 40
Round:  193 Train Loss: -1.895
centeral clustering
Global  NMI = 0.2725 ARI = 0.1632 F = 0.2523 ACC = 0.3456
count 40
Round:  194 Train Loss: -1.898
count 40
Round:  195 Train Loss: -1.895
centeral clustering
Global  NMI = 0.2727 ARI = 0.1624 F = 0.2516 ACC = 0.3470
count 40
Round:  196 Train Loss: -1.897
count 40
Round:  197 Train Loss: -1.892
centeral clustering
Global  NMI = 0.2740 ARI = 0.1647 F = 0.2526 ACC = 0.3516
count 40
Round:  198 Train Loss: -1.889
count 40
Round:  199 Train Loss: -1.894
centeral clustering
Global  NMI = 0.2738 ARI = 0.1623 F = 0.2511 ACC = 0.3465
Global  NMI = 0.3240 ARI = 0.2341 F = 0.3246 ACC = 0.4218
count 40
Round:  200 Train Loss: -1.896
count 40
Round:  201 Train Loss: -1.895
centeral clustering
Global  NMI = 0.2750 ARI = 0.1647 F = 0.2535 ACC = 0.3431
count 40
Round:  202 Train Loss: -1.895
count 40
Round:  203 Train Loss: -1.890
centeral clustering
Global  NMI = 0.2741 ARI = 0.1636 F = 0.2526 ACC = 0.3481
count 40
Round:  204 Train Loss: -1.896
count 40
Round:  205 Train Loss: -1.894
centeral clustering
Global  NMI = 0.2752 ARI = 0.1654 F = 0.2540 ACC = 0.3519
count 40
Round:  206 Train Loss: -1.897
count 40
Round:  207 Train Loss: -1.897
centeral clustering
Global  NMI = 0.2761 ARI = 0.1636 F = 0.2526 ACC = 0.3452
count 40
Round:  208 Train Loss: -1.891
count 40
Round:  209 Train Loss: -1.892
centeral clustering
Global  NMI = 0.2783 ARI = 0.1703 F = 0.2572 ACC = 0.3617
Global  NMI = 0.3321 ARI = 0.2424 F = 0.3331 ACC = 0.4269
count 40
Round:  210 Train Loss: -1.891
count 40
Round:  211 Train Loss: -1.896
centeral clustering
Global  NMI = 0.2834 ARI = 0.1827 F = 0.2689 ACC = 0.3711
count 40
Round:  212 Train Loss: -1.897
count 40
Round:  213 Train Loss: -1.897
centeral clustering
Global  NMI = 0.2833 ARI = 0.1841 F = 0.2695 ACC = 0.3786
count 40
Round:  214 Train Loss: -1.894
count 40
Round:  215 Train Loss: -1.898
centeral clustering
Global  NMI = 0.2829 ARI = 0.1843 F = 0.2698 ACC = 0.3802
count 40
Round:  216 Train Loss: -1.890
count 40
Round:  217 Train Loss: -1.894
centeral clustering
Global  NMI = 0.2760 ARI = 0.1689 F = 0.2566 ACC = 0.3628
count 40
Round:  218 Train Loss: -1.892
count 40
Round:  219 Train Loss: -1.895
centeral clustering
Global  NMI = 0.2771 ARI = 0.1711 F = 0.2583 ACC = 0.3653
Global  NMI = 0.3376 ARI = 0.2492 F = 0.3374 ACC = 0.4320
count 40
Round:  220 Train Loss: -1.896
count 40
Round:  221 Train Loss: -1.893
centeral clustering
Global  NMI = 0.2794 ARI = 0.1753 F = 0.2618 ACC = 0.3764
count 40
Round:  222 Train Loss: -1.895
count 40
Round:  223 Train Loss: -1.889
centeral clustering
Global  NMI = 0.2794 ARI = 0.1746 F = 0.2612 ACC = 0.3752
count 40
Round:  224 Train Loss: -1.897
count 40
Round:  225 Train Loss: -1.900
centeral clustering
Global  NMI = 0.2788 ARI = 0.1723 F = 0.2593 ACC = 0.3740
count 40
Round:  226 Train Loss: -1.894
count 40
Round:  227 Train Loss: -1.897
centeral clustering
Global  NMI = 0.2759 ARI = 0.1672 F = 0.2549 ACC = 0.3657
count 40
Round:  228 Train Loss: -1.897
count 40
Round:  229 Train Loss: -1.900
centeral clustering
Global  NMI = 0.2788 ARI = 0.1702 F = 0.2574 ACC = 0.3698
Global  NMI = 0.3445 ARI = 0.2549 F = 0.3408 ACC = 0.4352
count 40
Round:  230 Train Loss: -1.896
count 40
Round:  231 Train Loss: -1.896
centeral clustering
Global  NMI = 0.2766 ARI = 0.1670 F = 0.2550 ACC = 0.3629
count 40
Round:  232 Train Loss: -1.896
count 40
Round:  233 Train Loss: -1.897
centeral clustering
Global  NMI = 0.2830 ARI = 0.1784 F = 0.2643 ACC = 0.3830
count 40
Round:  234 Train Loss: -1.896
count 40
Round:  235 Train Loss: -1.898
centeral clustering
Global  NMI = 0.2790 ARI = 0.1686 F = 0.2556 ACC = 0.3685
count 40
Round:  236 Train Loss: -1.899
count 40
Round:  237 Train Loss: -1.897
centeral clustering
Global  NMI = 0.2837 ARI = 0.1739 F = 0.2613 ACC = 0.3543
count 40
Round:  238 Train Loss: -1.895
count 40
Round:  239 Train Loss: -1.899
centeral clustering
Global  NMI = 0.2798 ARI = 0.1696 F = 0.2580 ACC = 0.3700
Global  NMI = 0.3539 ARI = 0.2522 F = 0.3412 ACC = 0.4493
count 40
Round:  240 Train Loss: -1.901
count 40
Round:  241 Train Loss: -1.900
centeral clustering
Global  NMI = 0.2844 ARI = 0.1736 F = 0.2628 ACC = 0.3679
count 40
Round:  242 Train Loss: -1.895
count 40
Round:  243 Train Loss: -1.898
centeral clustering
Global  NMI = 0.2865 ARI = 0.1764 F = 0.2655 ACC = 0.3720
count 40
Round:  244 Train Loss: -1.901
count 40
Round:  245 Train Loss: -1.896
centeral clustering
Global  NMI = 0.2872 ARI = 0.1761 F = 0.2653 ACC = 0.3692
count 40
Round:  246 Train Loss: -1.897
count 40
Round:  247 Train Loss: -1.901
centeral clustering
Global  NMI = 0.2874 ARI = 0.1760 F = 0.2663 ACC = 0.3669
count 40
Round:  248 Train Loss: -1.898
count 40
Round:  249 Train Loss: -1.896
centeral clustering
Global  NMI = 0.2871 ARI = 0.1753 F = 0.2654 ACC = 0.3664
Global  NMI = 0.3618 ARI = 0.2692 F = 0.3491 ACC = 0.4769
count 40
Round:  250 Train Loss: -1.896
count 40
Round:  251 Train Loss: -1.899
centeral clustering
Global  NMI = 0.2879 ARI = 0.1767 F = 0.2671 ACC = 0.3671
count 40
Round:  252 Train Loss: -1.893
count 40
Round:  253 Train Loss: -1.897
centeral clustering
Global  NMI = 0.2893 ARI = 0.1777 F = 0.2680 ACC = 0.3670
count 40
Round:  254 Train Loss: -1.894
count 40
Round:  255 Train Loss: -1.897
centeral clustering
Global  NMI = 0.2893 ARI = 0.1788 F = 0.2690 ACC = 0.3681
count 40
Round:  256 Train Loss: -1.894
count 40
Round:  257 Train Loss: -1.896
centeral clustering
Global  NMI = 0.2896 ARI = 0.1779 F = 0.2684 ACC = 0.3673
count 40
Round:  258 Train Loss: -1.897
count 40
Round:  259 Train Loss: -1.893
centeral clustering
Global  NMI = 0.2875 ARI = 0.1755 F = 0.2664 ACC = 0.3630
Global  NMI = 0.3324 ARI = 0.2091 F = 0.3194 ACC = 0.3890
count 40
Round:  260 Train Loss: -1.893
count 40
Round:  261 Train Loss: -1.892
centeral clustering
Global  NMI = 0.2841 ARI = 0.1731 F = 0.2638 ACC = 0.3563
count 40
Round:  262 Train Loss: -1.894
count 40
Round:  263 Train Loss: -1.888
centeral clustering
Global  NMI = 0.2818 ARI = 0.1761 F = 0.2686 ACC = 0.3611
count 40
Round:  264 Train Loss: -1.892
count 40
Round:  265 Train Loss: -1.889
centeral clustering
Global  NMI = 0.2821 ARI = 0.1752 F = 0.2684 ACC = 0.3617
count 40
Round:  266 Train Loss: -1.889
count 40
Round:  267 Train Loss: -1.892
centeral clustering
Global  NMI = 0.2853 ARI = 0.1692 F = 0.2634 ACC = 0.3436
count 40
Round:  268 Train Loss: -1.886
count 40
Round:  269 Train Loss: -1.888
centeral clustering
Global  NMI = 0.2825 ARI = 0.1687 F = 0.2639 ACC = 0.3388
Global  NMI = 0.3410 ARI = 0.2191 F = 0.3227 ACC = 0.3982
count 40
Round:  270 Train Loss: -1.887
count 40
Round:  271 Train Loss: -1.892
centeral clustering
Global  NMI = 0.2817 ARI = 0.1674 F = 0.2609 ACC = 0.3421
count 40
Round:  272 Train Loss: -1.889
count 40
Round:  273 Train Loss: -1.891
centeral clustering
Global  NMI = 0.2826 ARI = 0.1755 F = 0.2649 ACC = 0.3783
count 40
Round:  274 Train Loss: -1.890
count 40
Round:  275 Train Loss: -1.893
centeral clustering
Global  NMI = 0.2799 ARI = 0.1723 F = 0.2613 ACC = 0.3746
count 40
Round:  276 Train Loss: -1.890
count 40
Round:  277 Train Loss: -1.890
centeral clustering
Global  NMI = 0.2765 ARI = 0.1697 F = 0.2582 ACC = 0.3700
count 40
Round:  278 Train Loss: -1.894
count 40
Round:  279 Train Loss: -1.897
centeral clustering
Global  NMI = 0.2757 ARI = 0.1607 F = 0.2511 ACC = 0.3328
Global  NMI = 0.3220 ARI = 0.2092 F = 0.3127 ACC = 0.3849
count 40
Round:  280 Train Loss: -1.892
count 40
Round:  281 Train Loss: -1.897
centeral clustering
Global  NMI = 0.2718 ARI = 0.1581 F = 0.2495 ACC = 0.3236
count 40
Round:  282 Train Loss: -1.898
count 40
Round:  283 Train Loss: -1.900
centeral clustering
Global  NMI = 0.2723 ARI = 0.1580 F = 0.2489 ACC = 0.3210
count 40
Round:  284 Train Loss: -1.895
count 40
Round:  285 Train Loss: -1.898
centeral clustering
Global  NMI = 0.2717 ARI = 0.1576 F = 0.2484 ACC = 0.3201
count 40
Round:  286 Train Loss: -1.903
count 40
Round:  287 Train Loss: -1.902
centeral clustering
Global  NMI = 0.2701 ARI = 0.1543 F = 0.2456 ACC = 0.3142
count 40
Round:  288 Train Loss: -1.901
count 40
Round:  289 Train Loss: -1.905
centeral clustering
Global  NMI = 0.2712 ARI = 0.1574 F = 0.2482 ACC = 0.3195
Global  NMI = 0.3207 ARI = 0.2088 F = 0.3056 ACC = 0.4030
count 40
Round:  290 Train Loss: -1.908
count 40
Round:  291 Train Loss: -1.901
centeral clustering
Global  NMI = 0.2719 ARI = 0.1581 F = 0.2489 ACC = 0.3201
count 40
Round:  292 Train Loss: -1.904
count 40
Round:  293 Train Loss: -1.899
centeral clustering
Global  NMI = 0.2705 ARI = 0.1585 F = 0.2497 ACC = 0.3189
count 40
Round:  294 Train Loss: -1.907
count 40
Round:  295 Train Loss: -1.901
centeral clustering
Global  NMI = 0.2696 ARI = 0.1578 F = 0.2497 ACC = 0.3194
count 40
Round:  296 Train Loss: -1.908
count 40
Round:  297 Train Loss: -1.907
centeral clustering
Global  NMI = 0.2669 ARI = 0.1556 F = 0.2481 ACC = 0.3222
count 40
Round:  298 Train Loss: -1.903
count 40
Round:  299 Train Loss: -1.908
centeral clustering
Global  NMI = 0.2673 ARI = 0.1568 F = 0.2502 ACC = 0.3188
Global  NMI = 0.3234 ARI = 0.2113 F = 0.3133 ACC = 0.3968
count 40
Round:  300 Train Loss: -1.904
count 40
Round:  301 Train Loss: -1.909
centeral clustering
Global  NMI = 0.2679 ARI = 0.1559 F = 0.2489 ACC = 0.3183
count 40
Round:  302 Train Loss: -1.906
count 40
Round:  303 Train Loss: -1.904
centeral clustering
Global  NMI = 0.2697 ARI = 0.1589 F = 0.2517 ACC = 0.3256
count 40
Round:  304 Train Loss: -1.903
count 40
Round:  305 Train Loss: -1.903
centeral clustering
Global  NMI = 0.2685 ARI = 0.1575 F = 0.2507 ACC = 0.3187
count 40
Round:  306 Train Loss: -1.901
count 40
Round:  307 Train Loss: -1.910
centeral clustering
Global  NMI = 0.2685 ARI = 0.1557 F = 0.2494 ACC = 0.3209
count 40
Round:  308 Train Loss: -1.907
count 40
Round:  309 Train Loss: -1.901
centeral clustering
Global  NMI = 0.2702 ARI = 0.1586 F = 0.2515 ACC = 0.3259
Global  NMI = 0.3361 ARI = 0.2409 F = 0.3269 ACC = 0.4415
count 40
Round:  310 Train Loss: -1.913
count 40
Round:  311 Train Loss: -1.907
centeral clustering
Global  NMI = 0.2673 ARI = 0.1576 F = 0.2513 ACC = 0.3194
count 40
Round:  312 Train Loss: -1.908
count 40
Round:  313 Train Loss: -1.911
centeral clustering
Global  NMI = 0.2686 ARI = 0.1574 F = 0.2508 ACC = 0.3205
count 40
Round:  314 Train Loss: -1.906
count 40
Round:  315 Train Loss: -1.908
centeral clustering
Global  NMI = 0.2655 ARI = 0.1560 F = 0.2499 ACC = 0.3162
count 40
Round:  316 Train Loss: -1.906
count 40
Round:  317 Train Loss: -1.908
centeral clustering
Global  NMI = 0.2669 ARI = 0.1558 F = 0.2495 ACC = 0.3181
count 40
Round:  318 Train Loss: -1.908
count 40
Round:  319 Train Loss: -1.909
centeral clustering
Global  NMI = 0.2679 ARI = 0.1565 F = 0.2503 ACC = 0.3160
Global  NMI = 0.3110 ARI = 0.2024 F = 0.3041 ACC = 0.3821
count 40
Round:  320 Train Loss: -1.905
count 40
Round:  321 Train Loss: -1.908
centeral clustering
Global  NMI = 0.2662 ARI = 0.1553 F = 0.2487 ACC = 0.3133
count 40
Round:  322 Train Loss: -1.911
count 40
Round:  323 Train Loss: -1.908
centeral clustering
Global  NMI = 0.2682 ARI = 0.1567 F = 0.2500 ACC = 0.3177
count 40
Round:  324 Train Loss: -1.909
count 40
Round:  325 Train Loss: -1.906
centeral clustering
Global  NMI = 0.2707 ARI = 0.1585 F = 0.2526 ACC = 0.3250
count 40
Round:  326 Train Loss: -1.908
count 40
Round:  327 Train Loss: -1.912
centeral clustering
Global  NMI = 0.2707 ARI = 0.1581 F = 0.2525 ACC = 0.3282
count 40
Round:  328 Train Loss: -1.910
count 40
Round:  329 Train Loss: -1.906
centeral clustering
Global  NMI = 0.2698 ARI = 0.1591 F = 0.2536 ACC = 0.3303
Global  NMI = 0.3261 ARI = 0.2194 F = 0.3169 ACC = 0.4149
count 40
Round:  330 Train Loss: -1.903
count 40
Round:  331 Train Loss: -1.906
centeral clustering
Global  NMI = 0.2623 ARI = 0.1546 F = 0.2488 ACC = 0.3345
count 40
Round:  332 Train Loss: -1.909
count 40
Round:  333 Train Loss: -1.911
centeral clustering
Global  NMI = 0.2637 ARI = 0.1565 F = 0.2506 ACC = 0.3328
count 40
Round:  334 Train Loss: -1.913
count 40
Round:  335 Train Loss: -1.909
centeral clustering
Global  NMI = 0.2613 ARI = 0.1538 F = 0.2473 ACC = 0.3312
count 40
Round:  336 Train Loss: -1.908
count 40
Round:  337 Train Loss: -1.907
centeral clustering
Global  NMI = 0.2620 ARI = 0.1543 F = 0.2482 ACC = 0.3272
count 40
Round:  338 Train Loss: -1.906
count 40
Round:  339 Train Loss: -1.908
centeral clustering
Global  NMI = 0.2621 ARI = 0.1545 F = 0.2479 ACC = 0.3267
Global  NMI = 0.3121 ARI = 0.2119 F = 0.3037 ACC = 0.4096
count 40
Round:  340 Train Loss: -1.909
count 40
Round:  341 Train Loss: -1.904
centeral clustering
Global  NMI = 0.2601 ARI = 0.1513 F = 0.2450 ACC = 0.3272
count 40
Round:  342 Train Loss: -1.909
count 40
Round:  343 Train Loss: -1.908
centeral clustering
Global  NMI = 0.2598 ARI = 0.1514 F = 0.2452 ACC = 0.3226
count 40
Round:  344 Train Loss: -1.908
count 40
Round:  345 Train Loss: -1.912
centeral clustering
Global  NMI = 0.2603 ARI = 0.1523 F = 0.2466 ACC = 0.3192
count 40
Round:  346 Train Loss: -1.909
count 40
Round:  347 Train Loss: -1.911
centeral clustering
Global  NMI = 0.2578 ARI = 0.1504 F = 0.2444 ACC = 0.3156
count 40
Round:  348 Train Loss: -1.910
count 40
Round:  349 Train Loss: -1.909
centeral clustering
Global  NMI = 0.2586 ARI = 0.1506 F = 0.2448 ACC = 0.3167
Global  NMI = 0.2982 ARI = 0.1909 F = 0.3041 ACC = 0.3703
count 40
Round:  350 Train Loss: -1.911
count 40
Round:  351 Train Loss: -1.905
centeral clustering
Global  NMI = 0.2573 ARI = 0.1509 F = 0.2458 ACC = 0.3209
count 40
Round:  352 Train Loss: -1.906
count 40
Round:  353 Train Loss: -1.905
centeral clustering
Global  NMI = 0.2538 ARI = 0.1489 F = 0.2437 ACC = 0.3158
