nohup: ignoring input
cuda:3
Namespace(batch_size=145, data_root='./datasets', eta=0, exp_dir='./save/CCFC++/Img', global_lr=1, image_size=224, k=10, latent_dim=256, lbd=0.1, lr=0.0005, mini_bs=145, n_clients=1, num_proj_layers=2, num_workers=6, p=0.0, pre_hidden_dim=64, proj_hidden_dim=512, resnet='ResNet18', seed=66, test_image_size=256, trial='v1')
Global  NMI = 0.1500 ARI = 0.0709 F = 0.1726 ACC = 0.2388
backbone.conv1.weight
backbone.bn1.weight
backbone.bn1.bias
backbone.bn1.running_mean
backbone.bn1.running_var
backbone.bn1.num_batches_tracked
backbone.layer1.0.conv1.weight
backbone.layer1.0.bn1.weight
backbone.layer1.0.bn1.bias
backbone.layer1.0.bn1.running_mean
backbone.layer1.0.bn1.running_var
backbone.layer1.0.bn1.num_batches_tracked
backbone.layer1.0.conv2.weight
backbone.layer1.0.bn2.weight
backbone.layer1.0.bn2.bias
backbone.layer1.0.bn2.running_mean
backbone.layer1.0.bn2.running_var
backbone.layer1.0.bn2.num_batches_tracked
backbone.layer1.1.conv1.weight
backbone.layer1.1.bn1.weight
backbone.layer1.1.bn1.bias
backbone.layer1.1.bn1.running_mean
backbone.layer1.1.bn1.running_var
backbone.layer1.1.bn1.num_batches_tracked
backbone.layer1.1.conv2.weight
backbone.layer1.1.bn2.weight
backbone.layer1.1.bn2.bias
backbone.layer1.1.bn2.running_mean
backbone.layer1.1.bn2.running_var
backbone.layer1.1.bn2.num_batches_tracked
backbone.layer2.0.conv1.weight
backbone.layer2.0.bn1.weight
backbone.layer2.0.bn1.bias
backbone.layer2.0.bn1.running_mean
backbone.layer2.0.bn1.running_var
backbone.layer2.0.bn1.num_batches_tracked
backbone.layer2.0.conv2.weight
backbone.layer2.0.bn2.weight
backbone.layer2.0.bn2.bias
backbone.layer2.0.bn2.running_mean
backbone.layer2.0.bn2.running_var
backbone.layer2.0.bn2.num_batches_tracked
backbone.layer2.0.downsample.0.weight
backbone.layer2.0.downsample.1.weight
backbone.layer2.0.downsample.1.bias
backbone.layer2.0.downsample.1.running_mean
backbone.layer2.0.downsample.1.running_var
backbone.layer2.0.downsample.1.num_batches_tracked
backbone.layer2.1.conv1.weight
backbone.layer2.1.bn1.weight
backbone.layer2.1.bn1.bias
backbone.layer2.1.bn1.running_mean
backbone.layer2.1.bn1.running_var
backbone.layer2.1.bn1.num_batches_tracked
backbone.layer2.1.conv2.weight
backbone.layer2.1.bn2.weight
backbone.layer2.1.bn2.bias
backbone.layer2.1.bn2.running_mean
backbone.layer2.1.bn2.running_var
backbone.layer2.1.bn2.num_batches_tracked
backbone.layer3.0.conv1.weight
backbone.layer3.0.bn1.weight
backbone.layer3.0.bn1.bias
backbone.layer3.0.bn1.running_mean
backbone.layer3.0.bn1.running_var
backbone.layer3.0.bn1.num_batches_tracked
backbone.layer3.0.conv2.weight
backbone.layer3.0.bn2.weight
backbone.layer3.0.bn2.bias
backbone.layer3.0.bn2.running_mean
backbone.layer3.0.bn2.running_var
backbone.layer3.0.bn2.num_batches_tracked
backbone.layer3.0.downsample.0.weight
backbone.layer3.0.downsample.1.weight
backbone.layer3.0.downsample.1.bias
backbone.layer3.0.downsample.1.running_mean
backbone.layer3.0.downsample.1.running_var
backbone.layer3.0.downsample.1.num_batches_tracked
backbone.layer3.1.conv1.weight
backbone.layer3.1.bn1.weight
backbone.layer3.1.bn1.bias
backbone.layer3.1.bn1.running_mean
backbone.layer3.1.bn1.running_var
backbone.layer3.1.bn1.num_batches_tracked
backbone.layer3.1.conv2.weight
backbone.layer3.1.bn2.weight
backbone.layer3.1.bn2.bias
backbone.layer3.1.bn2.running_mean
backbone.layer3.1.bn2.running_var
backbone.layer3.1.bn2.num_batches_tracked
backbone.layer4.0.conv1.weight
backbone.layer4.0.bn1.weight
backbone.layer4.0.bn1.bias
backbone.layer4.0.bn1.running_mean
backbone.layer4.0.bn1.running_var
backbone.layer4.0.bn1.num_batches_tracked
backbone.layer4.0.conv2.weight
backbone.layer4.0.bn2.weight
backbone.layer4.0.bn2.bias
backbone.layer4.0.bn2.running_mean
backbone.layer4.0.bn2.running_var
backbone.layer4.0.bn2.num_batches_tracked
backbone.layer4.0.downsample.0.weight
backbone.layer4.0.downsample.1.weight
backbone.layer4.0.downsample.1.bias
backbone.layer4.0.downsample.1.running_mean
backbone.layer4.0.downsample.1.running_var
backbone.layer4.0.downsample.1.num_batches_tracked
backbone.layer4.1.conv1.weight
backbone.layer4.1.bn1.weight
backbone.layer4.1.bn1.bias
backbone.layer4.1.bn1.running_mean
backbone.layer4.1.bn1.running_var
backbone.layer4.1.bn1.num_batches_tracked
backbone.layer4.1.conv2.weight
backbone.layer4.1.bn2.weight
backbone.layer4.1.bn2.bias
backbone.layer4.1.bn2.running_mean
backbone.layer4.1.bn2.running_var
backbone.layer4.1.bn2.num_batches_tracked
projector.layer1.0.weight
projector.layer1.0.bias
projector.layer2.0.weight
projector.layer2.0.bias
projector.layer2.1.weight
projector.layer2.1.bias
projector.layer2.1.running_mean
projector.layer2.1.running_var
projector.layer2.1.num_batches_tracked
projector.layer3.0.weight
projector.layer3.0.bias
projector.layer3.1.running_mean
projector.layer3.1.running_var
projector.layer3.1.num_batches_tracked
predictor.layer1.0.weight
predictor.layer1.0.bias
predictor.layer1.1.weight
predictor.layer1.1.bias
predictor.layer1.1.running_mean
predictor.layer1.1.running_var
predictor.layer1.1.num_batches_tracked
predictor.layer2.weight
predictor.layer2.bias
Round:  0 Train Loss: -1.109
Global  NMI = 0.1593 ARI = 0.0354 F = 0.2762 ACC = 0.1692
Round:  1 Train Loss: -1.646
Global  NMI = 0.1291 ARI = 0.0389 F = 0.2023 ACC = 0.1897
Round:  2 Train Loss: -1.702
Global  NMI = 0.1527 ARI = 0.0646 F = 0.2246 ACC = 0.2234
Round:  3 Train Loss: -1.874
Global  NMI = 0.1529 ARI = 0.0741 F = 0.1992 ACC = 0.2452
Round:  4 Train Loss: -1.909
Global  NMI = 0.1390 ARI = 0.0612 F = 0.2062 ACC = 0.2332
Round:  5 Train Loss: -1.920
Global  NMI = 0.1548 ARI = 0.0728 F = 0.1959 ACC = 0.2307
Round:  6 Train Loss: -1.914
Global  NMI = 0.1442 ARI = 0.0532 F = 0.2362 ACC = 0.2171
Round:  7 Train Loss: -1.863
Global  NMI = 0.1039 ARI = 0.0435 F = 0.2309 ACC = 0.1975
Round:  8 Train Loss: -1.817
Global  NMI = 0.1419 ARI = 0.0691 F = 0.2186 ACC = 0.2285
Round:  9 Train Loss: -1.729
Global  NMI = 0.1489 ARI = 0.0844 F = 0.1875 ACC = 0.2389
Round:  10 Train Loss: -1.282
Global  NMI = 0.0954 ARI = 0.0470 F = 0.1790 ACC = 0.1851
Round:  11 Train Loss: -1.531
Global  NMI = 0.1364 ARI = 0.0301 F = 0.2320 ACC = 0.1632
Round:  12 Train Loss: -1.780
Global  NMI = 0.0895 ARI = 0.0444 F = 0.2255 ACC = 0.1634
Round:  13 Train Loss: -1.750
Global  NMI = 0.0599 ARI = 0.0228 F = 0.1994 ACC = 0.1606
Round:  14 Train Loss: -1.827
Global  NMI = 0.0868 ARI = 0.0482 F = 0.2028 ACC = 0.1736
Round:  15 Train Loss: -1.647
Global  NMI = 0.0973 ARI = 0.0485 F = 0.2016 ACC = 0.1938
Round:  16 Train Loss: -1.843
Global  NMI = 0.1165 ARI = 0.0622 F = 0.1957 ACC = 0.2055
Round:  17 Train Loss: -1.891
Global  NMI = 0.1457 ARI = 0.0804 F = 0.2140 ACC = 0.2343
Round:  18 Train Loss: -1.891
Global  NMI = 0.1601 ARI = 0.0846 F = 0.1991 ACC = 0.2435
Round:  19 Train Loss: -1.933
Global  NMI = 0.1483 ARI = 0.0786 F = 0.2043 ACC = 0.2415
Round:  20 Train Loss: -1.927
Global  NMI = 0.1192 ARI = 0.0608 F = 0.1744 ACC = 0.2292
Round:  21 Train Loss: -1.942
Global  NMI = 0.1318 ARI = 0.0609 F = 0.1924 ACC = 0.2314
Round:  22 Train Loss: -1.938
Global  NMI = 0.1300 ARI = 0.0733 F = 0.1967 ACC = 0.2378
Round:  23 Train Loss: -1.923
Global  NMI = 0.0967 ARI = 0.0596 F = 0.2060 ACC = 0.2047
Round:  24 Train Loss: -1.907
Global  NMI = 0.1297 ARI = 0.0752 F = 0.1907 ACC = 0.2335
Round:  25 Train Loss: -1.436
Global  NMI = 0.1369 ARI = 0.0593 F = 0.1786 ACC = 0.2235
Round:  26 Train Loss: -1.496
Global  NMI = 0.1676 ARI = 0.0332 F = 0.2633 ACC = 0.1790
Round:  27 Train Loss: -1.823
Global  NMI = 0.1546 ARI = 0.0348 F = 0.2268 ACC = 0.1844
Round:  28 Train Loss: -1.892
Global  NMI = 0.1189 ARI = 0.0361 F = 0.2006 ACC = 0.1738
Round:  29 Train Loss: -1.868
Global  NMI = 0.1230 ARI = 0.0395 F = 0.1745 ACC = 0.1897
Round:  30 Train Loss: -1.857
Global  NMI = 0.1322 ARI = 0.0343 F = 0.2191 ACC = 0.1658
Round:  31 Train Loss: -1.808
Global  NMI = 0.1573 ARI = 0.0277 F = 0.2767 ACC = 0.1631
Round:  32 Train Loss: -1.842
Global  NMI = 0.1568 ARI = 0.0443 F = 0.2401 ACC = 0.1790
Round:  33 Train Loss: -1.800
Global  NMI = 0.1522 ARI = 0.0632 F = 0.1836 ACC = 0.2038
Round:  34 Train Loss: -1.615
Global  NMI = 0.1558 ARI = 0.0830 F = 0.1987 ACC = 0.2264
Round:  35 Train Loss: -1.525
Global  NMI = 0.1636 ARI = 0.0830 F = 0.2144 ACC = 0.2152
Round:  36 Train Loss: -1.364
Global  NMI = 0.1520 ARI = 0.0338 F = 0.2435 ACC = 0.1784
Round:  37 Train Loss: -1.702
Global  NMI = 0.1718 ARI = 0.0581 F = 0.1969 ACC = 0.2296
Round:  38 Train Loss: -1.469
Global  NMI = 0.1693 ARI = 0.0499 F = 0.2266 ACC = 0.2280
Round:  39 Train Loss: -1.734
Global  NMI = 0.1295 ARI = 0.0449 F = 0.1939 ACC = 0.2032
Round:  40 Train Loss: -1.481
Global  NMI = 0.1418 ARI = 0.0312 F = 0.2095 ACC = 0.1601
Round:  41 Train Loss: -1.669
Global  NMI = 0.2029 ARI = 0.0911 F = 0.2508 ACC = 0.2449
Round:  42 Train Loss: -1.765
Global  NMI = 0.1529 ARI = 0.0343 F = 0.2622 ACC = 0.1679
Round:  43 Train Loss: -1.939
Global  NMI = 0.1639 ARI = 0.0306 F = 0.2636 ACC = 0.1706
Round:  44 Train Loss: -1.937
Global  NMI = 0.1394 ARI = 0.0181 F = 0.3023 ACC = 0.1333
Round:  45 Train Loss: -1.936
Global  NMI = 0.1660 ARI = 0.0342 F = 0.2744 ACC = 0.1668
Round:  46 Train Loss: -1.903
Global  NMI = 0.1870 ARI = 0.0772 F = 0.2057 ACC = 0.2568
Round:  47 Train Loss: -1.384
Global  NMI = 0.1175 ARI = 0.0605 F = 0.1773 ACC = 0.2169
Round:  48 Train Loss: -1.748
Global  NMI = 0.1755 ARI = 0.0602 F = 0.2090 ACC = 0.2114
Round:  49 Train Loss: -1.719
Global  NMI = 0.1682 ARI = 0.0802 F = 0.2117 ACC = 0.2076
Round:  50 Train Loss: -1.743
Global  NMI = 0.1501 ARI = 0.0639 F = 0.1759 ACC = 0.2295
Round:  51 Train Loss: -1.552
Global  NMI = 0.1605 ARI = 0.0469 F = 0.2404 ACC = 0.2227
Round:  52 Train Loss: -1.681
Global  NMI = 0.1725 ARI = 0.0319 F = 0.2808 ACC = 0.1525
Round:  53 Train Loss: -1.796
Global  NMI = 0.1860 ARI = 0.0762 F = 0.1944 ACC = 0.2217
Round:  54 Train Loss: -1.467
Global  NMI = 0.1589 ARI = 0.0270 F = 0.2821 ACC = 0.1447
Round:  55 Train Loss: -1.601
Global  NMI = 0.1581 ARI = 0.0273 F = 0.2833 ACC = 0.1458
Round:  56 Train Loss: -1.857
Global  NMI = 0.1602 ARI = 0.0326 F = 0.2622 ACC = 0.1605
Round:  57 Train Loss: -1.551
Global  NMI = 0.1763 ARI = 0.0452 F = 0.2432 ACC = 0.2017
Round:  58 Train Loss: -1.620
Global  NMI = 0.1175 ARI = 0.0258 F = 0.2718 ACC = 0.1662
Round:  59 Train Loss: -1.799
Global  NMI = 0.1448 ARI = 0.0468 F = 0.2367 ACC = 0.1803
Round:  60 Train Loss: -1.405
Global  NMI = 0.1262 ARI = 0.0481 F = 0.2403 ACC = 0.1921
Round:  61 Train Loss: -1.571
Global  NMI = 0.1345 ARI = 0.0211 F = 0.2949 ACC = 0.1242
Round:  62 Train Loss: -1.815
Global  NMI = 0.1405 ARI = 0.0223 F = 0.2954 ACC = 0.1255
Round:  63 Train Loss: -1.834
Global  NMI = 0.1746 ARI = 0.0707 F = 0.2240 ACC = 0.2144
Round:  64 Train Loss: -1.390
Global  NMI = 0.1300 ARI = 0.0392 F = 0.2195 ACC = 0.1822
Round:  65 Train Loss: -1.693
Global  NMI = 0.1597 ARI = 0.0252 F = 0.2960 ACC = 0.1399
Round:  66 Train Loss: -1.798
Global  NMI = 0.1687 ARI = 0.0313 F = 0.2792 ACC = 0.1521
Round:  67 Train Loss: -1.784
Global  NMI = 0.1819 ARI = 0.0742 F = 0.2218 ACC = 0.2400
Round:  68 Train Loss: -1.795
Global  NMI = 0.1511 ARI = 0.0554 F = 0.1810 ACC = 0.2017
Round:  69 Train Loss: -1.597
Global  NMI = 0.1625 ARI = 0.0455 F = 0.2657 ACC = 0.1973
Round:  70 Train Loss: -1.726
Global  NMI = 0.1562 ARI = 0.0568 F = 0.2314 ACC = 0.1934
Round:  71 Train Loss: -1.685
Global  NMI = 0.1612 ARI = 0.0805 F = 0.2100 ACC = 0.2398
Round:  72 Train Loss: -1.656
Global  NMI = 0.1629 ARI = 0.0870 F = 0.1959 ACC = 0.2434
Round:  73 Train Loss: -1.522
Global  NMI = 0.1760 ARI = 0.0708 F = 0.2369 ACC = 0.2226
Round:  74 Train Loss: -1.768
Global  NMI = 0.1230 ARI = 0.0272 F = 0.2290 ACC = 0.1642
Round:  75 Train Loss: -1.861
Global  NMI = 0.1326 ARI = 0.0144 F = 0.3071 ACC = 0.1253
Round:  76 Train Loss: -1.932
Global  NMI = 0.1634 ARI = 0.0539 F = 0.2640 ACC = 0.1803
Round:  77 Train Loss: -1.612
Global  NMI = 0.1678 ARI = 0.0380 F = 0.3026 ACC = 0.1886
Round:  78 Train Loss: -1.776
Global  NMI = 0.0806 ARI = 0.0144 F = 0.2426 ACC = 0.1534
Round:  79 Train Loss: -1.683
Global  NMI = 0.1337 ARI = 0.0166 F = 0.3029 ACC = 0.1237
Round:  80 Train Loss: -1.885
Global  NMI = 0.1707 ARI = 0.0667 F = 0.2774 ACC = 0.1968
Round:  81 Train Loss: -1.937
Global  NMI = 0.1578 ARI = 0.0544 F = 0.2601 ACC = 0.1925
Round:  82 Train Loss: -1.946
Global  NMI = 0.1640 ARI = 0.0678 F = 0.2732 ACC = 0.2048
Round:  83 Train Loss: -1.943
Global  NMI = 0.1093 ARI = 0.0113 F = 0.3025 ACC = 0.1237
Round:  84 Train Loss: -1.952
Global  NMI = 0.1684 ARI = 0.0515 F = 0.2687 ACC = 0.1945
Round:  85 Train Loss: -1.933
Global  NMI = 0.1269 ARI = 0.0395 F = 0.2440 ACC = 0.1875
Round:  86 Train Loss: -1.943
Global  NMI = 0.1336 ARI = 0.0446 F = 0.2536 ACC = 0.1965
Round:  87 Train Loss: -1.946
Global  NMI = 0.1200 ARI = 0.0175 F = 0.3061 ACC = 0.1507
Round:  88 Train Loss: -1.952
Global  NMI = 0.1355 ARI = 0.0431 F = 0.1952 ACC = 0.2030
Round:  89 Train Loss: -1.957
Global  NMI = 0.1405 ARI = 0.0436 F = 0.2120 ACC = 0.2049
Round:  90 Train Loss: -1.952
Global  NMI = 0.1369 ARI = 0.0475 F = 0.2063 ACC = 0.2148
Round:  91 Train Loss: -1.959
Global  NMI = 0.1543 ARI = 0.0286 F = 0.3023 ACC = 0.1654
Round:  92 Train Loss: -1.959
Global  NMI = 0.1544 ARI = 0.0515 F = 0.2265 ACC = 0.2134
Round:  93 Train Loss: -1.962
Global  NMI = 0.1639 ARI = 0.0612 F = 0.2056 ACC = 0.2160
Round:  94 Train Loss: -1.958
Global  NMI = 0.1506 ARI = 0.0353 F = 0.2766 ACC = 0.1668
Round:  95 Train Loss: -1.958
Global  NMI = 0.1822 ARI = 0.0700 F = 0.2589 ACC = 0.2052
Round:  96 Train Loss: -1.956
Global  NMI = 0.1789 ARI = 0.0673 F = 0.1982 ACC = 0.2200
Round:  97 Train Loss: -1.822
Global  NMI = 0.1814 ARI = 0.0886 F = 0.1906 ACC = 0.2453
Round:  98 Train Loss: -1.425
Global  NMI = 0.1435 ARI = 0.0195 F = 0.3012 ACC = 0.1260
Round:  99 Train Loss: -1.835
Global  NMI = 0.2114 ARI = 0.0861 F = 0.2786 ACC = 0.2144
Round:  100 Train Loss: -1.880
Global  NMI = 0.1523 ARI = 0.0626 F = 0.2534 ACC = 0.2097
Round:  101 Train Loss: -1.934
Global  NMI = 0.1483 ARI = 0.0683 F = 0.1771 ACC = 0.2180
Round:  102 Train Loss: -1.313
Global  NMI = 0.1577 ARI = 0.0399 F = 0.2660 ACC = 0.2071
Round:  103 Train Loss: -1.804
Global  NMI = 0.0571 ARI = 0.0025 F = 0.2881 ACC = 0.1243
Round:  104 Train Loss: -1.834
Global  NMI = 0.1341 ARI = 0.0285 F = 0.2636 ACC = 0.1696
Round:  105 Train Loss: -1.911
Global  NMI = 0.0997 ARI = 0.0353 F = 0.2411 ACC = 0.1854
Round:  106 Train Loss: -1.901
Global  NMI = 0.1090 ARI = 0.0518 F = 0.1842 ACC = 0.2126
Round:  107 Train Loss: -1.602
Global  NMI = 0.0405 ARI = 0.0118 F = 0.2012 ACC = 0.1491
Round:  108 Train Loss: -1.660
Global  NMI = 0.0441 ARI = 0.0072 F = 0.2593 ACC = 0.1397
Round:  109 Train Loss: -1.752
Global  NMI = 0.0288 ARI = 0.0111 F = 0.1930 ACC = 0.1408
Round:  110 Train Loss: -1.834
Global  NMI = 0.0323 ARI = 0.0124 F = 0.2272 ACC = 0.1408
Round:  111 Train Loss: -1.853
Global  NMI = 0.0636 ARI = 0.0171 F = 0.2717 ACC = 0.1578
Round:  112 Train Loss: -1.909
Global  NMI = 0.0209 ARI = 0.0010 F = 0.2939 ACC = 0.1151
Round:  113 Train Loss: -1.932
Global  NMI = 0.0310 ARI = 0.0026 F = 0.2837 ACC = 0.1231
Round:  114 Train Loss: -1.945
Global  NMI = 0.0331 ARI = 0.0032 F = 0.2799 ACC = 0.1252
Round:  115 Train Loss: -1.951
Global  NMI = 0.0495 ARI = 0.0133 F = 0.2499 ACC = 0.1524
Round:  116 Train Loss: -1.955
Global  NMI = 0.0728 ARI = 0.0218 F = 0.2599 ACC = 0.1636
Round:  117 Train Loss: -1.954
Global  NMI = 0.0855 ARI = 0.0372 F = 0.2137 ACC = 0.1897
Round:  118 Train Loss: -1.950
Global  NMI = 0.0989 ARI = 0.0469 F = 0.2204 ACC = 0.2006
Round:  119 Train Loss: -1.953
Global  NMI = 0.1186 ARI = 0.0611 F = 0.2078 ACC = 0.2100
Round:  120 Train Loss: -1.855
Global  NMI = 0.1490 ARI = 0.0898 F = 0.1957 ACC = 0.2412
Round:  121 Train Loss: -1.219
Global  NMI = 0.0546 ARI = 0.0118 F = 0.2551 ACC = 0.1453
Round:  122 Train Loss: -1.425
Global  NMI = 0.1140 ARI = 0.0705 F = 0.1808 ACC = 0.2165
Round:  123 Train Loss: -1.643
Global  NMI = 0.0375 ARI = 0.0139 F = 0.2217 ACC = 0.1523
Round:  124 Train Loss: -1.922
Global  NMI = 0.0830 ARI = 0.0344 F = 0.2188 ACC = 0.1866
Round:  125 Train Loss: -1.930
Global  NMI = 0.0866 ARI = 0.0380 F = 0.2029 ACC = 0.1818
Round:  126 Train Loss: -1.857
Global  NMI = 0.0924 ARI = 0.0385 F = 0.2047 ACC = 0.1720
Round:  127 Train Loss: -1.835
Global  NMI = 0.1067 ARI = 0.0510 F = 0.1892 ACC = 0.1967
Round:  128 Train Loss: -1.519
Global  NMI = 0.1371 ARI = 0.0876 F = 0.2135 ACC = 0.2239
Round:  129 Train Loss: -1.346
Global  NMI = 0.1466 ARI = 0.0899 F = 0.1918 ACC = 0.2425
Round:  130 Train Loss: -1.763
Global  NMI = 0.1788 ARI = 0.0814 F = 0.2226 ACC = 0.2567
Round:  131 Train Loss: -1.947
Global  NMI = 0.1431 ARI = 0.0716 F = 0.2178 ACC = 0.2377
Round:  132 Train Loss: -1.943
Global  NMI = 0.1540 ARI = 0.0753 F = 0.1900 ACC = 0.2368
Round:  133 Train Loss: -1.829
Global  NMI = 0.1599 ARI = 0.1017 F = 0.2053 ACC = 0.2482
Round:  134 Train Loss: -1.483
Global  NMI = 0.1656 ARI = 0.1140 F = 0.2212 ACC = 0.2431
Round:  135 Train Loss: -1.581
Global  NMI = 0.1788 ARI = 0.1137 F = 0.2155 ACC = 0.2472
Round:  136 Train Loss: -1.623
Global  NMI = 0.1808 ARI = 0.1233 F = 0.2294 ACC = 0.2437
Round:  137 Train Loss: -1.630
Global  NMI = 0.1759 ARI = 0.1154 F = 0.2236 ACC = 0.2207
Round:  138 Train Loss: -1.657
Global  NMI = 0.1975 ARI = 0.1280 F = 0.2369 ACC = 0.2401
Round:  139 Train Loss: -1.660
Global  NMI = 0.2012 ARI = 0.1332 F = 0.2417 ACC = 0.2437
Round:  140 Train Loss: -1.656
Global  NMI = 0.2199 ARI = 0.1378 F = 0.2550 ACC = 0.2646
Round:  141 Train Loss: -1.598
Global  NMI = 0.2065 ARI = 0.1243 F = 0.2301 ACC = 0.2543
Round:  142 Train Loss: -1.697
Global  NMI = 0.2155 ARI = 0.1360 F = 0.2348 ACC = 0.2650
Round:  143 Train Loss: -1.724
Global  NMI = 0.2178 ARI = 0.1278 F = 0.2288 ACC = 0.2468
Round:  144 Train Loss: -1.689
Global  NMI = 0.2412 ARI = 0.1487 F = 0.2590 ACC = 0.2701
Round:  145 Train Loss: -1.592
Global  NMI = 0.2360 ARI = 0.1453 F = 0.2745 ACC = 0.2651
Round:  146 Train Loss: -1.516
Global  NMI = 0.2160 ARI = 0.1420 F = 0.2631 ACC = 0.2292
Round:  147 Train Loss: -1.577
Global  NMI = 0.2264 ARI = 0.1507 F = 0.2724 ACC = 0.2464
Round:  148 Train Loss: -1.610
Global  NMI = 0.2178 ARI = 0.1372 F = 0.2632 ACC = 0.2457
Round:  149 Train Loss: -1.600
Global  NMI = 0.2334 ARI = 0.1504 F = 0.2774 ACC = 0.2490
Round:  150 Train Loss: -1.605
Global  NMI = 0.2454 ARI = 0.1519 F = 0.2813 ACC = 0.2683
Round:  151 Train Loss: -1.604
Global  NMI = 0.2413 ARI = 0.1451 F = 0.2811 ACC = 0.2532
Round:  152 Train Loss: -1.597
Global  NMI = 0.2499 ARI = 0.1544 F = 0.2541 ACC = 0.3132
Round:  153 Train Loss: -1.576
Global  NMI = 0.2498 ARI = 0.1543 F = 0.2533 ACC = 0.3176
Round:  154 Train Loss: -1.609
Global  NMI = 0.2758 ARI = 0.1764 F = 0.2738 ACC = 0.3318
Round:  155 Train Loss: -1.627
Global  NMI = 0.2819 ARI = 0.1782 F = 0.2764 ACC = 0.3385
Round:  156 Train Loss: -1.629
Global  NMI = 0.2801 ARI = 0.1772 F = 0.2733 ACC = 0.3348
Round:  157 Train Loss: -1.637
Global  NMI = 0.2800 ARI = 0.1766 F = 0.2726 ACC = 0.3348
Round:  158 Train Loss: -1.630
Global  NMI = 0.2701 ARI = 0.1595 F = 0.2534 ACC = 0.3213
Round:  159 Train Loss: -1.638
Global  NMI = 0.2836 ARI = 0.1810 F = 0.2743 ACC = 0.3400
Round:  160 Train Loss: -1.639
Global  NMI = 0.2835 ARI = 0.1778 F = 0.2696 ACC = 0.3432
Round:  161 Train Loss: -1.652
Global  NMI = 0.2674 ARI = 0.1537 F = 0.2470 ACC = 0.3168
Round:  162 Train Loss: -1.653
Global  NMI = 0.2875 ARI = 0.1767 F = 0.2642 ACC = 0.3351
Round:  163 Train Loss: -1.656
Global  NMI = 0.2781 ARI = 0.1671 F = 0.2623 ACC = 0.3379
Round:  164 Train Loss: -1.662
Global  NMI = 0.2865 ARI = 0.1796 F = 0.2728 ACC = 0.3344
Round:  165 Train Loss: -1.662
Global  NMI = 0.2847 ARI = 0.1716 F = 0.2601 ACC = 0.3367
Round:  166 Train Loss: -1.678
Global  NMI = 0.2880 ARI = 0.1755 F = 0.2624 ACC = 0.3300
Round:  167 Train Loss: -1.666
Global  NMI = 0.2876 ARI = 0.1753 F = 0.2631 ACC = 0.3316
Round:  168 Train Loss: -1.671
Global  NMI = 0.2817 ARI = 0.1696 F = 0.2579 ACC = 0.3272
Round:  169 Train Loss: -1.676
Global  NMI = 0.2867 ARI = 0.1702 F = 0.2580 ACC = 0.3326
Round:  170 Train Loss: -1.653
Global  NMI = 0.2909 ARI = 0.1753 F = 0.2627 ACC = 0.3374
Round:  171 Train Loss: -1.670
Global  NMI = 0.2972 ARI = 0.1822 F = 0.2694 ACC = 0.3361
Round:  172 Train Loss: -1.673
Global  NMI = 0.2891 ARI = 0.1773 F = 0.2635 ACC = 0.3298
Round:  173 Train Loss: -1.667
Global  NMI = 0.2925 ARI = 0.1769 F = 0.2633 ACC = 0.3375
Round:  174 Train Loss: -1.672
Global  NMI = 0.2859 ARI = 0.1733 F = 0.2629 ACC = 0.3317
Round:  175 Train Loss: -1.670
Global  NMI = 0.2945 ARI = 0.1770 F = 0.2648 ACC = 0.3337
Round:  176 Train Loss: -1.659
Global  NMI = 0.2867 ARI = 0.1736 F = 0.2634 ACC = 0.3432
Round:  177 Train Loss: -1.665
Global  NMI = 0.2964 ARI = 0.1779 F = 0.2670 ACC = 0.3397
Round:  178 Train Loss: -1.689
Global  NMI = 0.2947 ARI = 0.1806 F = 0.2661 ACC = 0.3338
Round:  179 Train Loss: -1.690
Global  NMI = 0.2990 ARI = 0.1810 F = 0.2656 ACC = 0.3493
Round:  180 Train Loss: -1.689
Global  NMI = 0.2924 ARI = 0.1761 F = 0.2621 ACC = 0.3304
Round:  181 Train Loss: -1.683
Global  NMI = 0.3042 ARI = 0.1811 F = 0.2697 ACC = 0.3467
Round:  182 Train Loss: -1.674
Global  NMI = 0.3132 ARI = 0.2109 F = 0.2955 ACC = 0.3617
Round:  183 Train Loss: -1.689
Global  NMI = 0.2885 ARI = 0.1712 F = 0.2582 ACC = 0.3327
Round:  184 Train Loss: -1.691
Global  NMI = 0.2967 ARI = 0.1798 F = 0.2657 ACC = 0.3350
Round:  185 Train Loss: -1.686
Global  NMI = 0.3100 ARI = 0.2000 F = 0.2937 ACC = 0.3708
Round:  186 Train Loss: -1.676
Global  NMI = 0.2820 ARI = 0.1707 F = 0.2624 ACC = 0.3385
Round:  187 Train Loss: -1.686
Global  NMI = 0.3010 ARI = 0.1889 F = 0.2787 ACC = 0.3592
Round:  188 Train Loss: -1.687
Global  NMI = 0.3052 ARI = 0.2047 F = 0.2925 ACC = 0.3745
Round:  189 Train Loss: -1.681
Global  NMI = 0.2987 ARI = 0.1827 F = 0.2734 ACC = 0.3415
Round:  190 Train Loss: -1.701
Global  NMI = 0.2990 ARI = 0.1916 F = 0.2825 ACC = 0.3288
Round:  191 Train Loss: -1.697
Global  NMI = 0.3080 ARI = 0.1972 F = 0.2832 ACC = 0.3650
Round:  192 Train Loss: -1.680
Global  NMI = 0.2997 ARI = 0.1778 F = 0.2672 ACC = 0.3372
Round:  193 Train Loss: -1.687
Global  NMI = 0.2896 ARI = 0.1896 F = 0.2837 ACC = 0.3565
Round:  194 Train Loss: -1.717
Global  NMI = 0.3072 ARI = 0.1948 F = 0.2817 ACC = 0.3445
Round:  195 Train Loss: -1.690
Global  NMI = 0.3102 ARI = 0.2030 F = 0.2979 ACC = 0.3591
Round:  196 Train Loss: -1.696
Global  NMI = 0.3030 ARI = 0.1782 F = 0.2720 ACC = 0.3309
Round:  197 Train Loss: -1.719
Global  NMI = 0.3124 ARI = 0.1935 F = 0.2830 ACC = 0.3385
Round:  198 Train Loss: -1.723
Global  NMI = 0.3153 ARI = 0.1924 F = 0.2788 ACC = 0.3481
Round:  199 Train Loss: -1.724
Global  NMI = 0.3192 ARI = 0.2072 F = 0.2944 ACC = 0.3605
Global  NMI = 0.3193 ARI = 0.2073 F = 0.2945 ACC = 0.3603
pseudo_labels 13000
training on: cuda:3
Round:  0 Train Loss: -0.885
Global  NMI = 0.2935 ARI = 0.1795 F = 0.2693 ACC = 0.3360
Round:  1 Train Loss: -0.921
Global  NMI = 0.2939 ARI = 0.1819 F = 0.2738 ACC = 0.3272
Round:  2 Train Loss: -0.922
Global  NMI = 0.2834 ARI = 0.1744 F = 0.2660 ACC = 0.3265
Round:  3 Train Loss: -0.929
Global  NMI = 0.2717 ARI = 0.1645 F = 0.2560 ACC = 0.3223
Round:  4 Train Loss: -0.931
Global  NMI = 0.2724 ARI = 0.1659 F = 0.2576 ACC = 0.3212
Round:  5 Train Loss: -0.928
Global  NMI = 0.2758 ARI = 0.1712 F = 0.2651 ACC = 0.3261
Round:  6 Train Loss: -0.936
Global  NMI = 0.2778 ARI = 0.1710 F = 0.2654 ACC = 0.3295
Round:  7 Train Loss: -0.936
Global  NMI = 0.2774 ARI = 0.1698 F = 0.2639 ACC = 0.3263
Round:  8 Train Loss: -0.937
Global  NMI = 0.2752 ARI = 0.1682 F = 0.2620 ACC = 0.3250
Round:  9 Train Loss: -0.941
Global  NMI = 0.2720 ARI = 0.1674 F = 0.2615 ACC = 0.3233
Round:  10 Train Loss: -0.936
Global  NMI = 0.2713 ARI = 0.1672 F = 0.2616 ACC = 0.3192
Round:  11 Train Loss: -0.939
Global  NMI = 0.2633 ARI = 0.1623 F = 0.2578 ACC = 0.3167
Round:  12 Train Loss: -0.935
Global  NMI = 0.2606 ARI = 0.1625 F = 0.2583 ACC = 0.3137
Round:  13 Train Loss: -0.932
Global  NMI = 0.2611 ARI = 0.1633 F = 0.2590 ACC = 0.3084
Round:  14 Train Loss: -0.937
Global  NMI = 0.2556 ARI = 0.1587 F = 0.2542 ACC = 0.3062
Round:  15 Train Loss: -0.929
Global  NMI = 0.2582 ARI = 0.1586 F = 0.2544 ACC = 0.3091
Round:  16 Train Loss: -0.934
Global  NMI = 0.2578 ARI = 0.1613 F = 0.2567 ACC = 0.3144
Round:  17 Train Loss: -0.932
Global  NMI = 0.2554 ARI = 0.1597 F = 0.2555 ACC = 0.3113
Round:  18 Train Loss: -0.933
Global  NMI = 0.2562 ARI = 0.1602 F = 0.2565 ACC = 0.3118
Round:  19 Train Loss: -0.937
Global  NMI = 0.2611 ARI = 0.1610 F = 0.2561 ACC = 0.3083
Round:  20 Train Loss: -0.935
Global  NMI = 0.2576 ARI = 0.1574 F = 0.2537 ACC = 0.3112
Round:  21 Train Loss: -0.936
Global  NMI = 0.2611 ARI = 0.1610 F = 0.2566 ACC = 0.3135
Round:  22 Train Loss: -0.943
Global  NMI = 0.2612 ARI = 0.1609 F = 0.2569 ACC = 0.3146
Round:  23 Train Loss: -0.942
Global  NMI = 0.2546 ARI = 0.1537 F = 0.2517 ACC = 0.3082
Round:  24 Train Loss: -0.938
Global  NMI = 0.2570 ARI = 0.1566 F = 0.2523 ACC = 0.3134
Round:  25 Train Loss: -0.940
Global  NMI = 0.2599 ARI = 0.1600 F = 0.2560 ACC = 0.3152
Round:  26 Train Loss: -0.944
Global  NMI = 0.2604 ARI = 0.1599 F = 0.2563 ACC = 0.3153
Round:  27 Train Loss: -0.939
Global  NMI = 0.2602 ARI = 0.1585 F = 0.2547 ACC = 0.3162
Round:  28 Train Loss: -0.939
Global  NMI = 0.2609 ARI = 0.1600 F = 0.2556 ACC = 0.3168
Round:  29 Train Loss: -0.941
Global  NMI = 0.2595 ARI = 0.1592 F = 0.2548 ACC = 0.3172
Round:  30 Train Loss: -0.940
Global  NMI = 0.2609 ARI = 0.1604 F = 0.2559 ACC = 0.3192
Round:  31 Train Loss: -0.941
Global  NMI = 0.2619 ARI = 0.1602 F = 0.2550 ACC = 0.3174
Round:  32 Train Loss: -0.948
Global  NMI = 0.2616 ARI = 0.1615 F = 0.2561 ACC = 0.3188
Round:  33 Train Loss: -0.947
Global  NMI = 0.2600 ARI = 0.1594 F = 0.2545 ACC = 0.3168
Round:  34 Train Loss: -0.943
Global  NMI = 0.2625 ARI = 0.1609 F = 0.2555 ACC = 0.3165
Round:  35 Train Loss: -0.942
Global  NMI = 0.2646 ARI = 0.1634 F = 0.2583 ACC = 0.3165
Round:  36 Train Loss: -0.947
Global  NMI = 0.2635 ARI = 0.1625 F = 0.2572 ACC = 0.3208
Round:  37 Train Loss: -0.951
Global  NMI = 0.2626 ARI = 0.1620 F = 0.2571 ACC = 0.3182
Round:  38 Train Loss: -0.949
Global  NMI = 0.2632 ARI = 0.1629 F = 0.2581 ACC = 0.3212
Round:  39 Train Loss: -0.955
Global  NMI = 0.2624 ARI = 0.1607 F = 0.2553 ACC = 0.3182
Round:  40 Train Loss: -0.951
Global  NMI = 0.2632 ARI = 0.1621 F = 0.2566 ACC = 0.3182
Round:  41 Train Loss: -0.956
Global  NMI = 0.2617 ARI = 0.1613 F = 0.2553 ACC = 0.3198
Round:  42 Train Loss: -0.950
Global  NMI = 0.2623 ARI = 0.1613 F = 0.2556 ACC = 0.3159
Round:  43 Train Loss: -0.953
Global  NMI = 0.2609 ARI = 0.1596 F = 0.2537 ACC = 0.3152
Round:  44 Train Loss: -0.950
Global  NMI = 0.2614 ARI = 0.1613 F = 0.2554 ACC = 0.3187
Round:  45 Train Loss: -0.955
Global  NMI = 0.2605 ARI = 0.1596 F = 0.2546 ACC = 0.3173
Round:  46 Train Loss: -0.950
Global  NMI = 0.2606 ARI = 0.1595 F = 0.2541 ACC = 0.3142
Round:  47 Train Loss: -0.954
Global  NMI = 0.2593 ARI = 0.1588 F = 0.2535 ACC = 0.3142
Round:  48 Train Loss: -0.956
Global  NMI = 0.2605 ARI = 0.1590 F = 0.2532 ACC = 0.3152
Round:  49 Train Loss: -0.954
Global  NMI = 0.2608 ARI = 0.1597 F = 0.2541 ACC = 0.3168
Round:  50 Train Loss: -0.955
Global  NMI = 0.2608 ARI = 0.1596 F = 0.2543 ACC = 0.3163
Round:  51 Train Loss: -0.959
Global  NMI = 0.2607 ARI = 0.1601 F = 0.2549 ACC = 0.3162
Round:  52 Train Loss: -0.956
Global  NMI = 0.2625 ARI = 0.1618 F = 0.2566 ACC = 0.3182
Round:  53 Train Loss: -0.952
Global  NMI = 0.2619 ARI = 0.1614 F = 0.2557 ACC = 0.3190
Round:  54 Train Loss: -0.959
Global  NMI = 0.2631 ARI = 0.1621 F = 0.2559 ACC = 0.3180
Round:  55 Train Loss: -0.945
Global  NMI = 0.2633 ARI = 0.1620 F = 0.2555 ACC = 0.3204
Round:  56 Train Loss: -0.929
Global  NMI = 0.2679 ARI = 0.1617 F = 0.2576 ACC = 0.3168
Round:  57 Train Loss: -0.950
Global  NMI = 0.2648 ARI = 0.1570 F = 0.2520 ACC = 0.3124
Round:  58 Train Loss: -0.950
Global  NMI = 0.2631 ARI = 0.1567 F = 0.2528 ACC = 0.3116
Round:  59 Train Loss: -0.954
Global  NMI = 0.2637 ARI = 0.1569 F = 0.2533 ACC = 0.3110
Round:  60 Train Loss: -0.950
Global  NMI = 0.2649 ARI = 0.1592 F = 0.2576 ACC = 0.3095
Round:  61 Train Loss: -0.950
Global  NMI = 0.2574 ARI = 0.1555 F = 0.2533 ACC = 0.3115
Round:  62 Train Loss: -0.953
Global  NMI = 0.2571 ARI = 0.1551 F = 0.2535 ACC = 0.3103
Round:  63 Train Loss: -0.951
Global  NMI = 0.2587 ARI = 0.1589 F = 0.2569 ACC = 0.3120
Round:  64 Train Loss: -0.953
Global  NMI = 0.2600 ARI = 0.1581 F = 0.2553 ACC = 0.3115
Round:  65 Train Loss: -0.956
Global  NMI = 0.2623 ARI = 0.1601 F = 0.2588 ACC = 0.3124
Round:  66 Train Loss: -0.960
Global  NMI = 0.2591 ARI = 0.1581 F = 0.2580 ACC = 0.3105
Round:  67 Train Loss: -0.957
Global  NMI = 0.2579 ARI = 0.1575 F = 0.2578 ACC = 0.3087
Round:  68 Train Loss: -0.959
Global  NMI = 0.2535 ARI = 0.1541 F = 0.2547 ACC = 0.3123
Round:  69 Train Loss: -0.951
Global  NMI = 0.2524 ARI = 0.1529 F = 0.2546 ACC = 0.3083
Round:  70 Train Loss: -0.947
Global  NMI = 0.2585 ARI = 0.1570 F = 0.2575 ACC = 0.3151
Round:  71 Train Loss: -0.949
Global  NMI = 0.2584 ARI = 0.1570 F = 0.2558 ACC = 0.3154
Round:  72 Train Loss: -0.953
Global  NMI = 0.2620 ARI = 0.1608 F = 0.2606 ACC = 0.3183
Round:  73 Train Loss: -0.955
Global  NMI = 0.2602 ARI = 0.1590 F = 0.2591 ACC = 0.3161
Round:  74 Train Loss: -0.958
Global  NMI = 0.2612 ARI = 0.1616 F = 0.2611 ACC = 0.3179
Round:  75 Train Loss: -0.957
Global  NMI = 0.2592 ARI = 0.1599 F = 0.2598 ACC = 0.3144
Round:  76 Train Loss: -0.959
Global  NMI = 0.2600 ARI = 0.1600 F = 0.2600 ACC = 0.3165
Round:  77 Train Loss: -0.956
Global  NMI = 0.2589 ARI = 0.1591 F = 0.2596 ACC = 0.3155
Round:  78 Train Loss: -0.959
Global  NMI = 0.2569 ARI = 0.1583 F = 0.2594 ACC = 0.3135
Round:  79 Train Loss: -0.962
Global  NMI = 0.2572 ARI = 0.1578 F = 0.2584 ACC = 0.3134
Round:  80 Train Loss: -0.962
Global  NMI = 0.2566 ARI = 0.1581 F = 0.2594 ACC = 0.3114
Round:  81 Train Loss: -0.955
Global  NMI = 0.2600 ARI = 0.1602 F = 0.2607 ACC = 0.3150
Round:  82 Train Loss: -0.956
Global  NMI = 0.2611 ARI = 0.1612 F = 0.2623 ACC = 0.3153
Round:  83 Train Loss: -0.959
Global  NMI = 0.2633 ARI = 0.1629 F = 0.2635 ACC = 0.3178
Round:  84 Train Loss: -0.961
Global  NMI = 0.2620 ARI = 0.1625 F = 0.2623 ACC = 0.3184
Round:  85 Train Loss: -0.964
Global  NMI = 0.2621 ARI = 0.1616 F = 0.2614 ACC = 0.3165
Round:  86 Train Loss: -0.963
Global  NMI = 0.2616 ARI = 0.1616 F = 0.2616 ACC = 0.3158
Round:  87 Train Loss: -0.965
Global  NMI = 0.2613 ARI = 0.1631 F = 0.2633 ACC = 0.3187
Round:  88 Train Loss: -0.960
Global  NMI = 0.2592 ARI = 0.1600 F = 0.2601 ACC = 0.3155
Round:  89 Train Loss: -0.958
Global  NMI = 0.2572 ARI = 0.1574 F = 0.2594 ACC = 0.3100
Round:  90 Train Loss: -0.952
Global  NMI = 0.2569 ARI = 0.1566 F = 0.2575 ACC = 0.3099
Round:  91 Train Loss: -0.957
Global  NMI = 0.2585 ARI = 0.1563 F = 0.2574 ACC = 0.3114
Round:  92 Train Loss: -0.956
Global  NMI = 0.2576 ARI = 0.1564 F = 0.2572 ACC = 0.3106
Round:  93 Train Loss: -0.966
Global  NMI = 0.2579 ARI = 0.1573 F = 0.2584 ACC = 0.3134
Round:  94 Train Loss: -0.964
Global  NMI = 0.2566 ARI = 0.1569 F = 0.2585 ACC = 0.3126
Round:  95 Train Loss: -0.957
Global  NMI = 0.2547 ARI = 0.1550 F = 0.2564 ACC = 0.3108
Round:  96 Train Loss: -0.958
Global  NMI = 0.2575 ARI = 0.1597 F = 0.2599 ACC = 0.3163
Round:  97 Train Loss: -0.953
Global  NMI = 0.2575 ARI = 0.1581 F = 0.2583 ACC = 0.3128
Round:  98 Train Loss: -0.960
Global  NMI = 0.2504 ARI = 0.1521 F = 0.2534 ACC = 0.3063
Round:  99 Train Loss: -0.959
Global  NMI = 0.2529 ARI = 0.1560 F = 0.2572 ACC = 0.3106
Round:  100 Train Loss: -0.958
Global  NMI = 0.2536 ARI = 0.1551 F = 0.2555 ACC = 0.3125
Round:  101 Train Loss: -0.959
Global  NMI = 0.2524 ARI = 0.1545 F = 0.2553 ACC = 0.3134
Round:  102 Train Loss: -0.963
Global  NMI = 0.2531 ARI = 0.1542 F = 0.2664 ACC = 0.2972
Round:  103 Train Loss: -0.946
Global  NMI = 0.2492 ARI = 0.1524 F = 0.2563 ACC = 0.3060
Round:  104 Train Loss: -0.960
Global  NMI = 0.2517 ARI = 0.1538 F = 0.2545 ACC = 0.3104
Round:  105 Train Loss: -0.963
Global  NMI = 0.2542 ARI = 0.1559 F = 0.2571 ACC = 0.3113
Round:  106 Train Loss: -0.961
Global  NMI = 0.2555 ARI = 0.1550 F = 0.2640 ACC = 0.2975
Round:  107 Train Loss: -0.956
Global  NMI = 0.2539 ARI = 0.1564 F = 0.2557 ACC = 0.3117
Round:  108 Train Loss: -0.964
Global  NMI = 0.2530 ARI = 0.1562 F = 0.2567 ACC = 0.3123
Round:  109 Train Loss: -0.962
Global  NMI = 0.2538 ARI = 0.1570 F = 0.2574 ACC = 0.3123
Round:  110 Train Loss: -0.962
Global  NMI = 0.2545 ARI = 0.1572 F = 0.2570 ACC = 0.3135
Round:  111 Train Loss: -0.962
Global  NMI = 0.2485 ARI = 0.1503 F = 0.2498 ACC = 0.3075
Round:  112 Train Loss: -0.964
Global  NMI = 0.2488 ARI = 0.1504 F = 0.2506 ACC = 0.3088
Round:  113 Train Loss: -0.966
Global  NMI = 0.2540 ARI = 0.1562 F = 0.2564 ACC = 0.3124
Round:  114 Train Loss: -0.969
Global  NMI = 0.2535 ARI = 0.1553 F = 0.2547 ACC = 0.3102
Round:  115 Train Loss: -0.964
Global  NMI = 0.2538 ARI = 0.1551 F = 0.2549 ACC = 0.3113
Round:  116 Train Loss: -0.966
Global  NMI = 0.2569 ARI = 0.1576 F = 0.2708 ACC = 0.2972
Round:  117 Train Loss: -0.955
Global  NMI = 0.2571 ARI = 0.1573 F = 0.2694 ACC = 0.2968
Round:  118 Train Loss: -0.957
Global  NMI = 0.2578 ARI = 0.1584 F = 0.2707 ACC = 0.2961
Round:  119 Train Loss: -0.960
Global  NMI = 0.2573 ARI = 0.1577 F = 0.2670 ACC = 0.2992
Round:  120 Train Loss: -0.956
Global  NMI = 0.2590 ARI = 0.1586 F = 0.2693 ACC = 0.2990
Round:  121 Train Loss: -0.955
Global  NMI = 0.2567 ARI = 0.1570 F = 0.2660 ACC = 0.2952
Round:  122 Train Loss: -0.959
Global  NMI = 0.2566 ARI = 0.1561 F = 0.2655 ACC = 0.2952
Round:  123 Train Loss: -0.957
Global  NMI = 0.2552 ARI = 0.1559 F = 0.2630 ACC = 0.2957
Round:  124 Train Loss: -0.956
Global  NMI = 0.2481 ARI = 0.1440 F = 0.2551 ACC = 0.2866
Round:  125 Train Loss: -0.953
Global  NMI = 0.2576 ARI = 0.1590 F = 0.2688 ACC = 0.2981
Round:  126 Train Loss: -0.958
Global  NMI = 0.2571 ARI = 0.1572 F = 0.2671 ACC = 0.2943
Round:  127 Train Loss: -0.960
Global  NMI = 0.2572 ARI = 0.1566 F = 0.2654 ACC = 0.2938
Round:  128 Train Loss: -0.959
Global  NMI = 0.2584 ARI = 0.1576 F = 0.2681 ACC = 0.2929
Round:  129 Train Loss: -0.950
Global  NMI = 0.2541 ARI = 0.1525 F = 0.2619 ACC = 0.2959
Round:  130 Train Loss: -0.938
Global  NMI = 0.2541 ARI = 0.1495 F = 0.2604 ACC = 0.2912
Round:  131 Train Loss: -0.943
Global  NMI = 0.2541 ARI = 0.1454 F = 0.2651 ACC = 0.2828
Round:  132 Train Loss: -0.948
Global  NMI = 0.2497 ARI = 0.1434 F = 0.2533 ACC = 0.2919
Round:  133 Train Loss: -0.956
Global  NMI = 0.2579 ARI = 0.1576 F = 0.2658 ACC = 0.2981
Round:  134 Train Loss: -0.963
Global  NMI = 0.2578 ARI = 0.1568 F = 0.2631 ACC = 0.2980
Round:  135 Train Loss: -0.950
Global  NMI = 0.2587 ARI = 0.1576 F = 0.2633 ACC = 0.3000
Round:  136 Train Loss: -0.962
Global  NMI = 0.2579 ARI = 0.1567 F = 0.2622 ACC = 0.3000
Round:  137 Train Loss: -0.965
Global  NMI = 0.2589 ARI = 0.1578 F = 0.2634 ACC = 0.2998
Round:  138 Train Loss: -0.966
Global  NMI = 0.2578 ARI = 0.1567 F = 0.2625 ACC = 0.3003
Round:  139 Train Loss: -0.964
Global  NMI = 0.2587 ARI = 0.1577 F = 0.2637 ACC = 0.3000
Round:  140 Train Loss: -0.969
Global  NMI = 0.2452 ARI = 0.1410 F = 0.2463 ACC = 0.2932
Round:  141 Train Loss: -0.966
Global  NMI = 0.2461 ARI = 0.1424 F = 0.2487 ACC = 0.2958
Round:  142 Train Loss: -0.968
Global  NMI = 0.2585 ARI = 0.1566 F = 0.2626 ACC = 0.2985
Round:  143 Train Loss: -0.969
Global  NMI = 0.2589 ARI = 0.1574 F = 0.2629 ACC = 0.2991
Round:  144 Train Loss: -0.967
Global  NMI = 0.2616 ARI = 0.1605 F = 0.2652 ACC = 0.3022
Round:  145 Train Loss: -0.960
Global  NMI = 0.2611 ARI = 0.1595 F = 0.2646 ACC = 0.3038
Round:  146 Train Loss: -0.970
Global  NMI = 0.2610 ARI = 0.1591 F = 0.2637 ACC = 0.3040
Round:  147 Train Loss: -0.970
Global  NMI = 0.2594 ARI = 0.1576 F = 0.2623 ACC = 0.3031
Round:  148 Train Loss: -0.970
Global  NMI = 0.2561 ARI = 0.1542 F = 0.2590 ACC = 0.2979
Round:  149 Train Loss: -0.970
Global  NMI = 0.2592 ARI = 0.1576 F = 0.2620 ACC = 0.3014
Round:  150 Train Loss: -0.967
Global  NMI = 0.2587 ARI = 0.1576 F = 0.2617 ACC = 0.3010
Round:  151 Train Loss: -0.969
Global  NMI = 0.2585 ARI = 0.1568 F = 0.2614 ACC = 0.3018
Round:  152 Train Loss: -0.973
Global  NMI = 0.2588 ARI = 0.1571 F = 0.2616 ACC = 0.3025
Round:  153 Train Loss: -0.970
Global  NMI = 0.2592 ARI = 0.1583 F = 0.2634 ACC = 0.3031
Round:  154 Train Loss: -0.969
Global  NMI = 0.2581 ARI = 0.1563 F = 0.2609 ACC = 0.3019
Round:  155 Train Loss: -0.962
Global  NMI = 0.2582 ARI = 0.1567 F = 0.2611 ACC = 0.3025
Round:  156 Train Loss: -0.956
Global  NMI = 0.2596 ARI = 0.1580 F = 0.2621 ACC = 0.3028
Round:  157 Train Loss: -0.963
Global  NMI = 0.2543 ARI = 0.1536 F = 0.2471 ACC = 0.3153
Round:  158 Train Loss: -0.978
Global  NMI = 0.2530 ARI = 0.1526 F = 0.2468 ACC = 0.3148
Round:  159 Train Loss: -0.972
Global  NMI = 0.2533 ARI = 0.1525 F = 0.2454 ACC = 0.3140
Round:  160 Train Loss: -0.977
Global  NMI = 0.2528 ARI = 0.1517 F = 0.2447 ACC = 0.3135
Round:  161 Train Loss: -0.975
Global  NMI = 0.2510 ARI = 0.1503 F = 0.2434 ACC = 0.3099
Round:  162 Train Loss: -0.982
Global  NMI = 0.2529 ARI = 0.1524 F = 0.2452 ACC = 0.3128
Round:  163 Train Loss: -0.984
Global  NMI = 0.2530 ARI = 0.1527 F = 0.2451 ACC = 0.3146
Round:  164 Train Loss: -0.984
Global  NMI = 0.2516 ARI = 0.1511 F = 0.2437 ACC = 0.3116
Round:  165 Train Loss: -0.983
Global  NMI = 0.2525 ARI = 0.1518 F = 0.2441 ACC = 0.3118
Round:  166 Train Loss: -0.985
Global  NMI = 0.2525 ARI = 0.1519 F = 0.2442 ACC = 0.3127
Round:  167 Train Loss: -0.983
Global  NMI = 0.2524 ARI = 0.1519 F = 0.2439 ACC = 0.3130
Round:  168 Train Loss: -0.981
Global  NMI = 0.2537 ARI = 0.1527 F = 0.2454 ACC = 0.3143
Round:  169 Train Loss: -0.980
Global  NMI = 0.2528 ARI = 0.1518 F = 0.2445 ACC = 0.3136
Round:  170 Train Loss: -0.982
Global  NMI = 0.2533 ARI = 0.1525 F = 0.2447 ACC = 0.3150
Round:  171 Train Loss: -0.983
Global  NMI = 0.2534 ARI = 0.1526 F = 0.2452 ACC = 0.3148
Round:  172 Train Loss: -0.983
Global  NMI = 0.2522 ARI = 0.1516 F = 0.2451 ACC = 0.3129
Round:  173 Train Loss: -0.973
Global  NMI = 0.2516 ARI = 0.1510 F = 0.2433 ACC = 0.3069
Round:  174 Train Loss: -0.983
Global  NMI = 0.2518 ARI = 0.1506 F = 0.2424 ACC = 0.3054
Round:  175 Train Loss: -0.980
Global  NMI = 0.2525 ARI = 0.1514 F = 0.2431 ACC = 0.3046
Round:  176 Train Loss: -0.973
Global  NMI = 0.2522 ARI = 0.1514 F = 0.2436 ACC = 0.3102
Round:  177 Train Loss: -0.978
Global  NMI = 0.2539 ARI = 0.1529 F = 0.2460 ACC = 0.3144
Round:  178 Train Loss: -0.979
Global  NMI = 0.2541 ARI = 0.1529 F = 0.2462 ACC = 0.3160
Round:  179 Train Loss: -0.974
Global  NMI = 0.2575 ARI = 0.1571 F = 0.2520 ACC = 0.3061
Round:  180 Train Loss: -0.965
Global  NMI = 0.2559 ARI = 0.1552 F = 0.2485 ACC = 0.3099
Round:  181 Train Loss: -0.972
Global  NMI = 0.2547 ARI = 0.1534 F = 0.2467 ACC = 0.3175
Round:  182 Train Loss: -0.980
Global  NMI = 0.2542 ARI = 0.1526 F = 0.2458 ACC = 0.3163
Round:  183 Train Loss: -0.979
Global  NMI = 0.2541 ARI = 0.1525 F = 0.2454 ACC = 0.3162
Round:  184 Train Loss: -0.985
Global  NMI = 0.2544 ARI = 0.1528 F = 0.2458 ACC = 0.3171
Round:  185 Train Loss: -0.985
Global  NMI = 0.2542 ARI = 0.1526 F = 0.2459 ACC = 0.3163
Round:  186 Train Loss: -0.981
Global  NMI = 0.2543 ARI = 0.1533 F = 0.2467 ACC = 0.3172
