nohup: ignoring input
cuda:3
Namespace(batch_size=1496, classes_per_user=8, data_root='./datasets', exp_dir='./save/CCFC/cifar100-noiid', global_lr=1, image_size=224, k=20, latent_dim=256, lbd=0.1, lr=0.0005, mini_bs=136, n_clients=40, num_proj_layers=2, num_workers=6, p=0.0, pre_hidden_dim=64, proj_hidden_dim=512, resnet='ResNet18', sample_ratio=1, seed=66, test_image_size=256, trial='v1')
59840
save/CCFC/Cifar100/v0/model_pretrain_0_59.pt
Global  NMI = 0.2805 ARI = 0.1423 F = 0.1941 ACC = 0.3261
backbone.conv1.weight
backbone.bn1.weight
backbone.bn1.bias
backbone.bn1.running_mean
backbone.bn1.running_var
backbone.bn1.num_batches_tracked
backbone.layer1.0.conv1.weight
backbone.layer1.0.bn1.weight
backbone.layer1.0.bn1.bias
backbone.layer1.0.bn1.running_mean
backbone.layer1.0.bn1.running_var
backbone.layer1.0.bn1.num_batches_tracked
backbone.layer1.0.conv2.weight
backbone.layer1.0.bn2.weight
backbone.layer1.0.bn2.bias
backbone.layer1.0.bn2.running_mean
backbone.layer1.0.bn2.running_var
backbone.layer1.0.bn2.num_batches_tracked
backbone.layer1.1.conv1.weight
backbone.layer1.1.bn1.weight
backbone.layer1.1.bn1.bias
backbone.layer1.1.bn1.running_mean
backbone.layer1.1.bn1.running_var
backbone.layer1.1.bn1.num_batches_tracked
backbone.layer1.1.conv2.weight
backbone.layer1.1.bn2.weight
backbone.layer1.1.bn2.bias
backbone.layer1.1.bn2.running_mean
backbone.layer1.1.bn2.running_var
backbone.layer1.1.bn2.num_batches_tracked
backbone.layer2.0.conv1.weight
backbone.layer2.0.bn1.weight
backbone.layer2.0.bn1.bias
backbone.layer2.0.bn1.running_mean
backbone.layer2.0.bn1.running_var
backbone.layer2.0.bn1.num_batches_tracked
backbone.layer2.0.conv2.weight
backbone.layer2.0.bn2.weight
backbone.layer2.0.bn2.bias
backbone.layer2.0.bn2.running_mean
backbone.layer2.0.bn2.running_var
backbone.layer2.0.bn2.num_batches_tracked
backbone.layer2.0.downsample.0.weight
backbone.layer2.0.downsample.1.weight
backbone.layer2.0.downsample.1.bias
backbone.layer2.0.downsample.1.running_mean
backbone.layer2.0.downsample.1.running_var
backbone.layer2.0.downsample.1.num_batches_tracked
backbone.layer2.1.conv1.weight
backbone.layer2.1.bn1.weight
backbone.layer2.1.bn1.bias
backbone.layer2.1.bn1.running_mean
backbone.layer2.1.bn1.running_var
backbone.layer2.1.bn1.num_batches_tracked
backbone.layer2.1.conv2.weight
backbone.layer2.1.bn2.weight
backbone.layer2.1.bn2.bias
backbone.layer2.1.bn2.running_mean
backbone.layer2.1.bn2.running_var
backbone.layer2.1.bn2.num_batches_tracked
backbone.layer3.0.conv1.weight
backbone.layer3.0.bn1.weight
backbone.layer3.0.bn1.bias
backbone.layer3.0.bn1.running_mean
backbone.layer3.0.bn1.running_var
backbone.layer3.0.bn1.num_batches_tracked
backbone.layer3.0.conv2.weight
backbone.layer3.0.bn2.weight
backbone.layer3.0.bn2.bias
backbone.layer3.0.bn2.running_mean
backbone.layer3.0.bn2.running_var
backbone.layer3.0.bn2.num_batches_tracked
backbone.layer3.0.downsample.0.weight
backbone.layer3.0.downsample.1.weight
backbone.layer3.0.downsample.1.bias
backbone.layer3.0.downsample.1.running_mean
backbone.layer3.0.downsample.1.running_var
backbone.layer3.0.downsample.1.num_batches_tracked
backbone.layer3.1.conv1.weight
backbone.layer3.1.bn1.weight
backbone.layer3.1.bn1.bias
backbone.layer3.1.bn1.running_mean
backbone.layer3.1.bn1.running_var
backbone.layer3.1.bn1.num_batches_tracked
backbone.layer3.1.conv2.weight
backbone.layer3.1.bn2.weight
backbone.layer3.1.bn2.bias
backbone.layer3.1.bn2.running_mean
backbone.layer3.1.bn2.running_var
backbone.layer3.1.bn2.num_batches_tracked
backbone.layer4.0.conv1.weight
backbone.layer4.0.bn1.weight
backbone.layer4.0.bn1.bias
backbone.layer4.0.bn1.running_mean
backbone.layer4.0.bn1.running_var
backbone.layer4.0.bn1.num_batches_tracked
backbone.layer4.0.conv2.weight
backbone.layer4.0.bn2.weight
backbone.layer4.0.bn2.bias
backbone.layer4.0.bn2.running_mean
backbone.layer4.0.bn2.running_var
backbone.layer4.0.bn2.num_batches_tracked
backbone.layer4.0.downsample.0.weight
backbone.layer4.0.downsample.1.weight
backbone.layer4.0.downsample.1.bias
backbone.layer4.0.downsample.1.running_mean
backbone.layer4.0.downsample.1.running_var
backbone.layer4.0.downsample.1.num_batches_tracked
backbone.layer4.1.conv1.weight
backbone.layer4.1.bn1.weight
backbone.layer4.1.bn1.bias
backbone.layer4.1.bn1.running_mean
backbone.layer4.1.bn1.running_var
backbone.layer4.1.bn1.num_batches_tracked
backbone.layer4.1.conv2.weight
backbone.layer4.1.bn2.weight
backbone.layer4.1.bn2.bias
backbone.layer4.1.bn2.running_mean
backbone.layer4.1.bn2.running_var
backbone.layer4.1.bn2.num_batches_tracked
projector.layer1.0.weight
projector.layer1.0.bias
projector.layer1.1.weight
projector.layer1.1.bias
projector.layer1.1.running_mean
projector.layer1.1.running_var
projector.layer1.1.num_batches_tracked
projector.layer2.0.weight
projector.layer2.0.bias
projector.layer2.1.weight
projector.layer2.1.bias
projector.layer2.1.running_mean
projector.layer2.1.running_var
projector.layer2.1.num_batches_tracked
projector.layer3.0.weight
projector.layer3.0.bias
projector.layer3.1.running_mean
projector.layer3.1.running_var
projector.layer3.1.num_batches_tracked
predictor.layer1.0.weight
predictor.layer1.0.bias
predictor.layer1.1.weight
predictor.layer1.1.bias
predictor.layer1.1.running_mean
predictor.layer1.1.running_var
predictor.layer1.1.num_batches_tracked
predictor.layer2.weight
predictor.layer2.bias
count 40
Round:  0 Train Loss: -1.755
count 40
Round:  1 Train Loss: -1.823
centeral clustering
Global  NMI = 0.2669 ARI = 0.1368 F = 0.1804 ACC = 0.2930
count 40
Round:  2 Train Loss: -1.883
count 40
Round:  3 Train Loss: -1.918
centeral clustering
Global  NMI = 0.2641 ARI = 0.1377 F = 0.1817 ACC = 0.2939
count 40
Round:  4 Train Loss: -1.937
Global  NMI = 0.2637 ARI = 0.1391 F = 0.1882 ACC = 0.3115
count 40
Round:  5 Train Loss: -1.953
centeral clustering
Global  NMI = 0.2584 ARI = 0.1280 F = 0.1722 ACC = 0.2781
count 40
Round:  6 Train Loss: -1.957
count 40
Round:  7 Train Loss: -1.960
centeral clustering
Global  NMI = 0.2557 ARI = 0.1226 F = 0.1675 ACC = 0.2776
count 40
Round:  8 Train Loss: -1.965
count 40
Round:  9 Train Loss: -1.964
centeral clustering
Global  NMI = 0.2555 ARI = 0.1205 F = 0.1655 ACC = 0.2743
Global  NMI = 0.2596 ARI = 0.1359 F = 0.1838 ACC = 0.3148
count 40
Round:  10 Train Loss: -1.966
count 40
Round:  11 Train Loss: -1.969
centeral clustering
Global  NMI = 0.2535 ARI = 0.1193 F = 0.1642 ACC = 0.2676
count 40
Round:  12 Train Loss: -1.967
count 40
Round:  13 Train Loss: -1.970
centeral clustering
Global  NMI = 0.2573 ARI = 0.1232 F = 0.1680 ACC = 0.2773
count 40
Round:  14 Train Loss: -1.967
Global  NMI = 0.2637 ARI = 0.1321 F = 0.1828 ACC = 0.3093
count 40
Round:  15 Train Loss: -1.969
centeral clustering
Global  NMI = 0.2528 ARI = 0.1210 F = 0.1659 ACC = 0.2682
count 40
Round:  16 Train Loss: -1.970
count 40
Round:  17 Train Loss: -1.970
centeral clustering
Global  NMI = 0.2524 ARI = 0.1213 F = 0.1662 ACC = 0.2691
count 40
Round:  18 Train Loss: -1.970
count 40
Round:  19 Train Loss: -1.972
centeral clustering
Global  NMI = 0.2530 ARI = 0.1230 F = 0.1678 ACC = 0.2719
Global  NMI = 0.2527 ARI = 0.1379 F = 0.1841 ACC = 0.3141
count 40
Round:  20 Train Loss: -1.970
count 40
Round:  21 Train Loss: -1.971
centeral clustering
Global  NMI = 0.2559 ARI = 0.1224 F = 0.1671 ACC = 0.2753
count 40
Round:  22 Train Loss: -1.971
count 40
Round:  23 Train Loss: -1.971
centeral clustering
Global  NMI = 0.2557 ARI = 0.1224 F = 0.1671 ACC = 0.2748
count 40
Round:  24 Train Loss: -1.972
Global  NMI = 0.2506 ARI = 0.1347 F = 0.1822 ACC = 0.3084
count 40
Round:  25 Train Loss: -1.972
centeral clustering
Global  NMI = 0.2588 ARI = 0.1257 F = 0.1702 ACC = 0.2760
count 40
Round:  26 Train Loss: -1.972
count 40
Round:  27 Train Loss: -1.974
centeral clustering
Global  NMI = 0.2532 ARI = 0.1225 F = 0.1673 ACC = 0.2692
count 40
Round:  28 Train Loss: -1.974
count 40
Round:  29 Train Loss: -1.977
centeral clustering
Global  NMI = 0.2541 ARI = 0.1239 F = 0.1685 ACC = 0.2746
Global  NMI = 0.2516 ARI = 0.1321 F = 0.1786 ACC = 0.3099
count 40
Round:  30 Train Loss: -1.974
count 40
Round:  31 Train Loss: -1.978
centeral clustering
Global  NMI = 0.2506 ARI = 0.1221 F = 0.1667 ACC = 0.2685
count 40
Round:  32 Train Loss: -1.974
count 40
Round:  33 Train Loss: -1.975
centeral clustering
Global  NMI = 0.2510 ARI = 0.1230 F = 0.1676 ACC = 0.2699
count 40
Round:  34 Train Loss: -1.975
Global  NMI = 0.2473 ARI = 0.1330 F = 0.1796 ACC = 0.3070
count 40
Round:  35 Train Loss: -1.977
centeral clustering
Global  NMI = 0.2514 ARI = 0.1227 F = 0.1673 ACC = 0.2699
count 40
Round:  36 Train Loss: -1.977
count 40
Round:  37 Train Loss: -1.977
centeral clustering
Global  NMI = 0.2506 ARI = 0.1199 F = 0.1646 ACC = 0.2720
count 40
Round:  38 Train Loss: -1.975
count 40
Round:  39 Train Loss: -1.977
centeral clustering
Global  NMI = 0.2526 ARI = 0.1238 F = 0.1684 ACC = 0.2732
Global  NMI = 0.2462 ARI = 0.1273 F = 0.1755 ACC = 0.2903
count 40
Round:  40 Train Loss: -1.977
count 40
Round:  41 Train Loss: -1.979
centeral clustering
Global  NMI = 0.2455 ARI = 0.1173 F = 0.1624 ACC = 0.2642
count 40
Round:  42 Train Loss: -1.975
count 40
Round:  43 Train Loss: -1.977
centeral clustering
Global  NMI = 0.2455 ARI = 0.1166 F = 0.1618 ACC = 0.2631
count 40
Round:  44 Train Loss: -1.981
Global  NMI = 0.2473 ARI = 0.1311 F = 0.1785 ACC = 0.3020
count 40
Round:  45 Train Loss: -1.978
centeral clustering
Global  NMI = 0.2491 ARI = 0.1192 F = 0.1639 ACC = 0.2728
count 40
Round:  46 Train Loss: -1.982
count 40
Round:  47 Train Loss: -1.977
centeral clustering
Global  NMI = 0.2511 ARI = 0.1201 F = 0.1649 ACC = 0.2747
count 40
Round:  48 Train Loss: -1.977
count 40
Round:  49 Train Loss: -1.978
centeral clustering
Global  NMI = 0.2502 ARI = 0.1186 F = 0.1634 ACC = 0.2730
Global  NMI = 0.2414 ARI = 0.1290 F = 0.1754 ACC = 0.2982
count 40
Round:  50 Train Loss: -1.978
count 40
Round:  51 Train Loss: -1.979
centeral clustering
Global  NMI = 0.2493 ARI = 0.1188 F = 0.1636 ACC = 0.2741
count 40
Round:  52 Train Loss: -1.981
count 40
Round:  53 Train Loss: -1.980
centeral clustering
Global  NMI = 0.2452 ARI = 0.1159 F = 0.1611 ACC = 0.2629
count 40
Round:  54 Train Loss: -1.978
Global  NMI = 0.2449 ARI = 0.1291 F = 0.1783 ACC = 0.3007
count 40
Round:  55 Train Loss: -1.978
centeral clustering
Global  NMI = 0.2535 ARI = 0.1256 F = 0.1699 ACC = 0.2821
count 40
Round:  56 Train Loss: -1.980
count 40
Round:  57 Train Loss: -1.979
centeral clustering
Global  NMI = 0.2499 ARI = 0.1191 F = 0.1639 ACC = 0.2750
count 40
Round:  58 Train Loss: -1.980
count 40
Round:  59 Train Loss: -1.981
centeral clustering
Global  NMI = 0.2482 ARI = 0.1230 F = 0.1677 ACC = 0.2720
Global  NMI = 0.2445 ARI = 0.1294 F = 0.1776 ACC = 0.2979
count 40
Round:  60 Train Loss: -1.979
count 40
Round:  61 Train Loss: -1.980
centeral clustering
Global  NMI = 0.2501 ARI = 0.1186 F = 0.1634 ACC = 0.2736
count 40
Round:  62 Train Loss: -1.979
count 40
Round:  63 Train Loss: -1.978
centeral clustering
Global  NMI = 0.2445 ARI = 0.1147 F = 0.1600 ACC = 0.2630
count 40
Round:  64 Train Loss: -1.980
Global  NMI = 0.2429 ARI = 0.1326 F = 0.1785 ACC = 0.3009
count 40
Round:  65 Train Loss: -1.980
centeral clustering
Global  NMI = 0.2502 ARI = 0.1187 F = 0.1636 ACC = 0.2738
count 40
Round:  66 Train Loss: -1.981
count 40
Round:  67 Train Loss: -1.979
centeral clustering
Global  NMI = 0.2453 ARI = 0.1156 F = 0.1607 ACC = 0.2634
count 40
Round:  68 Train Loss: -1.981
count 40
Round:  69 Train Loss: -1.980
centeral clustering
Global  NMI = 0.2446 ARI = 0.1149 F = 0.1601 ACC = 0.2633
Global  NMI = 0.2486 ARI = 0.1307 F = 0.1774 ACC = 0.3021
count 40
Round:  70 Train Loss: -1.981
count 40
Round:  71 Train Loss: -1.981
centeral clustering
Global  NMI = 0.2497 ARI = 0.1183 F = 0.1631 ACC = 0.2740
count 40
Round:  72 Train Loss: -1.983
count 40
Round:  73 Train Loss: -1.980
centeral clustering
Global  NMI = 0.2446 ARI = 0.1148 F = 0.1600 ACC = 0.2634
count 40
Round:  74 Train Loss: -1.979
Global  NMI = 0.2391 ARI = 0.1313 F = 0.1763 ACC = 0.2938
count 40
Round:  75 Train Loss: -1.982
centeral clustering
Global  NMI = 0.2497 ARI = 0.1184 F = 0.1632 ACC = 0.2739
count 40
Round:  76 Train Loss: -1.980
count 40
Round:  77 Train Loss: -1.982
centeral clustering
Global  NMI = 0.2509 ARI = 0.1200 F = 0.1648 ACC = 0.2758
count 40
Round:  78 Train Loss: -1.980
count 40
Round:  79 Train Loss: -1.982
centeral clustering
Global  NMI = 0.2501 ARI = 0.1186 F = 0.1634 ACC = 0.2746
Global  NMI = 0.2475 ARI = 0.1233 F = 0.1749 ACC = 0.3018
count 40
Round:  80 Train Loss: -1.981
count 40
Round:  81 Train Loss: -1.979
centeral clustering
Global  NMI = 0.2495 ARI = 0.1186 F = 0.1634 ACC = 0.2742
count 40
Round:  82 Train Loss: -1.979
count 40
Round:  83 Train Loss: -1.979
centeral clustering
Global  NMI = 0.2420 ARI = 0.1127 F = 0.1580 ACC = 0.2605
count 40
Round:  84 Train Loss: -1.982
Global  NMI = 0.2424 ARI = 0.1212 F = 0.1717 ACC = 0.2939
count 40
Round:  85 Train Loss: -1.979
centeral clustering
Global  NMI = 0.2424 ARI = 0.1123 F = 0.1577 ACC = 0.2598
count 40
Round:  86 Train Loss: -1.983
count 40
Round:  87 Train Loss: -1.979
centeral clustering
Global  NMI = 0.2487 ARI = 0.1167 F = 0.1617 ACC = 0.2708
count 40
Round:  88 Train Loss: -1.982
count 40
Round:  89 Train Loss: -1.981
centeral clustering
Global  NMI = 0.2418 ARI = 0.1123 F = 0.1577 ACC = 0.2589
Global  NMI = 0.2501 ARI = 0.1291 F = 0.1785 ACC = 0.3017
count 40
Round:  90 Train Loss: -1.981
count 40
Round:  91 Train Loss: -1.983
centeral clustering
Global  NMI = 0.2420 ARI = 0.1125 F = 0.1578 ACC = 0.2589
count 40
Round:  92 Train Loss: -1.981
count 40
Round:  93 Train Loss: -1.982
centeral clustering
Global  NMI = 0.2420 ARI = 0.1121 F = 0.1576 ACC = 0.2592
count 40
Round:  94 Train Loss: -1.981
Global  NMI = 0.2428 ARI = 0.1193 F = 0.1725 ACC = 0.2936
count 40
Round:  95 Train Loss: -1.984
centeral clustering
Global  NMI = 0.2419 ARI = 0.1120 F = 0.1575 ACC = 0.2595
count 40
Round:  96 Train Loss: -1.980
count 40
Round:  97 Train Loss: -1.982
centeral clustering
Global  NMI = 0.2474 ARI = 0.1159 F = 0.1609 ACC = 0.2702
count 40
Round:  98 Train Loss: -1.981
count 40
Round:  99 Train Loss: -1.982
centeral clustering
Global  NMI = 0.2427 ARI = 0.1187 F = 0.1635 ACC = 0.2661
Global  NMI = 0.2376 ARI = 0.1224 F = 0.1708 ACC = 0.2876
count 40
Round:  100 Train Loss: -1.981
count 40
Round:  101 Train Loss: -1.982
centeral clustering
Global  NMI = 0.2411 ARI = 0.1117 F = 0.1572 ACC = 0.2594
count 40
Round:  102 Train Loss: -1.981
count 40
Round:  103 Train Loss: -1.982
centeral clustering
Global  NMI = 0.2418 ARI = 0.1121 F = 0.1576 ACC = 0.2584
count 40
Round:  104 Train Loss: -1.983
Global  NMI = 0.2405 ARI = 0.1080 F = 0.1635 ACC = 0.2685
count 40
Round:  105 Train Loss: -1.983
centeral clustering
Global  NMI = 0.2451 ARI = 0.1143 F = 0.1594 ACC = 0.2614
count 40
Round:  106 Train Loss: -1.982
count 40
Round:  107 Train Loss: -1.983
centeral clustering
Global  NMI = 0.2409 ARI = 0.1115 F = 0.1570 ACC = 0.2583
count 40
Round:  108 Train Loss: -1.981
count 40
Round:  109 Train Loss: -1.983
centeral clustering
Global  NMI = 0.2409 ARI = 0.1113 F = 0.1568 ACC = 0.2593
Global  NMI = 0.2369 ARI = 0.1264 F = 0.1727 ACC = 0.2936
count 40
Round:  110 Train Loss: -1.984
count 40
Round:  111 Train Loss: -1.981
centeral clustering
Global  NMI = 0.2408 ARI = 0.1116 F = 0.1570 ACC = 0.2591
count 40
Round:  112 Train Loss: -1.984
count 40
Round:  113 Train Loss: -1.983
centeral clustering
Global  NMI = 0.2471 ARI = 0.1151 F = 0.1602 ACC = 0.2704
count 40
Round:  114 Train Loss: -1.983
Global  NMI = 0.2409 ARI = 0.1219 F = 0.1738 ACC = 0.2955
count 40
Round:  115 Train Loss: -1.984
centeral clustering
Global  NMI = 0.2414 ARI = 0.1123 F = 0.1576 ACC = 0.2611
count 40
Round:  116 Train Loss: -1.983
count 40
Round:  117 Train Loss: -1.983
centeral clustering
Global  NMI = 0.2420 ARI = 0.1124 F = 0.1577 ACC = 0.2597
count 40
Round:  118 Train Loss: -1.983
count 40
Round:  119 Train Loss: -1.983
centeral clustering
Global  NMI = 0.2414 ARI = 0.1119 F = 0.1573 ACC = 0.2595
Global  NMI = 0.2396 ARI = 0.1207 F = 0.1719 ACC = 0.2952
count 40
Round:  120 Train Loss: -1.986
count 40
Round:  121 Train Loss: -1.983
centeral clustering
Global  NMI = 0.2425 ARI = 0.1127 F = 0.1581 ACC = 0.2604
count 40
Round:  122 Train Loss: -1.986
count 40
Round:  123 Train Loss: -1.982
centeral clustering
Global  NMI = 0.2474 ARI = 0.1159 F = 0.1609 ACC = 0.2721
count 40
Round:  124 Train Loss: -1.984
Global  NMI = 0.2383 ARI = 0.1146 F = 0.1656 ACC = 0.2785
count 40
Round:  125 Train Loss: -1.982
centeral clustering
Global  NMI = 0.2471 ARI = 0.1151 F = 0.1602 ACC = 0.2690
count 40
Round:  126 Train Loss: -1.984
count 40
Round:  127 Train Loss: -1.983
centeral clustering
Global  NMI = 0.2423 ARI = 0.1123 F = 0.1576 ACC = 0.2607
count 40
Round:  128 Train Loss: -1.986
count 40
Round:  129 Train Loss: -1.984
centeral clustering
Global  NMI = 0.2425 ARI = 0.1114 F = 0.1568 ACC = 0.2577
Global  NMI = 0.2387 ARI = 0.1161 F = 0.1664 ACC = 0.2828
count 40
Round:  130 Train Loss: -1.980
count 40
Round:  131 Train Loss: -1.985
centeral clustering
Global  NMI = 0.2482 ARI = 0.1155 F = 0.1606 ACC = 0.2712
count 40
Round:  132 Train Loss: -1.983
count 40
Round:  133 Train Loss: -1.981
centeral clustering
Global  NMI = 0.2424 ARI = 0.1124 F = 0.1578 ACC = 0.2604
count 40
Round:  134 Train Loss: -1.982
Global  NMI = 0.2378 ARI = 0.1237 F = 0.1720 ACC = 0.2924
count 40
Round:  135 Train Loss: -1.984
centeral clustering
Global  NMI = 0.2415 ARI = 0.1120 F = 0.1574 ACC = 0.2593
count 40
Round:  136 Train Loss: -1.984
count 40
Round:  137 Train Loss: -1.983
centeral clustering
Global  NMI = 0.2418 ARI = 0.1117 F = 0.1571 ACC = 0.2596
count 40
Round:  138 Train Loss: -1.983
count 40
Round:  139 Train Loss: -1.982
centeral clustering
Global  NMI = 0.2414 ARI = 0.1115 F = 0.1569 ACC = 0.2592
Global  NMI = 0.2382 ARI = 0.1222 F = 0.1723 ACC = 0.2915
count 40
Round:  140 Train Loss: -1.981
count 40
Round:  141 Train Loss: -1.983
centeral clustering
Global  NMI = 0.2416 ARI = 0.1116 F = 0.1570 ACC = 0.2593
count 40
Round:  142 Train Loss: -1.984
count 40
Round:  143 Train Loss: -1.983
centeral clustering
Global  NMI = 0.2413 ARI = 0.1117 F = 0.1571 ACC = 0.2588
count 40
Round:  144 Train Loss: -1.983
Global  NMI = 0.2414 ARI = 0.1267 F = 0.1751 ACC = 0.3014
count 40
Round:  145 Train Loss: -1.982
centeral clustering
Global  NMI = 0.2415 ARI = 0.1122 F = 0.1575 ACC = 0.2598
count 40
Round:  146 Train Loss: -1.986
count 40
Round:  147 Train Loss: -1.983
centeral clustering
Global  NMI = 0.2415 ARI = 0.1121 F = 0.1574 ACC = 0.2604
count 40
Round:  148 Train Loss: -1.984
count 40
Round:  149 Train Loss: -1.983
centeral clustering
Global  NMI = 0.2420 ARI = 0.1123 F = 0.1576 ACC = 0.2605
Global  NMI = 0.2366 ARI = 0.1207 F = 0.1682 ACC = 0.2904
count 40
Round:  150 Train Loss: -1.984
count 40
Round:  151 Train Loss: -1.986
centeral clustering
Global  NMI = 0.2412 ARI = 0.1117 F = 0.1570 ACC = 0.2599
count 40
Round:  152 Train Loss: -1.983
count 40
Round:  153 Train Loss: -1.984
centeral clustering
Global  NMI = 0.2410 ARI = 0.1116 F = 0.1569 ACC = 0.2596
count 40
Round:  154 Train Loss: -1.986
Global  NMI = 0.2407 ARI = 0.1219 F = 0.1725 ACC = 0.2975
count 40
Round:  155 Train Loss: -1.983
centeral clustering
Global  NMI = 0.2419 ARI = 0.1178 F = 0.1626 ACC = 0.2663
count 40
Round:  156 Train Loss: -1.984
count 40
Round:  157 Train Loss: -1.984
centeral clustering
Global  NMI = 0.2414 ARI = 0.1180 F = 0.1628 ACC = 0.2675
count 40
Round:  158 Train Loss: -1.983
count 40
Round:  159 Train Loss: -1.984
centeral clustering
Global  NMI = 0.2410 ARI = 0.1110 F = 0.1564 ACC = 0.2594
Global  NMI = 0.2343 ARI = 0.1126 F = 0.1635 ACC = 0.2835
count 40
Round:  160 Train Loss: -1.985
count 40
Round:  161 Train Loss: -1.984
centeral clustering
Global  NMI = 0.2409 ARI = 0.1114 F = 0.1568 ACC = 0.2590
count 40
Round:  162 Train Loss: -1.985
count 40
Round:  163 Train Loss: -1.988
centeral clustering
Global  NMI = 0.2408 ARI = 0.1119 F = 0.1573 ACC = 0.2604
count 40
Round:  164 Train Loss: -1.982
Global  NMI = 0.2370 ARI = 0.1183 F = 0.1676 ACC = 0.2949
count 40
Round:  165 Train Loss: -1.984
centeral clustering
Global  NMI = 0.2413 ARI = 0.1120 F = 0.1573 ACC = 0.2605
count 40
Round:  166 Train Loss: -1.984
count 40
Round:  167 Train Loss: -1.984
centeral clustering
Global  NMI = 0.2408 ARI = 0.1114 F = 0.1568 ACC = 0.2598
count 40
Round:  168 Train Loss: -1.985
count 40
Round:  169 Train Loss: -1.986
centeral clustering
Global  NMI = 0.2410 ARI = 0.1116 F = 0.1570 ACC = 0.2598
Global  NMI = 0.2356 ARI = 0.1109 F = 0.1627 ACC = 0.2855
count 40
Round:  170 Train Loss: -1.983
count 40
Round:  171 Train Loss: -1.982
centeral clustering
Global  NMI = 0.2409 ARI = 0.1119 F = 0.1572 ACC = 0.2601
count 40
Round:  172 Train Loss: -1.983
count 40
Round:  173 Train Loss: -1.984
centeral clustering
Global  NMI = 0.2422 ARI = 0.1126 F = 0.1580 ACC = 0.2621
count 40
Round:  174 Train Loss: -1.986
Global  NMI = 0.2315 ARI = 0.1178 F = 0.1665 ACC = 0.2943
count 40
Round:  175 Train Loss: -1.983
centeral clustering
Global  NMI = 0.2419 ARI = 0.1123 F = 0.1576 ACC = 0.2605
count 40
Round:  176 Train Loss: -1.985
count 40
Round:  177 Train Loss: -1.986
centeral clustering
Global  NMI = 0.2421 ARI = 0.1180 F = 0.1629 ACC = 0.2668
count 40
Round:  178 Train Loss: -1.987
count 40
Round:  179 Train Loss: -1.985
centeral clustering
Global  NMI = 0.2416 ARI = 0.1117 F = 0.1572 ACC = 0.2606
Global  NMI = 0.2352 ARI = 0.1091 F = 0.1614 ACC = 0.2767
count 40
Round:  180 Train Loss: -1.983
count 40
Round:  181 Train Loss: -1.986
centeral clustering
Global  NMI = 0.2440 ARI = 0.1136 F = 0.1588 ACC = 0.2645
count 40
Round:  182 Train Loss: -1.985
count 40
Round:  183 Train Loss: -1.986
centeral clustering
Global  NMI = 0.2413 ARI = 0.1120 F = 0.1574 ACC = 0.2615
count 40
Round:  184 Train Loss: -1.986
Global  NMI = 0.2402 ARI = 0.1144 F = 0.1676 ACC = 0.2933
count 40
Round:  185 Train Loss: -1.984
centeral clustering
Global  NMI = 0.2413 ARI = 0.1119 F = 0.1574 ACC = 0.2620
count 40
Round:  186 Train Loss: -1.983
count 40
Round:  187 Train Loss: -1.986
centeral clustering
Global  NMI = 0.2410 ARI = 0.1124 F = 0.1577 ACC = 0.2628
count 40
Round:  188 Train Loss: -1.984
count 40
Round:  189 Train Loss: -1.986
centeral clustering
Global  NMI = 0.2418 ARI = 0.1129 F = 0.1582 ACC = 0.2638
Global  NMI = 0.2314 ARI = 0.1100 F = 0.1624 ACC = 0.2809
count 40
Round:  190 Train Loss: -1.988
count 40
Round:  191 Train Loss: -1.983
centeral clustering
Global  NMI = 0.2414 ARI = 0.1126 F = 0.1580 ACC = 0.2631
count 40
Round:  192 Train Loss: -1.987
count 40
Round:  193 Train Loss: -1.982
centeral clustering
Global  NMI = 0.2410 ARI = 0.1129 F = 0.1581 ACC = 0.2641
count 40
Round:  194 Train Loss: -1.985
Global  NMI = 0.2328 ARI = 0.1102 F = 0.1631 ACC = 0.2870
count 40
Round:  195 Train Loss: -1.984
centeral clustering
Global  NMI = 0.2424 ARI = 0.1130 F = 0.1584 ACC = 0.2644
count 40
Round:  196 Train Loss: -1.985
count 40
Round:  197 Train Loss: -1.987
centeral clustering
Global  NMI = 0.2449 ARI = 0.1149 F = 0.1600 ACC = 0.2679
count 40
Round:  198 Train Loss: -1.985
count 40
Round:  199 Train Loss: -1.987
centeral clustering
Global  NMI = 0.2425 ARI = 0.1133 F = 0.1586 ACC = 0.2637
Global  NMI = 0.2412 ARI = 0.1113 F = 0.1649 ACC = 0.2918
count 40
Round:  200 Train Loss: -1.988
count 40
Round:  201 Train Loss: -1.984
centeral clustering
Global  NMI = 0.2421 ARI = 0.1132 F = 0.1585 ACC = 0.2637
count 40
Round:  202 Train Loss: -1.985
count 40
Round:  203 Train Loss: -1.983
centeral clustering
Global  NMI = 0.2419 ARI = 0.1131 F = 0.1584 ACC = 0.2629
count 40
Round:  204 Train Loss: -1.984
Global  NMI = 0.2319 ARI = 0.1119 F = 0.1619 ACC = 0.2814
count 40
Round:  205 Train Loss: -1.985
centeral clustering
Global  NMI = 0.2419 ARI = 0.1132 F = 0.1585 ACC = 0.2634
count 40
Round:  206 Train Loss: -1.985
count 40
Round:  207 Train Loss: -1.987
centeral clustering
Global  NMI = 0.2424 ARI = 0.1132 F = 0.1584 ACC = 0.2641
count 40
Round:  208 Train Loss: -1.987
count 40
Round:  209 Train Loss: -1.986
centeral clustering
Global  NMI = 0.2417 ARI = 0.1135 F = 0.1587 ACC = 0.2638
Global  NMI = 0.2365 ARI = 0.1139 F = 0.1639 ACC = 0.2913
count 40
Round:  210 Train Loss: -1.985
count 40
Round:  211 Train Loss: -1.986
centeral clustering
Global  NMI = 0.2447 ARI = 0.1137 F = 0.1589 ACC = 0.2716
count 40
Round:  212 Train Loss: -1.984
count 40
Round:  213 Train Loss: -1.985
centeral clustering
Global  NMI = 0.2411 ARI = 0.1128 F = 0.1581 ACC = 0.2636
count 40
Round:  214 Train Loss: -1.988
Global  NMI = 0.2330 ARI = 0.1129 F = 0.1637 ACC = 0.2834
count 40
Round:  215 Train Loss: -1.986
centeral clustering
Global  NMI = 0.2409 ARI = 0.1126 F = 0.1579 ACC = 0.2633
count 40
Round:  216 Train Loss: -1.986
count 40
Round:  217 Train Loss: -1.986
centeral clustering
Global  NMI = 0.2441 ARI = 0.1147 F = 0.1598 ACC = 0.2678
count 40
Round:  218 Train Loss: -1.986
count 40
Round:  219 Train Loss: -1.983
centeral clustering
Global  NMI = 0.2421 ARI = 0.1138 F = 0.1590 ACC = 0.2664
Global  NMI = 0.2364 ARI = 0.1129 F = 0.1656 ACC = 0.2944
count 40
Round:  220 Train Loss: -1.985
count 40
Round:  221 Train Loss: -1.985
centeral clustering
Global  NMI = 0.2423 ARI = 0.1138 F = 0.1590 ACC = 0.2657
count 40
Round:  222 Train Loss: -1.984
count 40
Round:  223 Train Loss: -1.986
centeral clustering
Global  NMI = 0.2414 ARI = 0.1125 F = 0.1579 ACC = 0.2654
count 40
Round:  224 Train Loss: -1.984
Global  NMI = 0.2315 ARI = 0.1067 F = 0.1613 ACC = 0.2866
count 40
Round:  225 Train Loss: -1.983
centeral clustering
Global  NMI = 0.2413 ARI = 0.1127 F = 0.1582 ACC = 0.2624
count 40
Round:  226 Train Loss: -1.987
count 40
Round:  227 Train Loss: -1.985
centeral clustering
Global  NMI = 0.2426 ARI = 0.1139 F = 0.1591 ACC = 0.2668
count 40
Round:  228 Train Loss: -1.984
count 40
Round:  229 Train Loss: -1.983
centeral clustering
Global  NMI = 0.2468 ARI = 0.1156 F = 0.1607 ACC = 0.2747
Global  NMI = 0.2285 ARI = 0.1089 F = 0.1615 ACC = 0.2832
count 40
Round:  230 Train Loss: -1.985
count 40
Round:  231 Train Loss: -1.985
centeral clustering
Global  NMI = 0.2427 ARI = 0.1142 F = 0.1594 ACC = 0.2672
count 40
Round:  232 Train Loss: -1.987
count 40
Round:  233 Train Loss: -1.986
centeral clustering
Global  NMI = 0.2481 ARI = 0.1169 F = 0.1619 ACC = 0.2756
count 40
Round:  234 Train Loss: -1.984
Global  NMI = 0.2329 ARI = 0.1132 F = 0.1640 ACC = 0.2890
count 40
Round:  235 Train Loss: -1.986
centeral clustering
Global  NMI = 0.2426 ARI = 0.1136 F = 0.1589 ACC = 0.2661
count 40
Round:  236 Train Loss: -1.986
count 40
Round:  237 Train Loss: -1.984
centeral clustering
Global  NMI = 0.2439 ARI = 0.1146 F = 0.1597 ACC = 0.2686
count 40
Round:  238 Train Loss: -1.985
count 40
Round:  239 Train Loss: -1.982
centeral clustering
Global  NMI = 0.2428 ARI = 0.1139 F = 0.1591 ACC = 0.2663
Global  NMI = 0.2349 ARI = 0.1124 F = 0.1647 ACC = 0.2733
count 40
Round:  240 Train Loss: -1.987
count 40
Round:  241 Train Loss: -1.984
centeral clustering
Global  NMI = 0.2431 ARI = 0.1144 F = 0.1595 ACC = 0.2669
count 40
Round:  242 Train Loss: -1.986
count 40
Round:  243 Train Loss: -1.987
centeral clustering
Global  NMI = 0.2432 ARI = 0.1141 F = 0.1593 ACC = 0.2672
count 40
Round:  244 Train Loss: -1.985
Global  NMI = 0.2307 ARI = 0.1138 F = 0.1642 ACC = 0.2810
count 40
Round:  245 Train Loss: -1.986
centeral clustering
Global  NMI = 0.2433 ARI = 0.1143 F = 0.1595 ACC = 0.2674
count 40
Round:  246 Train Loss: -1.985
count 40
Round:  247 Train Loss: -1.986
centeral clustering
Global  NMI = 0.2438 ARI = 0.1147 F = 0.1598 ACC = 0.2683
count 40
Round:  248 Train Loss: -1.984
count 40
Round:  249 Train Loss: -1.987
centeral clustering
Global  NMI = 0.2439 ARI = 0.1147 F = 0.1599 ACC = 0.2678
Global  NMI = 0.2416 ARI = 0.1214 F = 0.1699 ACC = 0.2990
count 40
Round:  250 Train Loss: -1.987
count 40
Round:  251 Train Loss: -1.987
centeral clustering
Global  NMI = 0.2433 ARI = 0.1141 F = 0.1593 ACC = 0.2673
count 40
Round:  252 Train Loss: -1.985
count 40
Round:  253 Train Loss: -1.986
centeral clustering
Global  NMI = 0.2426 ARI = 0.1150 F = 0.1600 ACC = 0.2676
count 40
Round:  254 Train Loss: -1.986
Global  NMI = 0.2358 ARI = 0.1126 F = 0.1642 ACC = 0.2825
count 40
Round:  255 Train Loss: -1.988
centeral clustering
Global  NMI = 0.2445 ARI = 0.1148 F = 0.1599 ACC = 0.2684
count 40
Round:  256 Train Loss: -1.985
count 40
Round:  257 Train Loss: -1.988
centeral clustering
Global  NMI = 0.2433 ARI = 0.1141 F = 0.1592 ACC = 0.2676
count 40
Round:  258 Train Loss: -1.985
count 40
Round:  259 Train Loss: -1.987
centeral clustering
Global  NMI = 0.2425 ARI = 0.1134 F = 0.1587 ACC = 0.2674
Global  NMI = 0.2378 ARI = 0.1162 F = 0.1666 ACC = 0.2932
count 40
Round:  260 Train Loss: -1.986
count 40
Round:  261 Train Loss: -1.988
centeral clustering
Global  NMI = 0.2422 ARI = 0.1129 F = 0.1581 ACC = 0.2669
count 40
Round:  262 Train Loss: -1.989
count 40
Round:  263 Train Loss: -1.988
centeral clustering
Global  NMI = 0.2419 ARI = 0.1129 F = 0.1582 ACC = 0.2671
count 40
Round:  264 Train Loss: -1.986
Global  NMI = 0.2356 ARI = 0.1099 F = 0.1621 ACC = 0.2768
count 40
Round:  265 Train Loss: -1.987
centeral clustering
Global  NMI = 0.2418 ARI = 0.1131 F = 0.1583 ACC = 0.2676
count 40
Round:  266 Train Loss: -1.985
count 40
Round:  267 Train Loss: -1.985
centeral clustering
Global  NMI = 0.2424 ARI = 0.1138 F = 0.1590 ACC = 0.2682
count 40
Round:  268 Train Loss: -1.983
count 40
Round:  269 Train Loss: -1.985
centeral clustering
Global  NMI = 0.2428 ARI = 0.1134 F = 0.1586 ACC = 0.2678
Global  NMI = 0.2353 ARI = 0.1143 F = 0.1645 ACC = 0.2937
count 40
Round:  270 Train Loss: -1.984
count 40
Round:  271 Train Loss: -1.984
centeral clustering
Global  NMI = 0.2420 ARI = 0.1129 F = 0.1582 ACC = 0.2675
count 40
Round:  272 Train Loss: -1.986
count 40
Round:  273 Train Loss: -1.984
centeral clustering
Global  NMI = 0.2412 ARI = 0.1127 F = 0.1580 ACC = 0.2672
count 40
Round:  274 Train Loss: -1.985
Global  NMI = 0.2362 ARI = 0.1217 F = 0.1698 ACC = 0.2969
count 40
Round:  275 Train Loss: -1.987
centeral clustering
Global  NMI = 0.2417 ARI = 0.1125 F = 0.1578 ACC = 0.2666
count 40
Round:  276 Train Loss: -1.986
count 40
Round:  277 Train Loss: -1.986
centeral clustering
Global  NMI = 0.2417 ARI = 0.1126 F = 0.1579 ACC = 0.2661
count 40
Round:  278 Train Loss: -1.985
count 40
Round:  279 Train Loss: -1.985
centeral clustering
Global  NMI = 0.2376 ARI = 0.1106 F = 0.1557 ACC = 0.2569
Global  NMI = 0.2367 ARI = 0.1152 F = 0.1666 ACC = 0.2893
count 40
Round:  280 Train Loss: -1.987
count 40
Round:  281 Train Loss: -1.986
centeral clustering
Global  NMI = 0.2417 ARI = 0.1138 F = 0.1588 ACC = 0.2648
count 40
Round:  282 Train Loss: -1.985
count 40
Round:  283 Train Loss: -1.987
centeral clustering
Global  NMI = 0.2411 ARI = 0.1132 F = 0.1583 ACC = 0.2643
count 40
Round:  284 Train Loss: -1.986
Global  NMI = 0.2390 ARI = 0.1102 F = 0.1642 ACC = 0.2831
count 40
Round:  285 Train Loss: -1.985
centeral clustering
Global  NMI = 0.2415 ARI = 0.1124 F = 0.1578 ACC = 0.2664
count 40
Round:  286 Train Loss: -1.986
count 40
Round:  287 Train Loss: -1.986
centeral clustering
Global  NMI = 0.2415 ARI = 0.1123 F = 0.1577 ACC = 0.2665
count 40
Round:  288 Train Loss: -1.985
count 40
Round:  289 Train Loss: -1.987
centeral clustering
Global  NMI = 0.2410 ARI = 0.1119 F = 0.1573 ACC = 0.2658
Global  NMI = 0.2337 ARI = 0.1143 F = 0.1634 ACC = 0.2834
count 40
Round:  290 Train Loss: -1.985
count 40
Round:  291 Train Loss: -1.989
centeral clustering
Global  NMI = 0.2408 ARI = 0.1119 F = 0.1572 ACC = 0.2651
count 40
Round:  292 Train Loss: -1.989
count 40
Round:  293 Train Loss: -1.986
centeral clustering
Global  NMI = 0.2414 ARI = 0.1130 F = 0.1581 ACC = 0.2639
count 40
Round:  294 Train Loss: -1.985
Global  NMI = 0.2387 ARI = 0.1102 F = 0.1644 ACC = 0.2779
count 40
Round:  295 Train Loss: -1.986
centeral clustering
Global  NMI = 0.2412 ARI = 0.1127 F = 0.1578 ACC = 0.2637
count 40
Round:  296 Train Loss: -1.988
count 40
Round:  297 Train Loss: -1.988
centeral clustering
Global  NMI = 0.2433 ARI = 0.1134 F = 0.1586 ACC = 0.2673
count 40
Round:  298 Train Loss: -1.985
count 40
Round:  299 Train Loss: -1.987
centeral clustering
Global  NMI = 0.2403 ARI = 0.1122 F = 0.1574 ACC = 0.2634
Global  NMI = 0.2338 ARI = 0.1090 F = 0.1604 ACC = 0.2804
count 40
Round:  300 Train Loss: -1.986
count 40
Round:  301 Train Loss: -1.985
centeral clustering
Global  NMI = 0.2414 ARI = 0.1114 F = 0.1567 ACC = 0.2661
count 40
Round:  302 Train Loss: -1.987
count 40
Round:  303 Train Loss: -1.988
centeral clustering
Global  NMI = 0.2391 ARI = 0.1108 F = 0.1562 ACC = 0.2642
count 40
Round:  304 Train Loss: -1.987
Global  NMI = 0.2314 ARI = 0.1045 F = 0.1582 ACC = 0.2695
count 40
Round:  305 Train Loss: -1.988
centeral clustering
Global  NMI = 0.2399 ARI = 0.1102 F = 0.1558 ACC = 0.2632
count 40
Round:  306 Train Loss: -1.986
count 40
Round:  307 Train Loss: -1.988
centeral clustering
Global  NMI = 0.2422 ARI = 0.1123 F = 0.1575 ACC = 0.2650
count 40
Round:  308 Train Loss: -1.985
count 40
Round:  309 Train Loss: -1.988
centeral clustering
Global  NMI = 0.2394 ARI = 0.1098 F = 0.1554 ACC = 0.2637
Global  NMI = 0.2333 ARI = 0.1089 F = 0.1609 ACC = 0.2735
count 40
Round:  310 Train Loss: -1.986
count 40
Round:  311 Train Loss: -1.986
centeral clustering
Global  NMI = 0.2403 ARI = 0.1104 F = 0.1559 ACC = 0.2647
count 40
Round:  312 Train Loss: -1.985
count 40
Round:  313 Train Loss: -1.986
centeral clustering
Global  NMI = 0.2457 ARI = 0.1134 F = 0.1585 ACC = 0.2653
count 40
Round:  314 Train Loss: -1.988
Global  NMI = 0.2406 ARI = 0.1176 F = 0.1696 ACC = 0.2799
count 40
Round:  315 Train Loss: -1.989
centeral clustering
Global  NMI = 0.2504 ARI = 0.1166 F = 0.1616 ACC = 0.2755
count 40
Round:  316 Train Loss: -1.988
count 40
Round:  317 Train Loss: -1.989
centeral clustering
Global  NMI = 0.2411 ARI = 0.1110 F = 0.1565 ACC = 0.2639
count 40
Round:  318 Train Loss: -1.989
count 40
Round:  319 Train Loss: -1.986
centeral clustering
Global  NMI = 0.2411 ARI = 0.1111 F = 0.1566 ACC = 0.2643
Global  NMI = 0.2353 ARI = 0.1075 F = 0.1616 ACC = 0.2743
count 40
Round:  320 Train Loss: -1.984
count 40
Round:  321 Train Loss: -1.988
centeral clustering
Global  NMI = 0.2411 ARI = 0.1121 F = 0.1573 ACC = 0.2623
count 40
Round:  322 Train Loss: -1.987
count 40
Round:  323 Train Loss: -1.986
centeral clustering
Global  NMI = 0.2408 ARI = 0.1116 F = 0.1568 ACC = 0.2614
count 40
Round:  324 Train Loss: -1.987
Global  NMI = 0.2281 ARI = 0.1102 F = 0.1604 ACC = 0.2710
