nohup: ignoring input
cuda:5
Namespace(batch_size=1496, classes_per_user=8, data_root='./datasets', eta=0.06, exp_dir='./save/CCFC++/cifar100-noiid', global_lr=1, image_size=224, k=20, latent_dim=256, lbd=0.1, lr=0.0005, mini_bs=136, n_clients=40, num_proj_layers=2, num_workers=6, p=0.0, pre_hidden_dim=64, proj_hidden_dim=512, resnet='ResNet18', sample_ratio=1, seed=66, test_image_size=256, trial='v0')
59840
save//CCFC++/Cifar100/v0/model_pretrain_0_29.pt
Global  NMI = 0.2091 ARI = 0.0982 F = 0.1488 ACC = 0.2428
backbone.conv1.weight
backbone.bn1.weight
backbone.bn1.bias
backbone.bn1.running_mean
backbone.bn1.running_var
backbone.bn1.num_batches_tracked
backbone.layer1.0.conv1.weight
backbone.layer1.0.bn1.weight
backbone.layer1.0.bn1.bias
backbone.layer1.0.bn1.running_mean
backbone.layer1.0.bn1.running_var
backbone.layer1.0.bn1.num_batches_tracked
backbone.layer1.0.conv2.weight
backbone.layer1.0.bn2.weight
backbone.layer1.0.bn2.bias
backbone.layer1.0.bn2.running_mean
backbone.layer1.0.bn2.running_var
backbone.layer1.0.bn2.num_batches_tracked
backbone.layer1.1.conv1.weight
backbone.layer1.1.bn1.weight
backbone.layer1.1.bn1.bias
backbone.layer1.1.bn1.running_mean
backbone.layer1.1.bn1.running_var
backbone.layer1.1.bn1.num_batches_tracked
backbone.layer1.1.conv2.weight
backbone.layer1.1.bn2.weight
backbone.layer1.1.bn2.bias
backbone.layer1.1.bn2.running_mean
backbone.layer1.1.bn2.running_var
backbone.layer1.1.bn2.num_batches_tracked
backbone.layer2.0.conv1.weight
backbone.layer2.0.bn1.weight
backbone.layer2.0.bn1.bias
backbone.layer2.0.bn1.running_mean
backbone.layer2.0.bn1.running_var
backbone.layer2.0.bn1.num_batches_tracked
backbone.layer2.0.conv2.weight
backbone.layer2.0.bn2.weight
backbone.layer2.0.bn2.bias
backbone.layer2.0.bn2.running_mean
backbone.layer2.0.bn2.running_var
backbone.layer2.0.bn2.num_batches_tracked
backbone.layer2.0.downsample.0.weight
backbone.layer2.0.downsample.1.weight
backbone.layer2.0.downsample.1.bias
backbone.layer2.0.downsample.1.running_mean
backbone.layer2.0.downsample.1.running_var
backbone.layer2.0.downsample.1.num_batches_tracked
backbone.layer2.1.conv1.weight
backbone.layer2.1.bn1.weight
backbone.layer2.1.bn1.bias
backbone.layer2.1.bn1.running_mean
backbone.layer2.1.bn1.running_var
backbone.layer2.1.bn1.num_batches_tracked
backbone.layer2.1.conv2.weight
backbone.layer2.1.bn2.weight
backbone.layer2.1.bn2.bias
backbone.layer2.1.bn2.running_mean
backbone.layer2.1.bn2.running_var
backbone.layer2.1.bn2.num_batches_tracked
backbone.layer3.0.conv1.weight
backbone.layer3.0.bn1.weight
backbone.layer3.0.bn1.bias
backbone.layer3.0.bn1.running_mean
backbone.layer3.0.bn1.running_var
backbone.layer3.0.bn1.num_batches_tracked
backbone.layer3.0.conv2.weight
backbone.layer3.0.bn2.weight
backbone.layer3.0.bn2.bias
backbone.layer3.0.bn2.running_mean
backbone.layer3.0.bn2.running_var
backbone.layer3.0.bn2.num_batches_tracked
backbone.layer3.0.downsample.0.weight
backbone.layer3.0.downsample.1.weight
backbone.layer3.0.downsample.1.bias
backbone.layer3.0.downsample.1.running_mean
backbone.layer3.0.downsample.1.running_var
backbone.layer3.0.downsample.1.num_batches_tracked
backbone.layer3.1.conv1.weight
backbone.layer3.1.bn1.weight
backbone.layer3.1.bn1.bias
backbone.layer3.1.bn1.running_mean
backbone.layer3.1.bn1.running_var
backbone.layer3.1.bn1.num_batches_tracked
backbone.layer3.1.conv2.weight
backbone.layer3.1.bn2.weight
backbone.layer3.1.bn2.bias
backbone.layer3.1.bn2.running_mean
backbone.layer3.1.bn2.running_var
backbone.layer3.1.bn2.num_batches_tracked
backbone.layer4.0.conv1.weight
backbone.layer4.0.bn1.weight
backbone.layer4.0.bn1.bias
backbone.layer4.0.bn1.running_mean
backbone.layer4.0.bn1.running_var
backbone.layer4.0.bn1.num_batches_tracked
backbone.layer4.0.conv2.weight
backbone.layer4.0.bn2.weight
backbone.layer4.0.bn2.bias
backbone.layer4.0.bn2.running_mean
backbone.layer4.0.bn2.running_var
backbone.layer4.0.bn2.num_batches_tracked
backbone.layer4.0.downsample.0.weight
backbone.layer4.0.downsample.1.weight
backbone.layer4.0.downsample.1.bias
backbone.layer4.0.downsample.1.running_mean
backbone.layer4.0.downsample.1.running_var
backbone.layer4.0.downsample.1.num_batches_tracked
backbone.layer4.1.conv1.weight
backbone.layer4.1.bn1.weight
backbone.layer4.1.bn1.bias
backbone.layer4.1.bn1.running_mean
backbone.layer4.1.bn1.running_var
backbone.layer4.1.bn1.num_batches_tracked
backbone.layer4.1.conv2.weight
backbone.layer4.1.bn2.weight
backbone.layer4.1.bn2.bias
backbone.layer4.1.bn2.running_mean
backbone.layer4.1.bn2.running_var
backbone.layer4.1.bn2.num_batches_tracked
projector.layer1.0.weight
projector.layer1.0.bias
projector.layer1.1.weight
projector.layer1.1.bias
projector.layer1.1.running_mean
projector.layer1.1.running_var
projector.layer1.1.num_batches_tracked
projector.layer2.0.weight
projector.layer2.0.bias
projector.layer2.1.weight
projector.layer2.1.bias
projector.layer2.1.running_mean
projector.layer2.1.running_var
projector.layer2.1.num_batches_tracked
projector.layer3.0.weight
projector.layer3.0.bias
projector.layer3.1.running_mean
projector.layer3.1.running_var
projector.layer3.1.num_batches_tracked
predictor.layer1.0.weight
predictor.layer1.0.bias
predictor.layer1.1.weight
predictor.layer1.1.bias
predictor.layer1.1.running_mean
predictor.layer1.1.running_var
predictor.layer1.1.num_batches_tracked
predictor.layer2.weight
predictor.layer2.bias
count 40
Round:  0 Train Loss: -1.522
count 40
Round:  1 Train Loss: -1.711
centeral clustering
Global  NMI = 0.1982 ARI = 0.0882 F = 0.1347 ACC = 0.2192
count 40
Round:  2 Train Loss: -1.775
count 40
Round:  3 Train Loss: -1.803
centeral clustering
Global  NMI = 0.2022 ARI = 0.0923 F = 0.1387 ACC = 0.2260
count 40
Round:  4 Train Loss: -1.818
Global  NMI = 0.2082 ARI = 0.1094 F = 0.1618 ACC = 0.2455
count 40
Round:  5 Train Loss: -1.828
centeral clustering
Global  NMI = 0.2028 ARI = 0.0952 F = 0.1410 ACC = 0.2327
count 40
Round:  6 Train Loss: -1.829
count 40
Round:  7 Train Loss: -1.834
centeral clustering
Global  NMI = 0.2008 ARI = 0.0928 F = 0.1388 ACC = 0.2298
count 40
Round:  8 Train Loss: -1.840
count 40
Round:  9 Train Loss: -1.841
centeral clustering
Global  NMI = 0.1996 ARI = 0.0913 F = 0.1375 ACC = 0.2282
Global  NMI = 0.2012 ARI = 0.1102 F = 0.1565 ACC = 0.2571
count 40
Round:  10 Train Loss: -1.841
count 40
Round:  11 Train Loss: -1.843
centeral clustering
Global  NMI = 0.1998 ARI = 0.0906 F = 0.1370 ACC = 0.2269
count 40
Round:  12 Train Loss: -1.845
count 40
Round:  13 Train Loss: -1.848
centeral clustering
Global  NMI = 0.2002 ARI = 0.0901 F = 0.1367 ACC = 0.2265
count 40
Round:  14 Train Loss: -1.845
Global  NMI = 0.2063 ARI = 0.1099 F = 0.1589 ACC = 0.2570
count 40
Round:  15 Train Loss: -1.847
centeral clustering
Global  NMI = 0.2018 ARI = 0.0921 F = 0.1386 ACC = 0.2311
count 40
Round:  16 Train Loss: -1.846
count 40
Round:  17 Train Loss: -1.847
centeral clustering
Global  NMI = 0.2029 ARI = 0.0929 F = 0.1392 ACC = 0.2311
count 40
Round:  18 Train Loss: -1.847
count 40
Round:  19 Train Loss: -1.849
centeral clustering
Global  NMI = 0.2028 ARI = 0.0950 F = 0.1408 ACC = 0.2341
Global  NMI = 0.2129 ARI = 0.1121 F = 0.1633 ACC = 0.2640
count 40
Round:  20 Train Loss: -1.847
count 40
Round:  21 Train Loss: -1.849
centeral clustering
Global  NMI = 0.2051 ARI = 0.0966 F = 0.1426 ACC = 0.2352
count 40
Round:  22 Train Loss: -1.848
count 40
Round:  23 Train Loss: -1.846
centeral clustering
Global  NMI = 0.2041 ARI = 0.0966 F = 0.1427 ACC = 0.2351
count 40
Round:  24 Train Loss: -1.848
Global  NMI = 0.2077 ARI = 0.1110 F = 0.1572 ACC = 0.2670
count 40
Round:  25 Train Loss: -1.847
centeral clustering
Global  NMI = 0.2031 ARI = 0.0993 F = 0.1450 ACC = 0.2372
count 40
Round:  26 Train Loss: -1.846
count 40
Round:  27 Train Loss: -1.847
centeral clustering
Global  NMI = 0.2022 ARI = 0.0997 F = 0.1453 ACC = 0.2384
count 40
Round:  28 Train Loss: -1.850
count 40
Round:  29 Train Loss: -1.851
centeral clustering
Global  NMI = 0.2032 ARI = 0.1000 F = 0.1456 ACC = 0.2394
Global  NMI = 0.2088 ARI = 0.1154 F = 0.1615 ACC = 0.2624
count 40
Round:  30 Train Loss: -1.846
count 40
Round:  31 Train Loss: -1.851
centeral clustering
Global  NMI = 0.2021 ARI = 0.0993 F = 0.1449 ACC = 0.2346
count 40
Round:  32 Train Loss: -1.846
count 40
Round:  33 Train Loss: -1.847
centeral clustering
Global  NMI = 0.2042 ARI = 0.1011 F = 0.1467 ACC = 0.2387
count 40
Round:  34 Train Loss: -1.847
Global  NMI = 0.2128 ARI = 0.1155 F = 0.1635 ACC = 0.2672
count 40
Round:  35 Train Loss: -1.847
centeral clustering
Global  NMI = 0.2053 ARI = 0.1016 F = 0.1471 ACC = 0.2407
count 40
Round:  36 Train Loss: -1.848
count 40
Round:  37 Train Loss: -1.844
centeral clustering
Global  NMI = 0.2077 ARI = 0.1039 F = 0.1493 ACC = 0.2439
count 40
Round:  38 Train Loss: -1.846
count 40
Round:  39 Train Loss: -1.848
centeral clustering
Global  NMI = 0.2067 ARI = 0.1037 F = 0.1491 ACC = 0.2381
Global  NMI = 0.2134 ARI = 0.1184 F = 0.1660 ACC = 0.2625
count 40
Round:  40 Train Loss: -1.844
count 40
Round:  41 Train Loss: -1.846
centeral clustering
Global  NMI = 0.2053 ARI = 0.1029 F = 0.1483 ACC = 0.2415
count 40
Round:  42 Train Loss: -1.844
count 40
Round:  43 Train Loss: -1.844
centeral clustering
Global  NMI = 0.2037 ARI = 0.1000 F = 0.1458 ACC = 0.2376
count 40
Round:  44 Train Loss: -1.848
Global  NMI = 0.2167 ARI = 0.1175 F = 0.1664 ACC = 0.2670
count 40
Round:  45 Train Loss: -1.845
centeral clustering
Global  NMI = 0.2079 ARI = 0.1037 F = 0.1491 ACC = 0.2427
count 40
Round:  46 Train Loss: -1.848
count 40
Round:  47 Train Loss: -1.844
centeral clustering
Global  NMI = 0.2076 ARI = 0.1032 F = 0.1487 ACC = 0.2437
count 40
Round:  48 Train Loss: -1.844
count 40
Round:  49 Train Loss: -1.844
centeral clustering
Global  NMI = 0.2053 ARI = 0.1022 F = 0.1475 ACC = 0.2378
Global  NMI = 0.2215 ARI = 0.1268 F = 0.1737 ACC = 0.2779
count 40
Round:  50 Train Loss: -1.844
count 40
Round:  51 Train Loss: -1.844
centeral clustering
Global  NMI = 0.2082 ARI = 0.1037 F = 0.1491 ACC = 0.2439
count 40
Round:  52 Train Loss: -1.847
count 40
Round:  53 Train Loss: -1.845
centeral clustering
Global  NMI = 0.2075 ARI = 0.1031 F = 0.1486 ACC = 0.2438
count 40
Round:  54 Train Loss: -1.843
Global  NMI = 0.2159 ARI = 0.1213 F = 0.1682 ACC = 0.2598
count 40
Round:  55 Train Loss: -1.844
centeral clustering
Global  NMI = 0.2068 ARI = 0.1029 F = 0.1484 ACC = 0.2423
count 40
Round:  56 Train Loss: -1.845
count 40
Round:  57 Train Loss: -1.845
centeral clustering
Global  NMI = 0.2062 ARI = 0.1021 F = 0.1476 ACC = 0.2412
count 40
Round:  58 Train Loss: -1.846
count 40
Round:  59 Train Loss: -1.847
centeral clustering
Global  NMI = 0.2057 ARI = 0.1009 F = 0.1465 ACC = 0.2410
Global  NMI = 0.2151 ARI = 0.1208 F = 0.1691 ACC = 0.2622
count 40
Round:  60 Train Loss: -1.843
count 40
Round:  61 Train Loss: -1.844
centeral clustering
Global  NMI = 0.2058 ARI = 0.1007 F = 0.1462 ACC = 0.2409
count 40
Round:  62 Train Loss: -1.844
count 40
Round:  63 Train Loss: -1.840
centeral clustering
Global  NMI = 0.2075 ARI = 0.1023 F = 0.1477 ACC = 0.2449
count 40
Round:  64 Train Loss: -1.844
Global  NMI = 0.2206 ARI = 0.1244 F = 0.1718 ACC = 0.2626
count 40
Round:  65 Train Loss: -1.844
centeral clustering
Global  NMI = 0.2044 ARI = 0.0977 F = 0.1434 ACC = 0.2395
count 40
Round:  66 Train Loss: -1.845
count 40
Round:  67 Train Loss: -1.843
centeral clustering
Global  NMI = 0.2062 ARI = 0.1000 F = 0.1455 ACC = 0.2407
count 40
Round:  68 Train Loss: -1.843
count 40
Round:  69 Train Loss: -1.844
centeral clustering
Global  NMI = 0.2054 ARI = 0.0990 F = 0.1446 ACC = 0.2388
Global  NMI = 0.2153 ARI = 0.1184 F = 0.1640 ACC = 0.2707
count 40
Round:  70 Train Loss: -1.842
count 40
Round:  71 Train Loss: -1.845
centeral clustering
Global  NMI = 0.2036 ARI = 0.0981 F = 0.1437 ACC = 0.2344
count 40
Round:  72 Train Loss: -1.844
count 40
Round:  73 Train Loss: -1.843
centeral clustering
Global  NMI = 0.2049 ARI = 0.0991 F = 0.1446 ACC = 0.2394
count 40
Round:  74 Train Loss: -1.841
Global  NMI = 0.2182 ARI = 0.1187 F = 0.1681 ACC = 0.2586
count 40
Round:  75 Train Loss: -1.845
centeral clustering
Global  NMI = 0.2051 ARI = 0.0977 F = 0.1434 ACC = 0.2382
count 40
Round:  76 Train Loss: -1.842
count 40
Round:  77 Train Loss: -1.842
centeral clustering
Global  NMI = 0.2058 ARI = 0.0989 F = 0.1444 ACC = 0.2392
count 40
Round:  78 Train Loss: -1.841
count 40
Round:  79 Train Loss: -1.844
centeral clustering
Global  NMI = 0.2042 ARI = 0.0961 F = 0.1418 ACC = 0.2388
Global  NMI = 0.2221 ARI = 0.1186 F = 0.1655 ACC = 0.2791
count 40
Round:  80 Train Loss: -1.844
count 40
Round:  81 Train Loss: -1.842
centeral clustering
Global  NMI = 0.2053 ARI = 0.0979 F = 0.1435 ACC = 0.2380
count 40
Round:  82 Train Loss: -1.840
count 40
Round:  83 Train Loss: -1.841
centeral clustering
Global  NMI = 0.2044 ARI = 0.0976 F = 0.1433 ACC = 0.2389
count 40
Round:  84 Train Loss: -1.843
Global  NMI = 0.2207 ARI = 0.1184 F = 0.1658 ACC = 0.2745
count 40
Round:  85 Train Loss: -1.840
centeral clustering
Global  NMI = 0.2028 ARI = 0.0968 F = 0.1425 ACC = 0.2378
count 40
Round:  86 Train Loss: -1.845
count 40
Round:  87 Train Loss: -1.840
centeral clustering
Global  NMI = 0.2042 ARI = 0.0970 F = 0.1427 ACC = 0.2402
count 40
Round:  88 Train Loss: -1.840
count 40
Round:  89 Train Loss: -1.841
centeral clustering
Global  NMI = 0.2038 ARI = 0.0960 F = 0.1418 ACC = 0.2369
Global  NMI = 0.2252 ARI = 0.1172 F = 0.1671 ACC = 0.2809
count 40
Round:  90 Train Loss: -1.841
count 40
Round:  91 Train Loss: -1.843
centeral clustering
Global  NMI = 0.2030 ARI = 0.0967 F = 0.1423 ACC = 0.2383
count 40
Round:  92 Train Loss: -1.840
count 40
Round:  93 Train Loss: -1.841
centeral clustering
Global  NMI = 0.2046 ARI = 0.0979 F = 0.1435 ACC = 0.2403
count 40
Round:  94 Train Loss: -1.840
Global  NMI = 0.2226 ARI = 0.1215 F = 0.1702 ACC = 0.2603
count 40
Round:  95 Train Loss: -1.843
centeral clustering
Global  NMI = 0.2054 ARI = 0.0981 F = 0.1437 ACC = 0.2398
count 40
Round:  96 Train Loss: -1.838
count 40
Round:  97 Train Loss: -1.841
centeral clustering
Global  NMI = 0.2050 ARI = 0.0984 F = 0.1440 ACC = 0.2408
count 40
Round:  98 Train Loss: -1.841
count 40
Round:  99 Train Loss: -1.841
centeral clustering
Global  NMI = 0.2062 ARI = 0.0995 F = 0.1450 ACC = 0.2431
Global  NMI = 0.2216 ARI = 0.1223 F = 0.1703 ACC = 0.2691
count 40
Round:  100 Train Loss: -1.840
count 40
Round:  101 Train Loss: -1.841
centeral clustering
Global  NMI = 0.2053 ARI = 0.0991 F = 0.1446 ACC = 0.2420
count 40
Round:  102 Train Loss: -1.842
count 40
Round:  103 Train Loss: -1.840
centeral clustering
Global  NMI = 0.2048 ARI = 0.0976 F = 0.1433 ACC = 0.2410
count 40
Round:  104 Train Loss: -1.842
Global  NMI = 0.2214 ARI = 0.1139 F = 0.1626 ACC = 0.2762
count 40
Round:  105 Train Loss: -1.842
centeral clustering
Global  NMI = 0.2044 ARI = 0.0984 F = 0.1441 ACC = 0.2414
count 40
Round:  106 Train Loss: -1.839
count 40
Round:  107 Train Loss: -1.840
centeral clustering
Global  NMI = 0.2034 ARI = 0.0976 F = 0.1433 ACC = 0.2394
count 40
Round:  108 Train Loss: -1.839
count 40
Round:  109 Train Loss: -1.842
centeral clustering
Global  NMI = 0.2032 ARI = 0.0963 F = 0.1420 ACC = 0.2385
Global  NMI = 0.2169 ARI = 0.1182 F = 0.1677 ACC = 0.2615
count 40
Round:  110 Train Loss: -1.843
count 40
Round:  111 Train Loss: -1.840
centeral clustering
Global  NMI = 0.2035 ARI = 0.0968 F = 0.1426 ACC = 0.2402
count 40
Round:  112 Train Loss: -1.842
count 40
Round:  113 Train Loss: -1.842
centeral clustering
Global  NMI = 0.2016 ARI = 0.0952 F = 0.1410 ACC = 0.2388
count 40
Round:  114 Train Loss: -1.842
Global  NMI = 0.2164 ARI = 0.1206 F = 0.1682 ACC = 0.2626
count 40
Round:  115 Train Loss: -1.844
centeral clustering
Global  NMI = 0.2034 ARI = 0.0966 F = 0.1424 ACC = 0.2404
count 40
Round:  116 Train Loss: -1.843
count 40
Round:  117 Train Loss: -1.843
centeral clustering
Global  NMI = 0.2036 ARI = 0.0967 F = 0.1424 ACC = 0.2410
count 40
Round:  118 Train Loss: -1.840
count 40
Round:  119 Train Loss: -1.839
centeral clustering
Global  NMI = 0.2056 ARI = 0.0975 F = 0.1432 ACC = 0.2429
Global  NMI = 0.2284 ARI = 0.1210 F = 0.1691 ACC = 0.2839
count 40
Round:  120 Train Loss: -1.842
count 40
Round:  121 Train Loss: -1.840
centeral clustering
Global  NMI = 0.2047 ARI = 0.0970 F = 0.1427 ACC = 0.2416
count 40
Round:  122 Train Loss: -1.843
count 40
Round:  123 Train Loss: -1.839
centeral clustering
Global  NMI = 0.2054 ARI = 0.0983 F = 0.1440 ACC = 0.2422
count 40
Round:  124 Train Loss: -1.839
Global  NMI = 0.2275 ARI = 0.1242 F = 0.1708 ACC = 0.2876
count 40
Round:  125 Train Loss: -1.838
centeral clustering
Global  NMI = 0.2055 ARI = 0.0982 F = 0.1440 ACC = 0.2416
count 40
Round:  126 Train Loss: -1.842
count 40
Round:  127 Train Loss: -1.839
centeral clustering
Global  NMI = 0.2022 ARI = 0.0962 F = 0.1419 ACC = 0.2373
count 40
Round:  128 Train Loss: -1.843
count 40
Round:  129 Train Loss: -1.840
centeral clustering
Global  NMI = 0.2020 ARI = 0.0954 F = 0.1412 ACC = 0.2375
Global  NMI = 0.2241 ARI = 0.1168 F = 0.1654 ACC = 0.2812
count 40
Round:  130 Train Loss: -1.838
count 40
Round:  131 Train Loss: -1.842
centeral clustering
Global  NMI = 0.1999 ARI = 0.0934 F = 0.1393 ACC = 0.2363
count 40
Round:  132 Train Loss: -1.839
count 40
Round:  133 Train Loss: -1.838
centeral clustering
Global  NMI = 0.1999 ARI = 0.0920 F = 0.1382 ACC = 0.2345
count 40
Round:  134 Train Loss: -1.838
Global  NMI = 0.2094 ARI = 0.1081 F = 0.1586 ACC = 0.2523
count 40
Round:  135 Train Loss: -1.841
centeral clustering
Global  NMI = 0.1994 ARI = 0.0911 F = 0.1375 ACC = 0.2341
count 40
Round:  136 Train Loss: -1.841
count 40
Round:  137 Train Loss: -1.843
centeral clustering
Global  NMI = 0.1977 ARI = 0.0897 F = 0.1362 ACC = 0.2331
count 40
Round:  138 Train Loss: -1.842
count 40
Round:  139 Train Loss: -1.842
centeral clustering
Global  NMI = 0.1992 ARI = 0.0897 F = 0.1360 ACC = 0.2317
Global  NMI = 0.2105 ARI = 0.1115 F = 0.1600 ACC = 0.2467
count 40
Round:  140 Train Loss: -1.840
count 40
Round:  141 Train Loss: -1.842
centeral clustering
Global  NMI = 0.1995 ARI = 0.0913 F = 0.1375 ACC = 0.2322
count 40
Round:  142 Train Loss: -1.842
count 40
Round:  143 Train Loss: -1.840
centeral clustering
Global  NMI = 0.2010 ARI = 0.0936 F = 0.1396 ACC = 0.2323
count 40
Round:  144 Train Loss: -1.841
Global  NMI = 0.2221 ARI = 0.1158 F = 0.1653 ACC = 0.2717
count 40
Round:  145 Train Loss: -1.838
centeral clustering
Global  NMI = 0.2037 ARI = 0.0963 F = 0.1422 ACC = 0.2413
count 40
Round:  146 Train Loss: -1.840
count 40
Round:  147 Train Loss: -1.837
centeral clustering
Global  NMI = 0.2040 ARI = 0.0983 F = 0.1441 ACC = 0.2418
count 40
Round:  148 Train Loss: -1.837
count 40
Round:  149 Train Loss: -1.837
centeral clustering
Global  NMI = 0.2064 ARI = 0.0998 F = 0.1456 ACC = 0.2442
Global  NMI = 0.2258 ARI = 0.1247 F = 0.1724 ACC = 0.2882
count 40
Round:  150 Train Loss: -1.839
count 40
Round:  151 Train Loss: -1.842
centeral clustering
Global  NMI = 0.2059 ARI = 0.0987 F = 0.1443 ACC = 0.2414
count 40
Round:  152 Train Loss: -1.840
count 40
Round:  153 Train Loss: -1.843
centeral clustering
Global  NMI = 0.2040 ARI = 0.0977 F = 0.1433 ACC = 0.2380
count 40
Round:  154 Train Loss: -1.842
Global  NMI = 0.2234 ARI = 0.1281 F = 0.1751 ACC = 0.2807
count 40
Round:  155 Train Loss: -1.842
centeral clustering
Global  NMI = 0.2019 ARI = 0.0952 F = 0.1410 ACC = 0.2379
count 40
Round:  156 Train Loss: -1.842
count 40
Round:  157 Train Loss: -1.844
centeral clustering
Global  NMI = 0.2009 ARI = 0.0921 F = 0.1381 ACC = 0.2344
count 40
Round:  158 Train Loss: -1.841
count 40
Round:  159 Train Loss: -1.843
centeral clustering
Global  NMI = 0.1990 ARI = 0.0898 F = 0.1360 ACC = 0.2366
Global  NMI = 0.2132 ARI = 0.1131 F = 0.1627 ACC = 0.2659
count 40
Round:  160 Train Loss: -1.843
count 40
Round:  161 Train Loss: -1.843
centeral clustering
Global  NMI = 0.1984 ARI = 0.0902 F = 0.1365 ACC = 0.2366
count 40
Round:  162 Train Loss: -1.845
count 40
Round:  163 Train Loss: -1.846
centeral clustering
Global  NMI = 0.1982 ARI = 0.0899 F = 0.1362 ACC = 0.2372
count 40
Round:  164 Train Loss: -1.840
Global  NMI = 0.2135 ARI = 0.1087 F = 0.1580 ACC = 0.2659
count 40
Round:  165 Train Loss: -1.841
centeral clustering
Global  NMI = 0.1989 ARI = 0.0918 F = 0.1381 ACC = 0.2355
count 40
Round:  166 Train Loss: -1.842
count 40
Round:  167 Train Loss: -1.845
centeral clustering
Global  NMI = 0.1987 ARI = 0.0895 F = 0.1359 ACC = 0.2370
count 40
Round:  168 Train Loss: -1.839
count 40
Round:  169 Train Loss: -1.843
centeral clustering
Global  NMI = 0.1998 ARI = 0.0907 F = 0.1371 ACC = 0.2382
Global  NMI = 0.2103 ARI = 0.1126 F = 0.1625 ACC = 0.2552
count 40
Round:  170 Train Loss: -1.838
count 40
Round:  171 Train Loss: -1.837
centeral clustering
Global  NMI = 0.2020 ARI = 0.0927 F = 0.1391 ACC = 0.2386
count 40
Round:  172 Train Loss: -1.840
count 40
Round:  173 Train Loss: -1.844
centeral clustering
Global  NMI = 0.2028 ARI = 0.0940 F = 0.1401 ACC = 0.2370
count 40
Round:  174 Train Loss: -1.846
Global  NMI = 0.2107 ARI = 0.1094 F = 0.1579 ACC = 0.2705
count 40
Round:  175 Train Loss: -1.841
centeral clustering
Global  NMI = 0.1973 ARI = 0.0906 F = 0.1369 ACC = 0.2277
count 40
Round:  176 Train Loss: -1.844
count 40
Round:  177 Train Loss: -1.845
centeral clustering
Global  NMI = 0.2004 ARI = 0.0931 F = 0.1394 ACC = 0.2355
count 40
Round:  178 Train Loss: -1.848
count 40
Round:  179 Train Loss: -1.845
centeral clustering
Global  NMI = 0.1993 ARI = 0.0924 F = 0.1385 ACC = 0.2338
Global  NMI = 0.2089 ARI = 0.1084 F = 0.1587 ACC = 0.2552
count 40
Round:  180 Train Loss: -1.846
count 40
Round:  181 Train Loss: -1.848
centeral clustering
Global  NMI = 0.1964 ARI = 0.0891 F = 0.1354 ACC = 0.2252
count 40
Round:  182 Train Loss: -1.847
count 40
Round:  183 Train Loss: -1.847
centeral clustering
Global  NMI = 0.1988 ARI = 0.0915 F = 0.1377 ACC = 0.2320
count 40
Round:  184 Train Loss: -1.849
Global  NMI = 0.2119 ARI = 0.1028 F = 0.1556 ACC = 0.2497
count 40
Round:  185 Train Loss: -1.847
centeral clustering
Global  NMI = 0.1980 ARI = 0.0897 F = 0.1358 ACC = 0.2254
count 40
Round:  186 Train Loss: -1.845
count 40
Round:  187 Train Loss: -1.847
centeral clustering
Global  NMI = 0.1989 ARI = 0.0915 F = 0.1378 ACC = 0.2345
count 40
Round:  188 Train Loss: -1.844
count 40
Round:  189 Train Loss: -1.846
centeral clustering
Global  NMI = 0.1974 ARI = 0.0920 F = 0.1380 ACC = 0.2294
Global  NMI = 0.2167 ARI = 0.1032 F = 0.1557 ACC = 0.2590
count 40
Round:  190 Train Loss: -1.848
count 40
Round:  191 Train Loss: -1.843
centeral clustering
Global  NMI = 0.1986 ARI = 0.0932 F = 0.1392 ACC = 0.2309
count 40
Round:  192 Train Loss: -1.845
count 40
Round:  193 Train Loss: -1.841
centeral clustering
Global  NMI = 0.1948 ARI = 0.0897 F = 0.1361 ACC = 0.2372
count 40
Round:  194 Train Loss: -1.842
Global  NMI = 0.2268 ARI = 0.1222 F = 0.1692 ACC = 0.2898
count 40
Round:  195 Train Loss: -1.841
centeral clustering
Global  NMI = 0.2025 ARI = 0.0955 F = 0.1413 ACC = 0.2362
count 40
Round:  196 Train Loss: -1.840
count 40
Round:  197 Train Loss: -1.844
centeral clustering
