nohup: ignoring input
cuda:4
Namespace(batch_size=296, classes_per_user=8, data_root='./datasets', eta=0.06, exp_dir='./save/CCFC++/cifar100-noiid', global_lr=1, image_size=224, k=20, latent_dim=256, lbd=0.1, lr=0.0005, mini_bs=148, n_clients=200, num_proj_layers=2, num_workers=6, p=0.0, pre_hidden_dim=64, proj_hidden_dim=512, resnet='ResNet18', sample_ratio=1, seed=66, test_image_size=256, trial='v0')
59200
save//CCFC++/Cifar100/v0/model_pretrain_0_19.pt
Global  NMI = 0.1741 ARI = 0.0800 F = 0.1321 ACC = 0.2096
backbone.conv1.weight
backbone.bn1.weight
backbone.bn1.bias
backbone.bn1.running_mean
backbone.bn1.running_var
backbone.bn1.num_batches_tracked
backbone.layer1.0.conv1.weight
backbone.layer1.0.bn1.weight
backbone.layer1.0.bn1.bias
backbone.layer1.0.bn1.running_mean
backbone.layer1.0.bn1.running_var
backbone.layer1.0.bn1.num_batches_tracked
backbone.layer1.0.conv2.weight
backbone.layer1.0.bn2.weight
backbone.layer1.0.bn2.bias
backbone.layer1.0.bn2.running_mean
backbone.layer1.0.bn2.running_var
backbone.layer1.0.bn2.num_batches_tracked
backbone.layer1.1.conv1.weight
backbone.layer1.1.bn1.weight
backbone.layer1.1.bn1.bias
backbone.layer1.1.bn1.running_mean
backbone.layer1.1.bn1.running_var
backbone.layer1.1.bn1.num_batches_tracked
backbone.layer1.1.conv2.weight
backbone.layer1.1.bn2.weight
backbone.layer1.1.bn2.bias
backbone.layer1.1.bn2.running_mean
backbone.layer1.1.bn2.running_var
backbone.layer1.1.bn2.num_batches_tracked
backbone.layer2.0.conv1.weight
backbone.layer2.0.bn1.weight
backbone.layer2.0.bn1.bias
backbone.layer2.0.bn1.running_mean
backbone.layer2.0.bn1.running_var
backbone.layer2.0.bn1.num_batches_tracked
backbone.layer2.0.conv2.weight
backbone.layer2.0.bn2.weight
backbone.layer2.0.bn2.bias
backbone.layer2.0.bn2.running_mean
backbone.layer2.0.bn2.running_var
backbone.layer2.0.bn2.num_batches_tracked
backbone.layer2.0.downsample.0.weight
backbone.layer2.0.downsample.1.weight
backbone.layer2.0.downsample.1.bias
backbone.layer2.0.downsample.1.running_mean
backbone.layer2.0.downsample.1.running_var
backbone.layer2.0.downsample.1.num_batches_tracked
backbone.layer2.1.conv1.weight
backbone.layer2.1.bn1.weight
backbone.layer2.1.bn1.bias
backbone.layer2.1.bn1.running_mean
backbone.layer2.1.bn1.running_var
backbone.layer2.1.bn1.num_batches_tracked
backbone.layer2.1.conv2.weight
backbone.layer2.1.bn2.weight
backbone.layer2.1.bn2.bias
backbone.layer2.1.bn2.running_mean
backbone.layer2.1.bn2.running_var
backbone.layer2.1.bn2.num_batches_tracked
backbone.layer3.0.conv1.weight
backbone.layer3.0.bn1.weight
backbone.layer3.0.bn1.bias
backbone.layer3.0.bn1.running_mean
backbone.layer3.0.bn1.running_var
backbone.layer3.0.bn1.num_batches_tracked
backbone.layer3.0.conv2.weight
backbone.layer3.0.bn2.weight
backbone.layer3.0.bn2.bias
backbone.layer3.0.bn2.running_mean
backbone.layer3.0.bn2.running_var
backbone.layer3.0.bn2.num_batches_tracked
backbone.layer3.0.downsample.0.weight
backbone.layer3.0.downsample.1.weight
backbone.layer3.0.downsample.1.bias
backbone.layer3.0.downsample.1.running_mean
backbone.layer3.0.downsample.1.running_var
backbone.layer3.0.downsample.1.num_batches_tracked
backbone.layer3.1.conv1.weight
backbone.layer3.1.bn1.weight
backbone.layer3.1.bn1.bias
backbone.layer3.1.bn1.running_mean
backbone.layer3.1.bn1.running_var
backbone.layer3.1.bn1.num_batches_tracked
backbone.layer3.1.conv2.weight
backbone.layer3.1.bn2.weight
backbone.layer3.1.bn2.bias
backbone.layer3.1.bn2.running_mean
backbone.layer3.1.bn2.running_var
backbone.layer3.1.bn2.num_batches_tracked
backbone.layer4.0.conv1.weight
backbone.layer4.0.bn1.weight
backbone.layer4.0.bn1.bias
backbone.layer4.0.bn1.running_mean
backbone.layer4.0.bn1.running_var
backbone.layer4.0.bn1.num_batches_tracked
backbone.layer4.0.conv2.weight
backbone.layer4.0.bn2.weight
backbone.layer4.0.bn2.bias
backbone.layer4.0.bn2.running_mean
backbone.layer4.0.bn2.running_var
backbone.layer4.0.bn2.num_batches_tracked
backbone.layer4.0.downsample.0.weight
backbone.layer4.0.downsample.1.weight
backbone.layer4.0.downsample.1.bias
backbone.layer4.0.downsample.1.running_mean
backbone.layer4.0.downsample.1.running_var
backbone.layer4.0.downsample.1.num_batches_tracked
backbone.layer4.1.conv1.weight
backbone.layer4.1.bn1.weight
backbone.layer4.1.bn1.bias
backbone.layer4.1.bn1.running_mean
backbone.layer4.1.bn1.running_var
backbone.layer4.1.bn1.num_batches_tracked
backbone.layer4.1.conv2.weight
backbone.layer4.1.bn2.weight
backbone.layer4.1.bn2.bias
backbone.layer4.1.bn2.running_mean
backbone.layer4.1.bn2.running_var
backbone.layer4.1.bn2.num_batches_tracked
projector.layer1.0.weight
projector.layer1.0.bias
projector.layer1.1.weight
projector.layer1.1.bias
projector.layer1.1.running_mean
projector.layer1.1.running_var
projector.layer1.1.num_batches_tracked
projector.layer2.0.weight
projector.layer2.0.bias
projector.layer2.1.weight
projector.layer2.1.bias
projector.layer2.1.running_mean
projector.layer2.1.running_var
projector.layer2.1.num_batches_tracked
projector.layer3.0.weight
projector.layer3.0.bias
projector.layer3.1.running_mean
projector.layer3.1.running_var
projector.layer3.1.num_batches_tracked
predictor.layer1.0.weight
predictor.layer1.0.bias
predictor.layer1.1.weight
predictor.layer1.1.bias
predictor.layer1.1.running_mean
predictor.layer1.1.running_var
predictor.layer1.1.num_batches_tracked
predictor.layer2.weight
predictor.layer2.bias
count 200
Round:  0 Train Loss: -1.346
Global  NMI = 0.1805 ARI = 0.0838 F = 0.1342 ACC = 0.2138
count 200
Round:  1 Train Loss: -1.482
Global  NMI = 0.1812 ARI = 0.0799 F = 0.1337 ACC = 0.2192
count 200
Round:  2 Train Loss: -1.578
Global  NMI = 0.1765 ARI = 0.0853 F = 0.1368 ACC = 0.2045
count 200
Round:  3 Train Loss: -1.639
Global  NMI = 0.1784 ARI = 0.0831 F = 0.1329 ACC = 0.2134
count 200
Round:  4 Train Loss: -1.678
Global  NMI = 0.1798 ARI = 0.0908 F = 0.1417 ACC = 0.2171
count 200
Round:  5 Train Loss: -1.705
Global  NMI = 0.1793 ARI = 0.1008 F = 0.1486 ACC = 0.2266
count 200
Round:  6 Train Loss: -1.724
Global  NMI = 0.1830 ARI = 0.0946 F = 0.1438 ACC = 0.2266
count 200
Round:  7 Train Loss: -1.740
Global  NMI = 0.1841 ARI = 0.0930 F = 0.1427 ACC = 0.2221
count 200
Round:  8 Train Loss: -1.754
Global  NMI = 0.1832 ARI = 0.0927 F = 0.1421 ACC = 0.2099
count 200
Round:  9 Train Loss: -1.762
Global  NMI = 0.1830 ARI = 0.0904 F = 0.1404 ACC = 0.2105
count 200
Round:  10 Train Loss: -1.773
Global  NMI = 0.1839 ARI = 0.0905 F = 0.1404 ACC = 0.2123
count 200
Round:  11 Train Loss: -1.777
Global  NMI = 0.1861 ARI = 0.0935 F = 0.1426 ACC = 0.2164
count 200
Round:  12 Train Loss: -1.781
Global  NMI = 0.1818 ARI = 0.0923 F = 0.1419 ACC = 0.2137
count 200
Round:  13 Train Loss: -1.790
Global  NMI = 0.1822 ARI = 0.0880 F = 0.1371 ACC = 0.2063
count 200
Round:  14 Train Loss: -1.790
Global  NMI = 0.1820 ARI = 0.0893 F = 0.1378 ACC = 0.2129
count 200
Round:  15 Train Loss: -1.797
Global  NMI = 0.1823 ARI = 0.0899 F = 0.1387 ACC = 0.2175
count 200
Round:  16 Train Loss: -1.802
Global  NMI = 0.1815 ARI = 0.0865 F = 0.1359 ACC = 0.2068
count 200
Round:  17 Train Loss: -1.803
Global  NMI = 0.1784 ARI = 0.0872 F = 0.1364 ACC = 0.2114
count 200
Round:  18 Train Loss: -1.807
Global  NMI = 0.1777 ARI = 0.0833 F = 0.1316 ACC = 0.2191
count 200
Round:  19 Train Loss: -1.809
Global  NMI = 0.1775 ARI = 0.0904 F = 0.1383 ACC = 0.2167
count 200
Round:  20 Train Loss: -1.810
Global  NMI = 0.1780 ARI = 0.0833 F = 0.1332 ACC = 0.2070
count 200
Round:  21 Train Loss: -1.810
Global  NMI = 0.1752 ARI = 0.0871 F = 0.1363 ACC = 0.2127
count 200
Round:  22 Train Loss: -1.811
Global  NMI = 0.1766 ARI = 0.0856 F = 0.1348 ACC = 0.2108
count 200
Round:  23 Train Loss: -1.817
Global  NMI = 0.1767 ARI = 0.0883 F = 0.1367 ACC = 0.2187
count 200
Round:  24 Train Loss: -1.816
Global  NMI = 0.1747 ARI = 0.0870 F = 0.1355 ACC = 0.2159
count 200
Round:  25 Train Loss: -1.815
Global  NMI = 0.1754 ARI = 0.0817 F = 0.1324 ACC = 0.2071
count 200
Round:  26 Train Loss: -1.818
Global  NMI = 0.1736 ARI = 0.0822 F = 0.1310 ACC = 0.2050
count 200
Round:  27 Train Loss: -1.819
Global  NMI = 0.1725 ARI = 0.0810 F = 0.1304 ACC = 0.2027
count 200
Round:  28 Train Loss: -1.821
Global  NMI = 0.1720 ARI = 0.0843 F = 0.1331 ACC = 0.2114
count 200
Round:  29 Train Loss: -1.823
Global  NMI = 0.1732 ARI = 0.0816 F = 0.1317 ACC = 0.2088
count 200
Round:  30 Train Loss: -1.821
Global  NMI = 0.1712 ARI = 0.0828 F = 0.1317 ACC = 0.2093
count 200
Round:  31 Train Loss: -1.823
Global  NMI = 0.1747 ARI = 0.0750 F = 0.1264 ACC = 0.2076
count 200
Round:  32 Train Loss: -1.825
