nohup: ignoring input
cuda:5
Namespace(batch_size=300, classes_per_user=4, data_root='./datasets', eta=0.06, exp_dir='./save/CCFC/cifar10-noiid', global_lr=1, image_size=224, k=10, latent_dim=256, lbd=0.1, lr=0.0005, mini_bs=150, n_clients=200, num_proj_layers=2, num_workers=6, p=0.0, pre_hidden_dim=64, proj_hidden_dim=512, resnet='ResNet18', sample_ratio=1, seed=66, test_image_size=256, trial='v0')
save/CCFC/v4/model_pretrain_0_19.pt
Global  NMI = 0.3892 ARI = 0.2803 F = 0.3707 ACC = 0.4950
backbone.conv1.weight
backbone.bn1.weight
backbone.bn1.bias
backbone.bn1.running_mean
backbone.bn1.running_var
backbone.bn1.num_batches_tracked
backbone.layer1.0.conv1.weight
backbone.layer1.0.bn1.weight
backbone.layer1.0.bn1.bias
backbone.layer1.0.bn1.running_mean
backbone.layer1.0.bn1.running_var
backbone.layer1.0.bn1.num_batches_tracked
backbone.layer1.0.conv2.weight
backbone.layer1.0.bn2.weight
backbone.layer1.0.bn2.bias
backbone.layer1.0.bn2.running_mean
backbone.layer1.0.bn2.running_var
backbone.layer1.0.bn2.num_batches_tracked
backbone.layer1.1.conv1.weight
backbone.layer1.1.bn1.weight
backbone.layer1.1.bn1.bias
backbone.layer1.1.bn1.running_mean
backbone.layer1.1.bn1.running_var
backbone.layer1.1.bn1.num_batches_tracked
backbone.layer1.1.conv2.weight
backbone.layer1.1.bn2.weight
backbone.layer1.1.bn2.bias
backbone.layer1.1.bn2.running_mean
backbone.layer1.1.bn2.running_var
backbone.layer1.1.bn2.num_batches_tracked
backbone.layer2.0.conv1.weight
backbone.layer2.0.bn1.weight
backbone.layer2.0.bn1.bias
backbone.layer2.0.bn1.running_mean
backbone.layer2.0.bn1.running_var
backbone.layer2.0.bn1.num_batches_tracked
backbone.layer2.0.conv2.weight
backbone.layer2.0.bn2.weight
backbone.layer2.0.bn2.bias
backbone.layer2.0.bn2.running_mean
backbone.layer2.0.bn2.running_var
backbone.layer2.0.bn2.num_batches_tracked
backbone.layer2.0.downsample.0.weight
backbone.layer2.0.downsample.1.weight
backbone.layer2.0.downsample.1.bias
backbone.layer2.0.downsample.1.running_mean
backbone.layer2.0.downsample.1.running_var
backbone.layer2.0.downsample.1.num_batches_tracked
backbone.layer2.1.conv1.weight
backbone.layer2.1.bn1.weight
backbone.layer2.1.bn1.bias
backbone.layer2.1.bn1.running_mean
backbone.layer2.1.bn1.running_var
backbone.layer2.1.bn1.num_batches_tracked
backbone.layer2.1.conv2.weight
backbone.layer2.1.bn2.weight
backbone.layer2.1.bn2.bias
backbone.layer2.1.bn2.running_mean
backbone.layer2.1.bn2.running_var
backbone.layer2.1.bn2.num_batches_tracked
backbone.layer3.0.conv1.weight
backbone.layer3.0.bn1.weight
backbone.layer3.0.bn1.bias
backbone.layer3.0.bn1.running_mean
backbone.layer3.0.bn1.running_var
backbone.layer3.0.bn1.num_batches_tracked
backbone.layer3.0.conv2.weight
backbone.layer3.0.bn2.weight
backbone.layer3.0.bn2.bias
backbone.layer3.0.bn2.running_mean
backbone.layer3.0.bn2.running_var
backbone.layer3.0.bn2.num_batches_tracked
backbone.layer3.0.downsample.0.weight
backbone.layer3.0.downsample.1.weight
backbone.layer3.0.downsample.1.bias
backbone.layer3.0.downsample.1.running_mean
backbone.layer3.0.downsample.1.running_var
backbone.layer3.0.downsample.1.num_batches_tracked
backbone.layer3.1.conv1.weight
backbone.layer3.1.bn1.weight
backbone.layer3.1.bn1.bias
backbone.layer3.1.bn1.running_mean
backbone.layer3.1.bn1.running_var
backbone.layer3.1.bn1.num_batches_tracked
backbone.layer3.1.conv2.weight
backbone.layer3.1.bn2.weight
backbone.layer3.1.bn2.bias
backbone.layer3.1.bn2.running_mean
backbone.layer3.1.bn2.running_var
backbone.layer3.1.bn2.num_batches_tracked
backbone.layer4.0.conv1.weight
backbone.layer4.0.bn1.weight
backbone.layer4.0.bn1.bias
backbone.layer4.0.bn1.running_mean
backbone.layer4.0.bn1.running_var
backbone.layer4.0.bn1.num_batches_tracked
backbone.layer4.0.conv2.weight
backbone.layer4.0.bn2.weight
backbone.layer4.0.bn2.bias
backbone.layer4.0.bn2.running_mean
backbone.layer4.0.bn2.running_var
backbone.layer4.0.bn2.num_batches_tracked
backbone.layer4.0.downsample.0.weight
backbone.layer4.0.downsample.1.weight
backbone.layer4.0.downsample.1.bias
backbone.layer4.0.downsample.1.running_mean
backbone.layer4.0.downsample.1.running_var
backbone.layer4.0.downsample.1.num_batches_tracked
backbone.layer4.1.conv1.weight
backbone.layer4.1.bn1.weight
backbone.layer4.1.bn1.bias
backbone.layer4.1.bn1.running_mean
backbone.layer4.1.bn1.running_var
backbone.layer4.1.bn1.num_batches_tracked
backbone.layer4.1.conv2.weight
backbone.layer4.1.bn2.weight
backbone.layer4.1.bn2.bias
backbone.layer4.1.bn2.running_mean
backbone.layer4.1.bn2.running_var
backbone.layer4.1.bn2.num_batches_tracked
projector.layer1.0.weight
projector.layer1.0.bias
projector.layer1.1.weight
projector.layer1.1.bias
projector.layer1.1.running_mean
projector.layer1.1.running_var
projector.layer1.1.num_batches_tracked
projector.layer2.0.weight
projector.layer2.0.bias
projector.layer2.1.weight
projector.layer2.1.bias
projector.layer2.1.running_mean
projector.layer2.1.running_var
projector.layer2.1.num_batches_tracked
projector.layer3.0.weight
projector.layer3.0.bias
projector.layer3.1.running_mean
projector.layer3.1.running_var
projector.layer3.1.num_batches_tracked
predictor.layer1.0.weight
predictor.layer1.0.bias
predictor.layer1.1.weight
predictor.layer1.1.bias
predictor.layer1.1.running_mean
predictor.layer1.1.running_var
predictor.layer1.1.num_batches_tracked
predictor.layer2.weight
predictor.layer2.bias
count 200
Round:  0 Train Loss: -1.653
Global  NMI = 0.4158 ARI = 0.3362 F = 0.4069 ACC = 0.5806
count 200
Round:  1 Train Loss: -1.674
Global  NMI = 0.4240 ARI = 0.3501 F = 0.4180 ACC = 0.5924
count 200
Round:  2 Train Loss: -1.688
Global  NMI = 0.4253 ARI = 0.3537 F = 0.4208 ACC = 0.5972
count 200
Round:  3 Train Loss: -1.702
Global  NMI = 0.4282 ARI = 0.3579 F = 0.4241 ACC = 0.6007
count 200
Round:  4 Train Loss: -1.715
Global  NMI = 0.4328 ARI = 0.3651 F = 0.4302 ACC = 0.6085
count 200
Round:  5 Train Loss: -1.723
Global  NMI = 0.4335 ARI = 0.3659 F = 0.4309 ACC = 0.6091
count 200
Round:  6 Train Loss: -1.731
Global  NMI = 0.4312 ARI = 0.3670 F = 0.4315 ACC = 0.6083
count 200
Round:  7 Train Loss: -1.739
Global  NMI = 0.4306 ARI = 0.3673 F = 0.4317 ACC = 0.6092
count 200
Round:  8 Train Loss: -1.746
Global  NMI = 0.4218 ARI = 0.3571 F = 0.4225 ACC = 0.6006
count 200
Round:  9 Train Loss: -1.747
Global  NMI = 0.4210 ARI = 0.3578 F = 0.4230 ACC = 0.5997
count 200
Round:  10 Train Loss: -1.755
Global  NMI = 0.4090 ARI = 0.3450 F = 0.4123 ACC = 0.5777
count 200
Round:  11 Train Loss: -1.757
Global  NMI = 0.4081 ARI = 0.3442 F = 0.4112 ACC = 0.5768
count 200
Round:  12 Train Loss: -1.761
Global  NMI = 0.4054 ARI = 0.3402 F = 0.4079 ACC = 0.5713
count 200
Round:  13 Train Loss: -1.765
Global  NMI = 0.4049 ARI = 0.3397 F = 0.4069 ACC = 0.5842
count 200
Round:  14 Train Loss: -1.764
Global  NMI = 0.3996 ARI = 0.3333 F = 0.4022 ACC = 0.5663
count 200
Round:  15 Train Loss: -1.767
Global  NMI = 0.3971 ARI = 0.3302 F = 0.3995 ACC = 0.5625
count 200
Round:  16 Train Loss: -1.769
Global  NMI = 0.3931 ARI = 0.3244 F = 0.3946 ACC = 0.5565
count 200
Round:  17 Train Loss: -1.769
Global  NMI = 0.3857 ARI = 0.3178 F = 0.3882 ACC = 0.5504
count 200
Round:  18 Train Loss: -1.773
Global  NMI = 0.3882 ARI = 0.3208 F = 0.3916 ACC = 0.5533
count 200
Round:  19 Train Loss: -1.773
Global  NMI = 0.3870 ARI = 0.3197 F = 0.3897 ACC = 0.5537
count 200
Round:  20 Train Loss: -1.772
Global  NMI = 0.3901 ARI = 0.3223 F = 0.3928 ACC = 0.5544
count 200
Round:  21 Train Loss: -1.773
Global  NMI = 0.3792 ARI = 0.3056 F = 0.3782 ACC = 0.5441
count 200
Round:  22 Train Loss: -1.776
Global  NMI = 0.3781 ARI = 0.3037 F = 0.3772 ACC = 0.5415
count 200
Round:  23 Train Loss: -1.777
Global  NMI = 0.3839 ARI = 0.3158 F = 0.3861 ACC = 0.5479
count 200
Round:  24 Train Loss: -1.779
Global  NMI = 0.3852 ARI = 0.3180 F = 0.3884 ACC = 0.5484
count 200
Round:  25 Train Loss: -1.777
Global  NMI = 0.3763 ARI = 0.3053 F = 0.3782 ACC = 0.5425
count 200
Round:  26 Train Loss: -1.780
Global  NMI = 0.3738 ARI = 0.2984 F = 0.3727 ACC = 0.5343
count 200
Round:  27 Train Loss: -1.778
Global  NMI = 0.3701 ARI = 0.2929 F = 0.3684 ACC = 0.5332
